Unity Editor version:    2021.3.18f1 (3129e69bc0c7)
Branch:                  2021.3/staging
Build type:              Release
Batch mode:              YES
macOS version:           Version 12.1 (Build 21C52)
Darwin version:          21.2.0
Architecture:            arm64
Running under Rosetta:   NO
Available memory:        16384 MB
Using pre-set license
Pro License: YES

COMMAND LINE ARGUMENTS:
/Applications/Unity/Hub/Editor/2021.3.18f1/Unity.app/Contents/MacOS/Unity
-adb2
-batchMode
-noUpm
-name
AssetImportWorker0
-projectPath
/Users/yiwenxu/Documents/GitHub/game-jam/Granny
-logFile
Logs/AssetImportWorker0.log
-srvPort
59052
Successfully changed project path to: /Users/yiwenxu/Documents/GitHub/game-jam/Granny
/Users/yiwenxu/Documents/GitHub/game-jam/Granny
[UnityMemory] Configuration Parameters - Can be set up in boot.config
    "memorysetup-bucket-allocator-granularity=16"
    "memorysetup-bucket-allocator-bucket-count=8"
    "memorysetup-bucket-allocator-block-size=33554432"
    "memorysetup-bucket-allocator-block-count=8"
    "memorysetup-main-allocator-block-size=16777216"
    "memorysetup-thread-allocator-block-size=16777216"
    "memorysetup-gfx-main-allocator-block-size=16777216"
    "memorysetup-gfx-thread-allocator-block-size=16777216"
    "memorysetup-cache-allocator-block-size=4194304"
    "memorysetup-typetree-allocator-block-size=2097152"
    "memorysetup-profiler-bucket-allocator-granularity=16"
    "memorysetup-profiler-bucket-allocator-bucket-count=8"
    "memorysetup-profiler-bucket-allocator-block-size=33554432"
    "memorysetup-profiler-bucket-allocator-block-count=8"
    "memorysetup-profiler-allocator-block-size=16777216"
    "memorysetup-profiler-editor-allocator-block-size=1048576"
    "memorysetup-temp-allocator-size-main=16777216"
    "memorysetup-job-temp-allocator-block-size=2097152"
    "memorysetup-job-temp-allocator-block-size-background=1048576"
    "memorysetup-job-temp-allocator-reduction-small-platforms=262144"
    "memorysetup-temp-allocator-size-background-worker=32768"
    "memorysetup-temp-allocator-size-job-worker=262144"
    "memorysetup-temp-allocator-size-preload-manager=33554432"
    "memorysetup-temp-allocator-size-nav-mesh-worker=65536"
    "memorysetup-temp-allocator-size-audio-worker=65536"
    "memorysetup-temp-allocator-size-cloud-worker=32768"
    "memorysetup-temp-allocator-size-gi-baking-worker=262144"
    "memorysetup-temp-allocator-size-gfx=262144"
Player connection [4440917376] Host "[IP] 192.168.200.160 [Port] 0 [Flags] 2 [Guid] 3973687104 [EditorId] 3973687104 [Version] 1048832 [Id] OSXEditor(0,Yiwens-MacBook-Pro.local) [Debug] 1 [PackageName] OSXEditor [ProjectName] Editor" joined multi-casting on [225.0.0.222:54997]...

Player connection [4440917376] Host "[IP] 192.168.200.160 [Port] 0 [Flags] 2 [Guid] 3973687104 [EditorId] 3973687104 [Version] 1048832 [Id] OSXEditor(0,Yiwens-MacBook-Pro.local) [Debug] 1 [PackageName] OSXEditor [ProjectName] Editor" joined alternative multi-casting on [225.0.0.222:34997]...

Refreshing native plugins compatible for Editor in 63.85 ms, found 2 plugins.
Preloading 0 native plugins for Editor in 0.00 ms.
Initialize engine version: 2021.3.18f1 (3129e69bc0c7)
[Subsystems] Discovering subsystems at path /Applications/Unity/Hub/Editor/2021.3.18f1/Unity.app/Contents/Resources/UnitySubsystems
[Subsystems] Discovering subsystems at path /Users/yiwenxu/Documents/GitHub/game-jam/Granny/Assets
GfxDevice: creating device client; threaded=0; jobified=0
 preferred device: Apple M1 Pro (high power)
Metal devices available: 1
0: Apple M1 Pro (high power)
Using device Apple M1 Pro (high power)
Initializing Metal device caps: Apple M1 Pro
Initialize mono
Mono path[0] = '/Applications/Unity/Hub/Editor/2021.3.18f1/Unity.app/Contents/Managed'
Mono path[1] = '/Applications/Unity/Hub/Editor/2021.3.18f1/Unity.app/Contents/MonoBleedingEdge/lib/mono/unityjit-macos'
Mono config path = '/Applications/Unity/Hub/Editor/2021.3.18f1/Unity.app/Contents/MonoBleedingEdge/etc'
Using monoOptions --debugger-agent=transport=dt_socket,embedding=1,server=y,suspend=n,address=127.0.0.1:56525
Begin MonoManager ReloadAssembly
Registering precompiled unity dll's ...
Register platform support module: /Applications/Unity/Hub/Editor/2021.3.18f1/Unity.app/Contents/PlaybackEngines/MacStandaloneSupport/UnityEditor.OSXStandalone.Extensions.dll
Registered in 0.000690 seconds.
Native extension for OSXStandalone target not found
Refreshing native plugins compatible for Editor in 65.74 ms, found 2 plugins.
Preloading 0 native plugins for Editor in 0.00 ms.
Mono: successfully reloaded assembly
- Completed reload, in  0.396 seconds
Domain Reload Profiling:
	ReloadAssembly (396ms)
		BeginReloadAssembly (27ms)
			ExecutionOrderSort (0ms)
			DisableScriptedObjects (0ms)
			BackupInstance (0ms)
			ReleaseScriptingObjects (0ms)
			CreateAndSetChildDomain (0ms)
		EndReloadAssembly (297ms)
			LoadAssemblies (27ms)
			RebuildTransferFunctionScriptingTraits (0ms)
			SetupTypeCache (73ms)
			ReleaseScriptCaches (0ms)
			RebuildScriptCaches (20ms)
			SetupLoadedEditorAssemblies (176ms)
				LogAssemblyErrors (0ms)
				InitializePlatformSupportModulesInManaged (4ms)
				SetLoadedEditorAssemblies (0ms)
				RefreshPlugins (66ms)
				BeforeProcessingInitializeOnLoad (1ms)
				ProcessInitializeOnLoadAttributes (80ms)
				ProcessInitializeOnLoadMethodAttributes (26ms)
				AfterProcessingInitializeOnLoad (0ms)
				EditorAssembliesLoaded (0ms)
			ExecutionOrderSort2 (0ms)
			AwakeInstancesAfterBackupRestoration (0ms)
Platform modules already initialized, skipping
Registering precompiled user dll's ...
Registered in 0.001399 seconds.
Begin MonoManager ReloadAssembly
Symbol file LoadedFromMemory doesn't match image /Users/yiwenxu/Documents/GitHub/game-jam/Granny/Library/PackageCache/com.unity.visualscripting@1.8.0/Editor/VisualScripting.Core/Dependencies/YamlDotNet/Unity.VisualScripting.YamlDotNet.dll
Symbol file LoadedFromMemory doesn't match image /Users/yiwenxu/Documents/GitHub/game-jam/Granny/Library/PackageCache/com.unity.visualscripting@1.8.0/Editor/VisualScripting.Core/Dependencies/DotNetZip/Unity.VisualScripting.IonicZip.dll
Native extension for OSXStandalone target not found
Refreshing native plugins compatible for Editor in 0.39 ms, found 2 plugins.
Preloading 0 native plugins for Editor in 0.00 ms.
Mono: successfully reloaded assembly
- Completed reload, in  0.621 seconds
Domain Reload Profiling:
	ReloadAssembly (622ms)
		BeginReloadAssembly (57ms)
			ExecutionOrderSort (0ms)
			DisableScriptedObjects (3ms)
			BackupInstance (0ms)
			ReleaseScriptingObjects (0ms)
			CreateAndSetChildDomain (18ms)
		EndReloadAssembly (490ms)
			LoadAssemblies (28ms)
			RebuildTransferFunctionScriptingTraits (0ms)
			SetupTypeCache (181ms)
			ReleaseScriptCaches (0ms)
			RebuildScriptCaches (34ms)
			SetupLoadedEditorAssemblies (216ms)
				LogAssemblyErrors (0ms)
				InitializePlatformSupportModulesInManaged (2ms)
				SetLoadedEditorAssemblies (0ms)
				RefreshPlugins (0ms)
				BeforeProcessingInitializeOnLoad (53ms)
				ProcessInitializeOnLoadAttributes (148ms)
				ProcessInitializeOnLoadMethodAttributes (11ms)
				AfterProcessingInitializeOnLoad (1ms)
				EditorAssembliesLoaded (0ms)
			ExecutionOrderSort2 (0ms)
			AwakeInstancesAfterBackupRestoration (2ms)
Platform modules already initialized, skipping
========================================================================
Worker process is ready to serve import requests
Launching external process: /Applications/Unity/Hub/Editor/2021.3.18f1/Unity.app/Contents/Tools/UnityShaderCompiler
Launched and connected shader compiler UnityShaderCompiler after 0.04 seconds
Refreshing native plugins compatible for Editor in 0.38 ms, found 2 plugins.
Preloading 0 native plugins for Editor in 0.00 ms.
Unloading 3049 Unused Serialized files (Serialized files now loaded: 0)
Unloading 24 unused Assets / (89.1 KB). Loaded Objects now: 3532.
Memory consumption went from 117.2 MB to 117.2 MB.
Total: 2.329542 ms (FindLiveObjects: 0.106667 ms CreateObjectMapping: 0.034625 ms MarkObjects: 2.099542 ms  DeleteObjects: 0.087917 ms)

AssetImportParameters requested are different than current active one (requested -> active):
  custom:video-decoder-ogg-theora: a1e56fd34408186e4bbccfd4996cb3dc -> 
  custom:container-muxer-webm: aa71ff27fc2769a1b78a27578f13a17b -> 
  custom:container-demuxer-webm: 4f35f7cbe854078d1ac9338744f61a02 -> 
  custom:video-encoder-webm-vp8: eb34c28f22e8b96e1ab97ce403110664 -> 
  custom:framework-osx-AVFoundation: e770b220cccbd017edd2c1fefb359320 -> 
  custom:audio-encoder-webm-vorbis: bf7c407c2cedff20999df2af8eb42d56 -> 
  custom:container-demuxer-ogg: 62fdf1f143b41e24485cea50d1cbac27 -> 
  custom:video-decoder-webm-vp8: 9c59270c3fd7afecdb556c50c9e8de78 -> 
  custom:audio-decoder-ogg-vorbis: bf7c407c2cedff20999df2af8eb42d56 -> 
========================================================================
Received Import Request.
  Time since last request: 36046.926708 seconds.
  path: Assets/LOWPOLY-Victorian_Mansion_Pack/Materials/TEST.mat
  artifactKey: Guid(52869ec497641364aa50913e35c5f81e) Importer(815301076,1909f56bfc062723c751e8b465ee728b)
Start importing Assets/LOWPOLY-Victorian_Mansion_Pack/Materials/TEST.mat using Guid(52869ec497641364aa50913e35c5f81e) Importer(815301076,1909f56bfc062723c751e8b465ee728b)  -> (artifact id: 'fe724df518ccb8bebd71f66bf7b59ea9') in 0.087807 seconds 
========================================================================
Received Import Request.
  Time since last request: 0.000051 seconds.
  path: Assets/LOWPOLY-Victorian_Mansion_Pack/Materials/Wall_05.mat
  artifactKey: Guid(b8bb0aa845f110948b6b32fb7f7db620) Importer(815301076,1909f56bfc062723c751e8b465ee728b)
Start importing Assets/LOWPOLY-Victorian_Mansion_Pack/Materials/Wall_05.mat using Guid(b8bb0aa845f110948b6b32fb7f7db620) Importer(815301076,1909f56bfc062723c751e8b465ee728b)  -> (artifact id: '82f0dfc29dcdffa632183b5ac11b810b') in 0.007232 seconds 
========================================================================
Received Import Request.
  Time since last request: 0.000056 seconds.
  path: Assets/LOWPOLY-Victorian_Mansion_Pack/Materials/Wall_06.mat
  artifactKey: Guid(79afef2d9e9da5248b2344808c87c58d) Importer(815301076,1909f56bfc062723c751e8b465ee728b)
Start importing Assets/LOWPOLY-Victorian_Mansion_Pack/Materials/Wall_06.mat using Guid(79afef2d9e9da5248b2344808c87c58d) Importer(815301076,1909f56bfc062723c751e8b465ee728b)  -> (artifact id: '86031264c7453f6104985c46768cae97') in 0.006425 seconds 
========================================================================
Received Import Request.
  Time since last request: 0.000047 seconds.
  path: Assets/LOWPOLY-Victorian_Mansion_Pack/Materials/Wall_01.mat
  artifactKey: Guid(57b7be0c9ece3d748a207394ef19037a) Importer(815301076,1909f56bfc062723c751e8b465ee728b)
Start importing Assets/LOWPOLY-Victorian_Mansion_Pack/Materials/Wall_01.mat using Guid(57b7be0c9ece3d748a207394ef19037a) Importer(815301076,1909f56bfc062723c751e8b465ee728b)  -> (artifact id: '29553b2914687ac40e5bdaddadba80dd') in 0.005162 seconds 
========================================================================
Received Import Request.
  Time since last request: 0.851311 seconds.
  path: Assets/LOWPOLY-Victorian_Mansion_Pack/Prefabs
  artifactKey: Guid(7e7f2a0a1207aba4d95cba19509b5a28) Importer(815301076,1909f56bfc062723c751e8b465ee728b)
Start importing Assets/LOWPOLY-Victorian_Mansion_Pack/Prefabs using Guid(7e7f2a0a1207aba4d95cba19509b5a28) Importer(815301076,1909f56bfc062723c751e8b465ee728b)  -> (artifact id: '3762dc51527a67aa1df53920f854c781') in 0.000958 seconds 
========================================================================
Received Import Request.
  Time since last request: 0.029103 seconds.
  path: Assets/LOWPOLY-Victorian_Mansion_Pack/Prefabs/Bad_01.prefab
  artifactKey: Guid(e4cbb8c62ce875b4f97a4055e78a8024) Importer(815301076,1909f56bfc062723c751e8b465ee728b)
Start importing Assets/LOWPOLY-Victorian_Mansion_Pack/Prefabs/Bad_01.prefab using Guid(e4cbb8c62ce875b4f97a4055e78a8024) Importer(815301076,1909f56bfc062723c751e8b465ee728b)  -> (artifact id: '76dfaac75346c88c1ab2dd0840c91ae5') in 0.031531 seconds 
========================================================================
Received Import Request.
  Time since last request: 0.000072 seconds.
  path: Assets/LOWPOLY-Victorian_Mansion_Pack/Prefabs/Box_04.prefab
  artifactKey: Guid(5ecef9d14cb3b3d49a74c2e2768ee577) Importer(815301076,1909f56bfc062723c751e8b465ee728b)
Start importing Assets/LOWPOLY-Victorian_Mansion_Pack/Prefabs/Box_04.prefab using Guid(5ecef9d14cb3b3d49a74c2e2768ee577) Importer(815301076,1909f56bfc062723c751e8b465ee728b)  -> (artifact id: '385655796d46c355334dcd3c905f3710') in 0.005046 seconds 
========================================================================
Received Import Request.
  Time since last request: 0.000030 seconds.
  path: Assets/LOWPOLY-Victorian_Mansion_Pack/Prefabs/Bath_01.prefab
  artifactKey: Guid(22d0f9ccc7543bf4482560adae2caf38) Importer(815301076,1909f56bfc062723c751e8b465ee728b)
Start importing Assets/LOWPOLY-Victorian_Mansion_Pack/Prefabs/Bath_01.prefab using Guid(22d0f9ccc7543bf4482560adae2caf38) Importer(815301076,1909f56bfc062723c751e8b465ee728b)  -> (artifact id: '72b225ddfd9ef0f85bb3ac711b8f78f9') in 0.005046 seconds 
========================================================================
Received Import Request.
  Time since last request: 0.000036 seconds.
  path: Assets/LOWPOLY-Victorian_Mansion_Pack/Prefabs/Crane_01.prefab
  artifactKey: Guid(e225c13fcb44615418bc94dc7b3515eb) Importer(815301076,1909f56bfc062723c751e8b465ee728b)
Start importing Assets/LOWPOLY-Victorian_Mansion_Pack/Prefabs/Crane_01.prefab using Guid(e225c13fcb44615418bc94dc7b3515eb) Importer(815301076,1909f56bfc062723c751e8b465ee728b)  -> (artifact id: '1803d87e16fa088e3ad1f3612f35ba3d') in 0.004416 seconds 
========================================================================
Received Import Request.
  Time since last request: 0.000031 seconds.
  path: Assets/LOWPOLY-Victorian_Mansion_Pack/Prefabs/Box_03.prefab
  artifactKey: Guid(1da4ef060bb7a744cacbf4e4d4ceca83) Importer(815301076,1909f56bfc062723c751e8b465ee728b)
Start importing Assets/LOWPOLY-Victorian_Mansion_Pack/Prefabs/Box_03.prefab using Guid(1da4ef060bb7a744cacbf4e4d4ceca83) Importer(815301076,1909f56bfc062723c751e8b465ee728b)  -> (artifact id: '6e091c8fcb7074b65348ff3152e23943') in 0.004749 seconds 
========================================================================
Received Import Request.
  Time since last request: 0.000036 seconds.
  path: Assets/LOWPOLY-Victorian_Mansion_Pack/Prefabs/Mirror_01.prefab
  artifactKey: Guid(eb537500f69613c418e623d9384ac804) Importer(815301076,1909f56bfc062723c751e8b465ee728b)
Start importing Assets/LOWPOLY-Victorian_Mansion_Pack/Prefabs/Mirror_01.prefab using Guid(eb537500f69613c418e623d9384ac804) Importer(815301076,1909f56bfc062723c751e8b465ee728b)  -> (artifact id: '7fcd00863b986b3eeb2a8c6cdd3e3332') in 0.004491 seconds 
========================================================================
Received Import Request.
  Time since last request: 0.000036 seconds.
  path: Assets/LOWPOLY-Victorian_Mansion_Pack/Prefabs/Table_03.prefab
  artifactKey: Guid(572939d1a24798c43b6542e2d518712c) Importer(815301076,1909f56bfc062723c751e8b465ee728b)
Start importing Assets/LOWPOLY-Victorian_Mansion_Pack/Prefabs/Table_03.prefab using Guid(572939d1a24798c43b6542e2d518712c) Importer(815301076,1909f56bfc062723c751e8b465ee728b)  -> (artifact id: 'dca3b86c2afa03d9e5d7a7560c07477a') in 0.004624 seconds 
========================================================================
Received Import Request.
  Time since last request: 0.000046 seconds.
  path: Assets/LOWPOLY-Victorian_Mansion_Pack/Prefabs/Sink_01.prefab
  artifactKey: Guid(ab74c75ad1af55e4f94de1f90667ffee) Importer(815301076,1909f56bfc062723c751e8b465ee728b)
Start importing Assets/LOWPOLY-Victorian_Mansion_Pack/Prefabs/Sink_01.prefab using Guid(ab74c75ad1af55e4f94de1f90667ffee) Importer(815301076,1909f56bfc062723c751e8b465ee728b)  -> (artifact id: '7264364d2148850685d555e636995e6a') in 0.006505 seconds 
========================================================================
Received Import Request.
  Time since last request: 0.000032 seconds.
  path: Assets/LOWPOLY-Victorian_Mansion_Pack/Prefabs/Table_01.prefab
  artifactKey: Guid(144318e03bfd12341b7d0b4392f1a63c) Importer(815301076,1909f56bfc062723c751e8b465ee728b)
Start importing Assets/LOWPOLY-Victorian_Mansion_Pack/Prefabs/Table_01.prefab using Guid(144318e03bfd12341b7d0b4392f1a63c) Importer(815301076,1909f56bfc062723c751e8b465ee728b)  -> (artifact id: '87eab389e04b2ebdbcf37614d4188f2b') in 0.004976 seconds 
========================================================================
Received Import Request.
  Time since last request: 0.000045 seconds.
  path: Assets/LOWPOLY-Victorian_Mansion_Pack/Prefabs/Box_02.prefab
  artifactKey: Guid(5f1769b99aa2e2444a611e33836e5ff8) Importer(815301076,1909f56bfc062723c751e8b465ee728b)
Start importing Assets/LOWPOLY-Victorian_Mansion_Pack/Prefabs/Box_02.prefab using Guid(5f1769b99aa2e2444a611e33836e5ff8) Importer(815301076,1909f56bfc062723c751e8b465ee728b)  -> (artifact id: '44a1fa5c036bcc265ec3ddaca1d6f0e5') in 0.005765 seconds 
========================================================================
Received Import Request.
  Time since last request: 0.000043 seconds.
  path: Assets/LOWPOLY-Victorian_Mansion_Pack/Prefabs/Table_02.prefab
  artifactKey: Guid(d1d37c9892966eb4ea3b8ffd072983e8) Importer(815301076,1909f56bfc062723c751e8b465ee728b)
Start importing Assets/LOWPOLY-Victorian_Mansion_Pack/Prefabs/Table_02.prefab using Guid(d1d37c9892966eb4ea3b8ffd072983e8) Importer(815301076,1909f56bfc062723c751e8b465ee728b)  -> (artifact id: 'e928e75260ad3061b5a32d68bcd15c30') in 0.003839 seconds 
========================================================================
Received Import Request.
  Time since last request: 0.000035 seconds.
  path: Assets/LOWPOLY-Victorian_Mansion_Pack/Prefabs/Lamp_02.prefab
  artifactKey: Guid(5001f2c1007d5184788e4c8fb14bc7fb) Importer(815301076,1909f56bfc062723c751e8b465ee728b)
Start importing Assets/LOWPOLY-Victorian_Mansion_Pack/Prefabs/Lamp_02.prefab using Guid(5001f2c1007d5184788e4c8fb14bc7fb) Importer(815301076,1909f56bfc062723c751e8b465ee728b)  -> (artifact id: '3763b5c8f65589f181465e3fdcbbb297') in 0.228268 seconds 
========================================================================
Received Import Request.
  Time since last request: 0.000039 seconds.
  path: Assets/LOWPOLY-Victorian_Mansion_Pack/Prefabs/Bag_01.prefab
  artifactKey: Guid(a179d3cb0f34678468d552545cf1d0ec) Importer(815301076,1909f56bfc062723c751e8b465ee728b)
Start importing Assets/LOWPOLY-Victorian_Mansion_Pack/Prefabs/Bag_01.prefab using Guid(a179d3cb0f34678468d552545cf1d0ec) Importer(815301076,1909f56bfc062723c751e8b465ee728b)  -> (artifact id: 'f2c277707003dcbabd4efd85f2598c8c') in 0.004693 seconds 
========================================================================
Received Import Request.
  Time since last request: 0.000056 seconds.
  path: Assets/LOWPOLY-Victorian_Mansion_Pack/Prefabs/Knife_01.prefab
  artifactKey: Guid(8237b008f90e2734e8517762897651d1) Importer(815301076,1909f56bfc062723c751e8b465ee728b)
Start importing Assets/LOWPOLY-Victorian_Mansion_Pack/Prefabs/Knife_01.prefab using Guid(8237b008f90e2734e8517762897651d1) Importer(815301076,1909f56bfc062723c751e8b465ee728b)  -> (artifact id: '602599fcbd4f79775786b103a6b715fe') in 0.006326 seconds 
========================================================================
Received Import Request.
  Time since last request: 0.000050 seconds.
  path: Assets/LOWPOLY-Victorian_Mansion_Pack/Prefabs/Pelvis_01.prefab
  artifactKey: Guid(33f838cdf0a983e4eb7bad232c2a4617) Importer(815301076,1909f56bfc062723c751e8b465ee728b)
Start importing Assets/LOWPOLY-Victorian_Mansion_Pack/Prefabs/Pelvis_01.prefab using Guid(33f838cdf0a983e4eb7bad232c2a4617) Importer(815301076,1909f56bfc062723c751e8b465ee728b)  -> (artifact id: '85d9b14e8e1c76ac5ccd64d125664a9b') in 0.006203 seconds 
========================================================================
Received Import Request.
  Time since last request: 0.000049 seconds.
  path: Assets/LOWPOLY-Victorian_Mansion_Pack/Prefabs/Switch_01.prefab
  artifactKey: Guid(7537f5e42ad4e0c4fb9d8ade78f4a531) Importer(815301076,1909f56bfc062723c751e8b465ee728b)
Start importing Assets/LOWPOLY-Victorian_Mansion_Pack/Prefabs/Switch_01.prefab using Guid(7537f5e42ad4e0c4fb9d8ade78f4a531) Importer(815301076,1909f56bfc062723c751e8b465ee728b)  -> (artifact id: 'd4a4a4fffd0fc4f0fa0474d2407443c1') in 0.004449 seconds 
========================================================================
Received Import Request.
  Time since last request: 0.000038 seconds.
  path: Assets/LOWPOLY-Victorian_Mansion_Pack/Prefabs/Picture_01.prefab
  artifactKey: Guid(dad3a3d8b7420774db4b64bbab9d17aa) Importer(815301076,1909f56bfc062723c751e8b465ee728b)
Start importing Assets/LOWPOLY-Victorian_Mansion_Pack/Prefabs/Picture_01.prefab using Guid(dad3a3d8b7420774db4b64bbab9d17aa) Importer(815301076,1909f56bfc062723c751e8b465ee728b)  -> (artifact id: '83fa41f0ece64e56d1a50c915507cbac') in 0.007195 seconds 
========================================================================
Received Import Request.
  Time since last request: 0.000053 seconds.
  path: Assets/LOWPOLY-Victorian_Mansion_Pack/Prefabs/Plate_01.prefab
  artifactKey: Guid(92de758fdc635404784bb538e9911488) Importer(815301076,1909f56bfc062723c751e8b465ee728b)
Start importing Assets/LOWPOLY-Victorian_Mansion_Pack/Prefabs/Plate_01.prefab using Guid(92de758fdc635404784bb538e9911488) Importer(815301076,1909f56bfc062723c751e8b465ee728b)  -> (artifact id: '817a1af19c55f048e9279c6f57913e99') in 0.004188 seconds 
========================================================================
Received Import Request.
  Time since last request: 0.000045 seconds.
  path: Assets/LOWPOLY-Victorian_Mansion_Pack/Prefabs/Vase_02.prefab
  artifactKey: Guid(980dd5f4dd2b4e94c91cc8b1ac4813dd) Importer(815301076,1909f56bfc062723c751e8b465ee728b)
Start importing Assets/LOWPOLY-Victorian_Mansion_Pack/Prefabs/Vase_02.prefab using Guid(980dd5f4dd2b4e94c91cc8b1ac4813dd) Importer(815301076,1909f56bfc062723c751e8b465ee728b)  -> (artifact id: '08f33b14cfdf90fa85befcd2615b942f') in 0.004142 seconds 
========================================================================
Received Import Request.
  Time since last request: 0.000038 seconds.
  path: Assets/LOWPOLY-Victorian_Mansion_Pack/Prefabs/Shelf_01.prefab
  artifactKey: Guid(943139fac533dc146bdb5383c2b158f0) Importer(815301076,1909f56bfc062723c751e8b465ee728b)
Start importing Assets/LOWPOLY-Victorian_Mansion_Pack/Prefabs/Shelf_01.prefab using Guid(943139fac533dc146bdb5383c2b158f0) Importer(815301076,1909f56bfc062723c751e8b465ee728b)  -> (artifact id: 'cc8ca4f9566f6c33b18570c7fec4f4f4') in 0.004012 seconds 
========================================================================
Received Import Request.
  Time since last request: 0.554848 seconds.
  path: Assets/LOWPOLY-Victorian_Mansion_Pack/Prefabs/Wardrobe_01.prefab
  artifactKey: Guid(efffaa057101a9945ac396271337fa81) Importer(815301076,1909f56bfc062723c751e8b465ee728b)
Start importing Assets/LOWPOLY-Victorian_Mansion_Pack/Prefabs/Wardrobe_01.prefab using Guid(efffaa057101a9945ac396271337fa81) Importer(815301076,1909f56bfc062723c751e8b465ee728b)  -> (artifact id: '9b6378e7ba50dc2379c5051f3191936f') in 0.022041 seconds 
========================================================================
Received Import Request.
  Time since last request: 0.000040 seconds.
  path: Assets/LOWPOLY-Victorian_Mansion_Pack/Prefabs/Wardrobe_04.prefab
  artifactKey: Guid(e0917045823a5124697fef49ebc31dbe) Importer(815301076,1909f56bfc062723c751e8b465ee728b)
Start importing Assets/LOWPOLY-Victorian_Mansion_Pack/Prefabs/Wardrobe_04.prefab using Guid(e0917045823a5124697fef49ebc31dbe) Importer(815301076,1909f56bfc062723c751e8b465ee728b)  -> (artifact id: '83b7b45d837b3fbe47ab243afc710814') in 0.004954 seconds 
========================================================================
Received Import Request.
  Time since last request: 0.000040 seconds.
  path: Assets/LOWPOLY-Victorian_Mansion_Pack/Prefabs/WKitchen_01.prefab
  artifactKey: Guid(798eb4b2f5d1c2e4693c0eed3738777e) Importer(815301076,1909f56bfc062723c751e8b465ee728b)
Start importing Assets/LOWPOLY-Victorian_Mansion_Pack/Prefabs/WKitchen_01.prefab using Guid(798eb4b2f5d1c2e4693c0eed3738777e) Importer(815301076,1909f56bfc062723c751e8b465ee728b)  -> (artifact id: 'b7162780c39f7159dee813dc397cfd4a') in 0.006517 seconds 
========================================================================
Received Import Request.
  Time since last request: 1.854570 seconds.
  path: Assets/LOWPOLY-Victorian_Mansion_Pack/Materials/Book_01.mat
  artifactKey: Guid(1aaee9717c7558d44a4ee44648e1027c) Importer(815301076,1909f56bfc062723c751e8b465ee728b)
Start importing Assets/LOWPOLY-Victorian_Mansion_Pack/Materials/Book_01.mat using Guid(1aaee9717c7558d44a4ee44648e1027c) Importer(815301076,1909f56bfc062723c751e8b465ee728b)  -> (artifact id: 'f2959252422d5130592efd32fb6f69c3') in 0.012243 seconds 
========================================================================
Received Import Request.
  Time since last request: 0.000055 seconds.
  path: Assets/LOWPOLY-Victorian_Mansion_Pack/Materials/Floor_01_01.mat
  artifactKey: Guid(bf39b914971821844a42bdf3d510e007) Importer(815301076,1909f56bfc062723c751e8b465ee728b)
Start importing Assets/LOWPOLY-Victorian_Mansion_Pack/Materials/Floor_01_01.mat using Guid(bf39b914971821844a42bdf3d510e007) Importer(815301076,1909f56bfc062723c751e8b465ee728b)  -> (artifact id: '72b25d38db94d9400ac90284d80ec274') in 0.007503 seconds 
========================================================================
Received Import Request.
  Time since last request: 0.000043 seconds.
  path: Assets/LOWPOLY-Victorian_Mansion_Pack/Materials/Floor_01.mat
  artifactKey: Guid(b94e783d0fbab4c449f64399611551b0) Importer(815301076,1909f56bfc062723c751e8b465ee728b)
Start importing Assets/LOWPOLY-Victorian_Mansion_Pack/Materials/Floor_01.mat using Guid(b94e783d0fbab4c449f64399611551b0) Importer(815301076,1909f56bfc062723c751e8b465ee728b)  -> (artifact id: '4126a7207c0f8b31b916f41cbaf88c3e') in 0.008117 seconds 
========================================================================
Received Import Request.
  Time since last request: 0.000034 seconds.
  path: Assets/LOWPOLY-Victorian_Mansion_Pack/Materials/Floor_02.mat
  artifactKey: Guid(6f1904c5571c6ff49a7a712fb09e8b20) Importer(815301076,1909f56bfc062723c751e8b465ee728b)
Start importing Assets/LOWPOLY-Victorian_Mansion_Pack/Materials/Floor_02.mat using Guid(6f1904c5571c6ff49a7a712fb09e8b20) Importer(815301076,1909f56bfc062723c751e8b465ee728b)  -> (artifact id: 'f21ff6d61ab3e5205d37810c1c2cb7f4') in 0.005702 seconds 
========================================================================
Received Import Request.
  Time since last request: 4.459118 seconds.
  path: Assets/LOWPOLY-Victorian_Mansion_Pack/Materials/SkyBoxs/SkyBox_Day.mat
  artifactKey: Guid(2a164259a925fff47b3e321c4dd5db0b) Importer(815301076,1909f56bfc062723c751e8b465ee728b)
Start importing Assets/LOWPOLY-Victorian_Mansion_Pack/Materials/SkyBoxs/SkyBox_Day.mat using Guid(2a164259a925fff47b3e321c4dd5db0b) Importer(815301076,1909f56bfc062723c751e8b465ee728b)  -> (artifact id: '958d0607796e4d9bee34db5c342756bb') in 0.111321 seconds 
========================================================================
Received Import Request.
  Time since last request: 1.391678 seconds.
  path: Assets/LOWPOLY-Victorian_Mansion_Pack/Materials/Pictures/Picture_01.mat
  artifactKey: Guid(929b1bf91dea9ea46a99b8c219b11699) Importer(815301076,1909f56bfc062723c751e8b465ee728b)
Start importing Assets/LOWPOLY-Victorian_Mansion_Pack/Materials/Pictures/Picture_01.mat using Guid(929b1bf91dea9ea46a99b8c219b11699) Importer(815301076,1909f56bfc062723c751e8b465ee728b)  -> (artifact id: '22cab88f857d3648777072df13f33646') in 0.014149 seconds 
========================================================================
Received Import Request.
  Time since last request: 9.442048 seconds.
  path: Assets/LOWPOLY-Victorian_Mansion_Pack/Textures/Book.png
  artifactKey: Guid(c0227712fdde7314da9a7e6b79c617e3) Importer(815301076,1909f56bfc062723c751e8b465ee728b)
Start importing Assets/LOWPOLY-Victorian_Mansion_Pack/Textures/Book.png using Guid(c0227712fdde7314da9a7e6b79c617e3) Importer(815301076,1909f56bfc062723c751e8b465ee728b)  -> (artifact id: 'ee0688899d5d41c1053189bb47c1db81') in 0.050673 seconds 
========================================================================
Received Import Request.
  Time since last request: 0.000044 seconds.
  path: Assets/LOWPOLY-Victorian_Mansion_Pack/Textures/Picture_01.png
  artifactKey: Guid(7f92bf5cdba5cab43bf111b08718e366) Importer(815301076,1909f56bfc062723c751e8b465ee728b)
Start importing Assets/LOWPOLY-Victorian_Mansion_Pack/Textures/Picture_01.png using Guid(7f92bf5cdba5cab43bf111b08718e366) Importer(815301076,1909f56bfc062723c751e8b465ee728b)  -> (artifact id: '1d3f06dd732b4f9cc3c3f0e46a53c553') in 0.007035 seconds 
========================================================================
Received Import Request.
  Time since last request: 0.000027 seconds.
  path: Assets/LOWPOLY-Victorian_Mansion_Pack/Textures/Color_02_n.png
  artifactKey: Guid(35905a173a432204fa3b5117e09f77e4) Importer(815301076,1909f56bfc062723c751e8b465ee728b)
Start importing Assets/LOWPOLY-Victorian_Mansion_Pack/Textures/Color_02_n.png using Guid(35905a173a432204fa3b5117e09f77e4) Importer(815301076,1909f56bfc062723c751e8b465ee728b)  -> (artifact id: '901248658fb7a3874a1a09992e4a042b') in 0.005895 seconds 
========================================================================
Received Import Request.
  Time since last request: 0.000040 seconds.
  path: Assets/LOWPOLY-Victorian_Mansion_Pack/Textures/Wall_02.png
  artifactKey: Guid(626c07269ce99b74c98e248a23e53ad5) Importer(815301076,1909f56bfc062723c751e8b465ee728b)
Start importing Assets/LOWPOLY-Victorian_Mansion_Pack/Textures/Wall_02.png using Guid(626c07269ce99b74c98e248a23e53ad5) Importer(815301076,1909f56bfc062723c751e8b465ee728b)  -> (artifact id: '196097519910dc0c4c488ddad61670be') in 0.004201 seconds 
========================================================================
Received Import Request.
  Time since last request: 0.000046 seconds.
  path: Assets/LOWPOLY-Victorian_Mansion_Pack/Textures/Roof_01.png
  artifactKey: Guid(4b0a3f9e77b80734bb04a6d1577f7c66) Importer(815301076,1909f56bfc062723c751e8b465ee728b)
Start importing Assets/LOWPOLY-Victorian_Mansion_Pack/Textures/Roof_01.png using Guid(4b0a3f9e77b80734bb04a6d1577f7c66) Importer(815301076,1909f56bfc062723c751e8b465ee728b)  -> (artifact id: '13b0e2b8622529ff75d299a342ead255') in 0.003625 seconds 
========================================================================
Received Import Request.
  Time since last request: 0.000053 seconds.
  path: Assets/LOWPOLY-Victorian_Mansion_Pack/Textures/Wall_03.png
  artifactKey: Guid(6ff9281eafece1444be9cc7f41cade4c) Importer(815301076,1909f56bfc062723c751e8b465ee728b)
Start importing Assets/LOWPOLY-Victorian_Mansion_Pack/Textures/Wall_03.png using Guid(6ff9281eafece1444be9cc7f41cade4c) Importer(815301076,1909f56bfc062723c751e8b465ee728b)  -> (artifact id: 'fca2ea8c889400d5f28a2c46bb15cec8') in 0.003973 seconds 
========================================================================
Received Import Request.
  Time since last request: 0.000047 seconds.
  path: Assets/LOWPOLY-Victorian_Mansion_Pack/Textures/Wall_05.png
  artifactKey: Guid(ea86285137c41044a8d5685a64950777) Importer(815301076,1909f56bfc062723c751e8b465ee728b)
Start importing Assets/LOWPOLY-Victorian_Mansion_Pack/Textures/Wall_05.png using Guid(ea86285137c41044a8d5685a64950777) Importer(815301076,1909f56bfc062723c751e8b465ee728b)  -> (artifact id: '9218ba9e273a71fea1f3d00e590b353d') in 0.005226 seconds 
========================================================================
Received Import Request.
  Time since last request: 2.559935 seconds.
  path: Assets/LOWPOLY-Victorian_Mansion_Pack/Models/Bad_01.FBX
  artifactKey: Guid(bb635da728fbc9349ad4fe069c35845c) Importer(815301076,1909f56bfc062723c751e8b465ee728b)
Start importing Assets/LOWPOLY-Victorian_Mansion_Pack/Models/Bad_01.FBX using Guid(bb635da728fbc9349ad4fe069c35845c) Importer(815301076,1909f56bfc062723c751e8b465ee728b)  -> (artifact id: 'decb6a0b55264be9f8627b5fb6ddbb01') in 0.227023 seconds 
========================================================================
Received Import Request.
  Time since last request: 0.000102 seconds.
  path: Assets/LOWPOLY-Victorian_Mansion_Pack/Models/Bank_01.FBX
  artifactKey: Guid(5a6dba265480092439478e2ee7604a22) Importer(815301076,1909f56bfc062723c751e8b465ee728b)
Start importing Assets/LOWPOLY-Victorian_Mansion_Pack/Models/Bank_01.FBX using Guid(5a6dba265480092439478e2ee7604a22) Importer(815301076,1909f56bfc062723c751e8b465ee728b)  -> (artifact id: '07778ed56e047de9813b9c5ea67bf08b') in 0.006433 seconds 
========================================================================
Received Import Request.
  Time since last request: 0.000033 seconds.
  path: Assets/LOWPOLY-Victorian_Mansion_Pack/Models/Lamp_01.FBX
  artifactKey: Guid(cabf79e8e393f344eba2f13f3842a59b) Importer(815301076,1909f56bfc062723c751e8b465ee728b)
Start importing Assets/LOWPOLY-Victorian_Mansion_Pack/Models/Lamp_01.FBX using Guid(cabf79e8e393f344eba2f13f3842a59b) Importer(815301076,1909f56bfc062723c751e8b465ee728b)  -> (artifact id: '57b298c2df39c68fb1c9cc405e087286') in 0.006971 seconds 
========================================================================
Received Import Request.
  Time since last request: 0.000037 seconds.
  path: Assets/LOWPOLY-Victorian_Mansion_Pack/Models/Door_Handle_01.FBX
  artifactKey: Guid(e3d45b2bf0eb2ea418a9748e7e197061) Importer(815301076,1909f56bfc062723c751e8b465ee728b)
Start importing Assets/LOWPOLY-Victorian_Mansion_Pack/Models/Door_Handle_01.FBX using Guid(e3d45b2bf0eb2ea418a9748e7e197061) Importer(815301076,1909f56bfc062723c751e8b465ee728b)  -> (artifact id: 'a8496cb798a6782c7e911bf7e59250fa') in 0.006538 seconds 
========================================================================
Received Import Request.
  Time since last request: 0.000042 seconds.
  path: Assets/LOWPOLY-Victorian_Mansion_Pack/Models/Book.FBX
  artifactKey: Guid(c5f3bf7451caecf41b9d98726d5caae7) Importer(815301076,1909f56bfc062723c751e8b465ee728b)
Start importing Assets/LOWPOLY-Victorian_Mansion_Pack/Models/Book.FBX using Guid(c5f3bf7451caecf41b9d98726d5caae7) Importer(815301076,1909f56bfc062723c751e8b465ee728b)  -> (artifact id: '443dff2b2d93a94ad84951e553e31f1d') in 0.005753 seconds 
========================================================================
Received Import Request.
  Time since last request: 0.000063 seconds.
  path: Assets/LOWPOLY-Victorian_Mansion_Pack/Models/Fork.FBX
  artifactKey: Guid(fe8e7e265a486314b80d68f712fe61fd) Importer(815301076,1909f56bfc062723c751e8b465ee728b)
Start importing Assets/LOWPOLY-Victorian_Mansion_Pack/Models/Fork.FBX using Guid(fe8e7e265a486314b80d68f712fe61fd) Importer(815301076,1909f56bfc062723c751e8b465ee728b)  -> (artifact id: '13b99f1e68b1b5e96c9f97d1730d1c5b') in 0.005847 seconds 
========================================================================
Received Import Request.
  Time since last request: 0.000059 seconds.
  path: Assets/LOWPOLY-Victorian_Mansion_Pack/Models/Lamp.FBX
  artifactKey: Guid(4cc824310d3a09c498340aceb60fd793) Importer(815301076,1909f56bfc062723c751e8b465ee728b)
Start importing Assets/LOWPOLY-Victorian_Mansion_Pack/Models/Lamp.FBX using Guid(4cc824310d3a09c498340aceb60fd793) Importer(815301076,1909f56bfc062723c751e8b465ee728b)  -> (artifact id: 'b04b6203cf6d5b54103ac4d983db95d6') in 0.009979 seconds 
========================================================================
Received Import Request.
  Time since last request: 0.000039 seconds.
  path: Assets/LOWPOLY-Victorian_Mansion_Pack/Models/Bag_02.FBX
  artifactKey: Guid(7ecc1b711e3d8a94a8613fae1aa6d6d5) Importer(815301076,1909f56bfc062723c751e8b465ee728b)
Start importing Assets/LOWPOLY-Victorian_Mansion_Pack/Models/Bag_02.FBX using Guid(7ecc1b711e3d8a94a8613fae1aa6d6d5) Importer(815301076,1909f56bfc062723c751e8b465ee728b)  -> (artifact id: 'f42bd99212500a0ae2dd1a0ff3891fae') in 0.007007 seconds 
========================================================================
Received Import Request.
  Time since last request: 0.000069 seconds.
  path: Assets/LOWPOLY-Victorian_Mansion_Pack/Models/Knife.FBX
  artifactKey: Guid(c4e218be0c6fedb40a3151f0e1ca4dc9) Importer(815301076,1909f56bfc062723c751e8b465ee728b)
Start importing Assets/LOWPOLY-Victorian_Mansion_Pack/Models/Knife.FBX using Guid(c4e218be0c6fedb40a3151f0e1ca4dc9) Importer(815301076,1909f56bfc062723c751e8b465ee728b)  -> (artifact id: 'ade91a0c516e5790bcd7e450370ab2cb') in 0.007178 seconds 
========================================================================
Received Import Request.
  Time since last request: 0.000034 seconds.
  path: Assets/LOWPOLY-Victorian_Mansion_Pack/Models/Floor_A.FBX
  artifactKey: Guid(d561e9190400dc0489e9f69fe6f6940f) Importer(815301076,1909f56bfc062723c751e8b465ee728b)
Start importing Assets/LOWPOLY-Victorian_Mansion_Pack/Models/Floor_A.FBX using Guid(d561e9190400dc0489e9f69fe6f6940f) Importer(815301076,1909f56bfc062723c751e8b465ee728b)  -> (artifact id: 'b7edae854972b2c37a62cb504be850b1') in 0.006698 seconds 
========================================================================
Received Import Request.
  Time since last request: 0.000045 seconds.
  path: Assets/LOWPOLY-Victorian_Mansion_Pack/Models/Floor.FBX
  artifactKey: Guid(0a2d25b1d3bbd294f8da9c5c94b7533b) Importer(815301076,1909f56bfc062723c751e8b465ee728b)
Start importing Assets/LOWPOLY-Victorian_Mansion_Pack/Models/Floor.FBX using Guid(0a2d25b1d3bbd294f8da9c5c94b7533b) Importer(815301076,1909f56bfc062723c751e8b465ee728b)  -> (artifact id: 'b196006927bb33d76f1689d952c08faa') in 0.005402 seconds 
========================================================================
Received Import Request.
  Time since last request: 0.000040 seconds.
  path: Assets/LOWPOLY-Victorian_Mansion_Pack/Models/Curtains.FBX
  artifactKey: Guid(02b993f10d5471e41b16cc5f6ed7f704) Importer(815301076,1909f56bfc062723c751e8b465ee728b)
Start importing Assets/LOWPOLY-Victorian_Mansion_Pack/Models/Curtains.FBX using Guid(02b993f10d5471e41b16cc5f6ed7f704) Importer(815301076,1909f56bfc062723c751e8b465ee728b)  -> (artifact id: 'fcf209fd6ae39460db45bc1e68a37ea2') in 0.022069 seconds 
========================================================================
Received Import Request.
  Time since last request: 0.000048 seconds.
  path: Assets/LOWPOLY-Victorian_Mansion_Pack/Models/Door_01.FBX
  artifactKey: Guid(e432d300524385e459f5c0ee6f62e21f) Importer(815301076,1909f56bfc062723c751e8b465ee728b)
Start importing Assets/LOWPOLY-Victorian_Mansion_Pack/Models/Door_01.FBX using Guid(e432d300524385e459f5c0ee6f62e21f) Importer(815301076,1909f56bfc062723c751e8b465ee728b)  -> (artifact id: 'caf4044e6f1069e29e799f89565b7efb') in 0.008464 seconds 
========================================================================
Received Import Request.
  Time since last request: 0.000036 seconds.
  path: Assets/LOWPOLY-Victorian_Mansion_Pack/Models/Ext_Found_Corner.FBX
  artifactKey: Guid(9595a22e89fa46c49b69591b85114e7c) Importer(815301076,1909f56bfc062723c751e8b465ee728b)
Start importing Assets/LOWPOLY-Victorian_Mansion_Pack/Models/Ext_Found_Corner.FBX using Guid(9595a22e89fa46c49b69591b85114e7c) Importer(815301076,1909f56bfc062723c751e8b465ee728b)  -> (artifact id: '3089bb66b5b95b4d1b4bedd0610e0aa5') in 0.006526 seconds 
========================================================================
Received Import Request.
  Time since last request: 0.000040 seconds.
  path: Assets/LOWPOLY-Victorian_Mansion_Pack/Models/Mirror_01.FBX
  artifactKey: Guid(00379b3a043dcb740b586664bc99feb6) Importer(815301076,1909f56bfc062723c751e8b465ee728b)
Start importing Assets/LOWPOLY-Victorian_Mansion_Pack/Models/Mirror_01.FBX using Guid(00379b3a043dcb740b586664bc99feb6) Importer(815301076,1909f56bfc062723c751e8b465ee728b)  -> (artifact id: '0d0fd8b8636cfe96bc0c37f45cab718f') in 0.007194 seconds 
========================================================================
Received Import Request.
  Time since last request: 0.000034 seconds.
  path: Assets/LOWPOLY-Victorian_Mansion_Pack/Models/Picture.FBX
  artifactKey: Guid(0a53dc2c097dbcb4295e3438d85fe8d5) Importer(815301076,1909f56bfc062723c751e8b465ee728b)
Start importing Assets/LOWPOLY-Victorian_Mansion_Pack/Models/Picture.FBX using Guid(0a53dc2c097dbcb4295e3438d85fe8d5) Importer(815301076,1909f56bfc062723c751e8b465ee728b)  -> (artifact id: 'cc0ec3c4b2d4b8268fd2f56acd9cb66e') in 0.006935 seconds 
========================================================================
Received Import Request.
  Time since last request: 0.645708 seconds.
  path: Assets/LOWPOLY-Victorian_Mansion_Pack/Models/Plinth_Up.FBX
  artifactKey: Guid(67201baf068263d49939d3c3acf3dc8c) Importer(815301076,1909f56bfc062723c751e8b465ee728b)
Start importing Assets/LOWPOLY-Victorian_Mansion_Pack/Models/Plinth_Up.FBX using Guid(67201baf068263d49939d3c3acf3dc8c) Importer(815301076,1909f56bfc062723c751e8b465ee728b)  -> (artifact id: '44ce0b88f46834400c729ecc2e5b5f29') in 0.013191 seconds 
========================================================================
Received Import Request.
  Time since last request: 0.000064 seconds.
  path: Assets/LOWPOLY-Victorian_Mansion_Pack/Models/Shelf_01.FBX
  artifactKey: Guid(bd93dfde9610c26418b8b501f1c70175) Importer(815301076,1909f56bfc062723c751e8b465ee728b)
Start importing Assets/LOWPOLY-Victorian_Mansion_Pack/Models/Shelf_01.FBX using Guid(bd93dfde9610c26418b8b501f1c70175) Importer(815301076,1909f56bfc062723c751e8b465ee728b)  -> (artifact id: 'd4069bff05ab8334a5a13755d2b78481') in 0.009471 seconds 
========================================================================
Received Import Request.
  Time since last request: 0.000046 seconds.
  path: Assets/LOWPOLY-Victorian_Mansion_Pack/Models/Table_01.FBX
  artifactKey: Guid(61befde2710371345ac8f910b15bb344) Importer(815301076,1909f56bfc062723c751e8b465ee728b)
Start importing Assets/LOWPOLY-Victorian_Mansion_Pack/Models/Table_01.FBX using Guid(61befde2710371345ac8f910b15bb344) Importer(815301076,1909f56bfc062723c751e8b465ee728b)  -> (artifact id: '3454174dc392209a6a382e2c81f07dd4') in 0.009059 seconds 
========================================================================
Received Import Request.
  Time since last request: 0.000045 seconds.
  path: Assets/LOWPOLY-Victorian_Mansion_Pack/Models/Roof_Border_02.FBX
  artifactKey: Guid(bab20d5eb95b2af4fb5a9cb57e9b12be) Importer(815301076,1909f56bfc062723c751e8b465ee728b)
Start importing Assets/LOWPOLY-Victorian_Mansion_Pack/Models/Roof_Border_02.FBX using Guid(bab20d5eb95b2af4fb5a9cb57e9b12be) Importer(815301076,1909f56bfc062723c751e8b465ee728b)  -> (artifact id: '69425f6272667d861247e316135abcac') in 0.007801 seconds 
========================================================================
Received Import Request.
  Time since last request: 0.000042 seconds.
  path: Assets/LOWPOLY-Victorian_Mansion_Pack/Models/Wall_A.FBX
  artifactKey: Guid(7b05a4381a06880409ce25da1e2d6d34) Importer(815301076,1909f56bfc062723c751e8b465ee728b)
Start importing Assets/LOWPOLY-Victorian_Mansion_Pack/Models/Wall_A.FBX using Guid(7b05a4381a06880409ce25da1e2d6d34) Importer(815301076,1909f56bfc062723c751e8b465ee728b)  -> (artifact id: 'a575e228e9d5d16000a79906e9716462') in 0.007790 seconds 
========================================================================
Received Import Request.
  Time since last request: 0.000075 seconds.
  path: Assets/LOWPOLY-Victorian_Mansion_Pack/Models/Stair_01.FBX
  artifactKey: Guid(2f38a9de48f16ec4b89b09c98c5d9f6d) Importer(815301076,1909f56bfc062723c751e8b465ee728b)
Start importing Assets/LOWPOLY-Victorian_Mansion_Pack/Models/Stair_01.FBX using Guid(2f38a9de48f16ec4b89b09c98c5d9f6d) Importer(815301076,1909f56bfc062723c751e8b465ee728b)  -> (artifact id: '9e4328670b8939a89bf0032a6e300547') in 0.006406 seconds 
========================================================================
Received Import Request.
  Time since last request: 0.000042 seconds.
  path: Assets/LOWPOLY-Victorian_Mansion_Pack/Models/Roof_02.FBX
  artifactKey: Guid(1c8aef41fe73b114681e5be1234296e1) Importer(815301076,1909f56bfc062723c751e8b465ee728b)
Start importing Assets/LOWPOLY-Victorian_Mansion_Pack/Models/Roof_02.FBX using Guid(1c8aef41fe73b114681e5be1234296e1) Importer(815301076,1909f56bfc062723c751e8b465ee728b)  -> (artifact id: '5f239746b4bce1d6d6ad9b2ff0ea4725') in 0.009279 seconds 
========================================================================
Received Import Request.
  Time since last request: 0.000043 seconds.
  path: Assets/LOWPOLY-Victorian_Mansion_Pack/Models/Wall_Door_01.FBX
  artifactKey: Guid(39be4a7d6c30ac444b56f2a5332a60d0) Importer(815301076,1909f56bfc062723c751e8b465ee728b)
Start importing Assets/LOWPOLY-Victorian_Mansion_Pack/Models/Wall_Door_01.FBX using Guid(39be4a7d6c30ac444b56f2a5332a60d0) Importer(815301076,1909f56bfc062723c751e8b465ee728b)  -> (artifact id: 'ebe58a19ed9f4709498d5a819941f017') in 0.009682 seconds 
========================================================================
Received Import Request.
  Time since last request: 0.000035 seconds.
  path: Assets/LOWPOLY-Victorian_Mansion_Pack/Models/Roof_Border_01.FBX
  artifactKey: Guid(411f46653ed03914f91a2fb6aa3976ae) Importer(815301076,1909f56bfc062723c751e8b465ee728b)
Start importing Assets/LOWPOLY-Victorian_Mansion_Pack/Models/Roof_Border_01.FBX using Guid(411f46653ed03914f91a2fb6aa3976ae) Importer(815301076,1909f56bfc062723c751e8b465ee728b)  -> (artifact id: '4269ce8c3240430fe88e504947833565') in 0.006563 seconds 
========================================================================
Received Import Request.
  Time since last request: 0.000083 seconds.
  path: Assets/LOWPOLY-Victorian_Mansion_Pack/Models/Stair_03.FBX
  artifactKey: Guid(e2ad9efa0cb68a94b8299d2a95b88d52) Importer(815301076,1909f56bfc062723c751e8b465ee728b)
Start importing Assets/LOWPOLY-Victorian_Mansion_Pack/Models/Stair_03.FBX using Guid(e2ad9efa0cb68a94b8299d2a95b88d52) Importer(815301076,1909f56bfc062723c751e8b465ee728b)  -> (artifact id: '4bb0a72b12406f43e3b397123abf540d') in 0.007322 seconds 
========================================================================
Received Import Request.
  Time since last request: 0.000045 seconds.
  path: Assets/LOWPOLY-Victorian_Mansion_Pack/Models/Switch_01.FBX
  artifactKey: Guid(5ff5a6cbc86f3184686ca383a3fa1551) Importer(815301076,1909f56bfc062723c751e8b465ee728b)
Start importing Assets/LOWPOLY-Victorian_Mansion_Pack/Models/Switch_01.FBX using Guid(5ff5a6cbc86f3184686ca383a3fa1551) Importer(815301076,1909f56bfc062723c751e8b465ee728b)  -> (artifact id: '04697fd3d6fc41b40267d25c3e35571a') in 0.018796 seconds 
========================================================================
Received Import Request.
  Time since last request: 0.000042 seconds.
  path: Assets/LOWPOLY-Victorian_Mansion_Pack/Models/Wall_01.FBX
  artifactKey: Guid(057bf102eb4f60149aa6be842f28566c) Importer(815301076,1909f56bfc062723c751e8b465ee728b)
Start importing Assets/LOWPOLY-Victorian_Mansion_Pack/Models/Wall_01.FBX using Guid(057bf102eb4f60149aa6be842f28566c) Importer(815301076,1909f56bfc062723c751e8b465ee728b)  -> (artifact id: '17d58503c97156f59678bf5eb7e112d1') in 0.007450 seconds 
========================================================================
Received Import Request.
  Time since last request: 0.301829 seconds.
  path: Assets/LOWPOLY-Victorian_Mansion_Pack/Models/Wall_Door_02.FBX
  artifactKey: Guid(621345c79b2b3f34f96f887b8d6a9e81) Importer(815301076,1909f56bfc062723c751e8b465ee728b)
Start importing Assets/LOWPOLY-Victorian_Mansion_Pack/Models/Wall_Door_02.FBX using Guid(621345c79b2b3f34f96f887b8d6a9e81) Importer(815301076,1909f56bfc062723c751e8b465ee728b)  -> (artifact id: 'd808a5c35864248a7118aceb42dc8d5d') in 0.012757 seconds 
========================================================================
Received Import Request.
  Time since last request: 0.000070 seconds.
  path: Assets/LOWPOLY-Victorian_Mansion_Pack/Models/WallCorner.FBX
  artifactKey: Guid(412e4624481a7d345a8862246224d6c7) Importer(815301076,1909f56bfc062723c751e8b465ee728b)
Start importing Assets/LOWPOLY-Victorian_Mansion_Pack/Models/WallCorner.FBX using Guid(412e4624481a7d345a8862246224d6c7) Importer(815301076,1909f56bfc062723c751e8b465ee728b)  -> (artifact id: 'a16c94cec9f2a2dee3d635ee3f8229cc') in 0.009111 seconds 
========================================================================
Received Import Request.
  Time since last request: 0.000045 seconds.
  path: Assets/LOWPOLY-Victorian_Mansion_Pack/Models/Wall_Down_Border.FBX
  artifactKey: Guid(b9c878443bbe8d546a6db1cefd5521e8) Importer(815301076,1909f56bfc062723c751e8b465ee728b)
Start importing Assets/LOWPOLY-Victorian_Mansion_Pack/Models/Wall_Down_Border.FBX using Guid(b9c878443bbe8d546a6db1cefd5521e8) Importer(815301076,1909f56bfc062723c751e8b465ee728b)  -> (artifact id: 'd6551399406b2e4a00a01cf9acdf7dba') in 0.007861 seconds 
========================================================================
Received Import Request.
  Time since last request: 0.000055 seconds.
  path: Assets/LOWPOLY-Victorian_Mansion_Pack/Models/Wall_Down_Corner.FBX
  artifactKey: Guid(cde3f788d42254e4a9406f3850b84b0f) Importer(815301076,1909f56bfc062723c751e8b465ee728b)
Start importing Assets/LOWPOLY-Victorian_Mansion_Pack/Models/Wall_Down_Corner.FBX using Guid(cde3f788d42254e4a9406f3850b84b0f) Importer(815301076,1909f56bfc062723c751e8b465ee728b)  -> (artifact id: 'feda998d9420e135ff0006fe98554a03') in 0.007019 seconds 
========================================================================
Received Import Request.
  Time since last request: 0.429578 seconds.
  path: Assets/LOWPOLY-Victorian_Mansion_Pack/Models/WallCornerExt.FBX
  artifactKey: Guid(8a065a2a16335b14f847fe1315939320) Importer(815301076,1909f56bfc062723c751e8b465ee728b)
Start importing Assets/LOWPOLY-Victorian_Mansion_Pack/Models/WallCornerExt.FBX using Guid(8a065a2a16335b14f847fe1315939320) Importer(815301076,1909f56bfc062723c751e8b465ee728b)  -> (artifact id: 'db7f90f216a98ce68ba49b39833694d4') in 0.009783 seconds 
========================================================================
Received Import Request.
  Time since last request: 0.000107 seconds.
  path: Assets/LOWPOLY-Victorian_Mansion_Pack/Models/Wardrobe_02.FBX
  artifactKey: Guid(c86fda102723f4a469db3b46de097fb9) Importer(815301076,1909f56bfc062723c751e8b465ee728b)
Start importing Assets/LOWPOLY-Victorian_Mansion_Pack/Models/Wardrobe_02.FBX using Guid(c86fda102723f4a469db3b46de097fb9) Importer(815301076,1909f56bfc062723c751e8b465ee728b)  -> (artifact id: '94ada2846b09f956f79851370b883b09') in 0.035389 seconds 
========================================================================
Received Import Request.
  Time since last request: 0.000036 seconds.
  path: Assets/LOWPOLY-Victorian_Mansion_Pack/Models/eiling_01.FBX
  artifactKey: Guid(5268942c46e6b424188d42af032ea2ef) Importer(815301076,1909f56bfc062723c751e8b465ee728b)
Start importing Assets/LOWPOLY-Victorian_Mansion_Pack/Models/eiling_01.FBX using Guid(5268942c46e6b424188d42af032ea2ef) Importer(815301076,1909f56bfc062723c751e8b465ee728b)  -> (artifact id: '2cb06414c218353552811292c93f6475') in 0.006167 seconds 
========================================================================
Received Import Request.
  Time since last request: 0.000041 seconds.
  path: Assets/LOWPOLY-Victorian_Mansion_Pack/Models/WKitchen_01.FBX
  artifactKey: Guid(9b0a1929931d8dc49bd54328ba94ed25) Importer(815301076,1909f56bfc062723c751e8b465ee728b)
Start importing Assets/LOWPOLY-Victorian_Mansion_Pack/Models/WKitchen_01.FBX using Guid(9b0a1929931d8dc49bd54328ba94ed25) Importer(815301076,1909f56bfc062723c751e8b465ee728b)  -> (artifact id: '26581f298798ce93006280a2836cb8dd') in 0.014155 seconds 
========================================================================
Received Import Request.
  Time since last request: 0.000047 seconds.
  path: Assets/LOWPOLY-Victorian_Mansion_Pack/Models/Window_01.FBX
  artifactKey: Guid(dfcb07ccc8f154f468ac65620de226ec) Importer(815301076,1909f56bfc062723c751e8b465ee728b)
Start importing Assets/LOWPOLY-Victorian_Mansion_Pack/Models/Window_01.FBX using Guid(dfcb07ccc8f154f468ac65620de226ec) Importer(815301076,1909f56bfc062723c751e8b465ee728b)  -> (artifact id: 'e1b214e559c2b4908fe2042dbd54bd0f') in 0.013079 seconds 
========================================================================
Received Import Request.
  Time since last request: 7.370429 seconds.
  path: Assets/LOWPOLY-Victorian_Mansion_Pack/Models
  artifactKey: Guid(c80046f722c79c14da0ca7e696916258) Importer(815301076,1909f56bfc062723c751e8b465ee728b)
Start importing Assets/LOWPOLY-Victorian_Mansion_Pack/Models using Guid(c80046f722c79c14da0ca7e696916258) Importer(815301076,1909f56bfc062723c751e8b465ee728b)  -> (artifact id: '2cccf53ea077e697837b9c7b76e6cb0f') in 0.001847 seconds 
========================================================================
Received Import Request.
  Time since last request: 12.225765 seconds.
  path: Assets/LOWPOLY-Victorian_Mansion_Pack/Prefabs/Exterior
  artifactKey: Guid(7ca0f7ea5dccb2f4baca5b0438cf2006) Importer(815301076,1909f56bfc062723c751e8b465ee728b)
Start importing Assets/LOWPOLY-Victorian_Mansion_Pack/Prefabs/Exterior using Guid(7ca0f7ea5dccb2f4baca5b0438cf2006) Importer(815301076,1909f56bfc062723c751e8b465ee728b)  -> (artifact id: 'ffa3fb490ed8ca9a58b702aea0c189bf') in 0.001990 seconds 
========================================================================
Received Import Request.
  Time since last request: 0.017333 seconds.
  path: Assets/LOWPOLY-Victorian_Mansion_Pack/Prefabs/Exterior/Ext_Found_01.prefab
  artifactKey: Guid(b3f5211adb23afe4c8acfec8cf97f638) Importer(815301076,1909f56bfc062723c751e8b465ee728b)
Start importing Assets/LOWPOLY-Victorian_Mansion_Pack/Prefabs/Exterior/Ext_Found_01.prefab using Guid(b3f5211adb23afe4c8acfec8cf97f638) Importer(815301076,1909f56bfc062723c751e8b465ee728b)  -> (artifact id: '4633a52f1e4f386f0b964b6bd7943164') in 0.006077 seconds 
========================================================================
Received Import Request.
  Time since last request: 0.000051 seconds.
  path: Assets/LOWPOLY-Victorian_Mansion_Pack/Prefabs/Exterior/Roof_01.prefab
  artifactKey: Guid(bd3202e5218df374a86e38bbbac22dff) Importer(815301076,1909f56bfc062723c751e8b465ee728b)
Start importing Assets/LOWPOLY-Victorian_Mansion_Pack/Prefabs/Exterior/Roof_01.prefab using Guid(bd3202e5218df374a86e38bbbac22dff) Importer(815301076,1909f56bfc062723c751e8b465ee728b)  -> (artifact id: 'fddb2686e6866de32b8e05b618a8f985') in 0.006009 seconds 
========================================================================
Received Import Request.
  Time since last request: 0.000039 seconds.
  path: Assets/LOWPOLY-Victorian_Mansion_Pack/Prefabs/Exterior/Ext_Wall_01_Corner.prefab
  artifactKey: Guid(dd9e0c6615d7def4897dc253ca63da64) Importer(815301076,1909f56bfc062723c751e8b465ee728b)
Start importing Assets/LOWPOLY-Victorian_Mansion_Pack/Prefabs/Exterior/Ext_Wall_01_Corner.prefab using Guid(dd9e0c6615d7def4897dc253ca63da64) Importer(815301076,1909f56bfc062723c751e8b465ee728b)  -> (artifact id: '8f772dfb6baa99d4d866b8e0dd1c7371') in 0.004567 seconds 
========================================================================
Received Import Request.
  Time since last request: 0.000039 seconds.
  path: Assets/LOWPOLY-Victorian_Mansion_Pack/Prefabs/Exterior/Roof_Border_01.prefab
  artifactKey: Guid(8b3d8fbd93db81440890b88be5b4ece6) Importer(815301076,1909f56bfc062723c751e8b465ee728b)
Start importing Assets/LOWPOLY-Victorian_Mansion_Pack/Prefabs/Exterior/Roof_Border_01.prefab using Guid(8b3d8fbd93db81440890b88be5b4ece6) Importer(815301076,1909f56bfc062723c751e8b465ee728b)  -> (artifact id: 'b61580a75993eb7f6419ccffb4ed1bb6') in 0.005991 seconds 
========================================================================
Received Import Request.
  Time since last request: 0.000036 seconds.
  path: Assets/LOWPOLY-Victorian_Mansion_Pack/Prefabs/Exterior/Wall_Roof_01.prefab
  artifactKey: Guid(1fc0e38802b65f0419abe95e71f695b4) Importer(815301076,1909f56bfc062723c751e8b465ee728b)
Start importing Assets/LOWPOLY-Victorian_Mansion_Pack/Prefabs/Exterior/Wall_Roof_01.prefab using Guid(1fc0e38802b65f0419abe95e71f695b4) Importer(815301076,1909f56bfc062723c751e8b465ee728b)  -> (artifact id: 'a757f2a6cf986120f411a22cb7fe5c22') in 0.005071 seconds 
========================================================================
Received Import Request.
  Time since last request: 0.000041 seconds.
  path: Assets/LOWPOLY-Victorian_Mansion_Pack/Prefabs/Exterior/Ext_Wall_01_Short.prefab
  artifactKey: Guid(27f5c539fbceaf845870ce557020fd16) Importer(815301076,1909f56bfc062723c751e8b465ee728b)
Start importing Assets/LOWPOLY-Victorian_Mansion_Pack/Prefabs/Exterior/Ext_Wall_01_Short.prefab using Guid(27f5c539fbceaf845870ce557020fd16) Importer(815301076,1909f56bfc062723c751e8b465ee728b)  -> (artifact id: 'f5095c6e7fa38895af2e3b34c2be994c') in 0.005271 seconds 
========================================================================
Received Import Request.
  Time since last request: 30.066505 seconds.
  path: Assets/LOWPOLY-Victorian_Mansion_Pack/Scenes
  artifactKey: Guid(3d9423413f878b149bc19483bae9ab75) Importer(815301076,1909f56bfc062723c751e8b465ee728b)
Start importing Assets/LOWPOLY-Victorian_Mansion_Pack/Scenes using Guid(3d9423413f878b149bc19483bae9ab75) Importer(815301076,1909f56bfc062723c751e8b465ee728b)  -> (artifact id: '400b9fd93519be1dbabbb133b8704688') in 0.001486 seconds 
========================================================================
Received Import Request.
  Time since last request: 0.987196 seconds.
  path: Assets/LOWPOLY-Victorian_Mansion_Pack/Scenes/SampleScene.unity
  artifactKey: Guid(774094205734c4c8a94efa11da76f6a2) Importer(815301076,1909f56bfc062723c751e8b465ee728b)
Start importing Assets/LOWPOLY-Victorian_Mansion_Pack/Scenes/SampleScene.unity using Guid(774094205734c4c8a94efa11da76f6a2) Importer(815301076,1909f56bfc062723c751e8b465ee728b)  -> (artifact id: 'e0a6d111fae693f1f8167baf7554e2d7') in 0.001781 seconds 
========================================================================
Received Import Request.
  Time since last request: 4.884397 seconds.
  path: Assets/LOWPOLY-Victorian_Mansion_Pack/Scenes/SampleScene_Prefabs.unity
  artifactKey: Guid(c6e7d3f7bd4656444824091efda66dcd) Importer(815301076,1909f56bfc062723c751e8b465ee728b)
Start importing Assets/LOWPOLY-Victorian_Mansion_Pack/Scenes/SampleScene_Prefabs.unity using Guid(c6e7d3f7bd4656444824091efda66dcd) Importer(815301076,1909f56bfc062723c751e8b465ee728b)  -> (artifact id: '9b99b5e575e4b2c7922805a6e9268fc2') in 0.001466 seconds 
========================================================================
Received Import Request.
  Time since last request: 87.422917 seconds.
  path: Assets/LOWPOLY-Victorian_Mansion_Pack/Scenes/New Prefab.prefab
  artifactKey: Guid(9c936cabdc616454e8e4e9bf7c489975) Importer(815301076,1909f56bfc062723c751e8b465ee728b)
Start importing Assets/LOWPOLY-Victorian_Mansion_Pack/Scenes/New Prefab.prefab using Guid(9c936cabdc616454e8e4e9bf7c489975) Importer(815301076,1909f56bfc062723c751e8b465ee728b)  -> (artifact id: 'f665c9290f2e4b8d37c0f927fe81a210') in 0.002424 seconds 
========================================================================
Received Import Request.
  Time since last request: 110.803871 seconds.
  path: Assets/Scenes/New Prefab.prefab
  artifactKey: Guid(993be2aa886c44feca05687d378b39ff) Importer(815301076,1909f56bfc062723c751e8b465ee728b)
Start importing Assets/Scenes/New Prefab.prefab using Guid(993be2aa886c44feca05687d378b39ff) Importer(815301076,1909f56bfc062723c751e8b465ee728b)  -> (artifact id: 'cd40aa464e325da60f4640dbb844d5aa') in 0.001743 seconds 
========================================================================
Received Import Request.
  Time since last request: 143.578054 seconds.
  path: Assets/LOWPOLY-Victorian_Mansion_Pack
  artifactKey: Guid(68626d75cd318419da253d327dc2f3cd) Importer(815301076,1909f56bfc062723c751e8b465ee728b)
Start importing Assets/LOWPOLY-Victorian_Mansion_Pack using Guid(68626d75cd318419da253d327dc2f3cd) Importer(815301076,1909f56bfc062723c751e8b465ee728b)  -> (artifact id: '83212fd675de8d1eee3c0d4cd8929ada') in 0.001252 seconds 
========================================================================
Received Prepare
Registering precompiled user dll's ...
Registered in 0.001304 seconds.
Begin MonoManager ReloadAssembly
Thread 0x299cab000 may have been prematurely finalized
Symbol file LoadedFromMemory doesn't match image /Users/yiwenxu/Documents/GitHub/game-jam/Granny/Library/PackageCache/com.unity.visualscripting@1.8.0/Editor/VisualScripting.Core/Dependencies/YamlDotNet/Unity.VisualScripting.YamlDotNet.dll
Symbol file LoadedFromMemory doesn't match image /Users/yiwenxu/Documents/GitHub/game-jam/Granny/Library/PackageCache/com.unity.visualscripting@1.8.0/Editor/VisualScripting.Core/Dependencies/DotNetZip/Unity.VisualScripting.IonicZip.dll
Native extension for OSXStandalone target not found
Refreshing native plugins compatible for Editor in 0.45 ms, found 2 plugins.
Preloading 0 native plugins for Editor in 0.00 ms.
Mono: successfully reloaded assembly
- Completed reload, in  0.578 seconds
Domain Reload Profiling:
	ReloadAssembly (578ms)
		BeginReloadAssembly (86ms)
			ExecutionOrderSort (0ms)
			DisableScriptedObjects (3ms)
			BackupInstance (0ms)
			ReleaseScriptingObjects (0ms)
			CreateAndSetChildDomain (39ms)
		EndReloadAssembly (432ms)
			LoadAssemblies (28ms)
			RebuildTransferFunctionScriptingTraits (0ms)
			SetupTypeCache (176ms)
			ReleaseScriptCaches (1ms)
			RebuildScriptCaches (27ms)
			SetupLoadedEditorAssemblies (169ms)
				LogAssemblyErrors (0ms)
				InitializePlatformSupportModulesInManaged (5ms)
				SetLoadedEditorAssemblies (0ms)
				RefreshPlugins (0ms)
				BeforeProcessingInitializeOnLoad (36ms)
				ProcessInitializeOnLoadAttributes (115ms)
				ProcessInitializeOnLoadMethodAttributes (12ms)
				AfterProcessingInitializeOnLoad (1ms)
				EditorAssembliesLoaded (0ms)
			ExecutionOrderSort2 (0ms)
			AwakeInstancesAfterBackupRestoration (2ms)
Platform modules already initialized, skipping
Refreshing native plugins compatible for Editor in 0.75 ms, found 2 plugins.
Preloading 0 native plugins for Editor in 0.00 ms.
Unloading 3044 Unused Serialized files (Serialized files now loaded: 0)
Unloading 17 unused Assets / (68.6 KB). Loaded Objects now: 3584.
Memory consumption went from 136.4 MB to 136.4 MB.
Total: 2.229625 ms (FindLiveObjects: 0.114792 ms CreateObjectMapping: 0.035333 ms MarkObjects: 2.007459 ms  DeleteObjects: 0.071167 ms)

AssetImportParameters requested are different than current active one (requested -> active):
  custom:video-decoder-ogg-theora: a1e56fd34408186e4bbccfd4996cb3dc -> 
  custom:container-muxer-webm: aa71ff27fc2769a1b78a27578f13a17b -> 
  custom:container-demuxer-webm: 4f35f7cbe854078d1ac9338744f61a02 -> 
  custom:video-encoder-webm-vp8: eb34c28f22e8b96e1ab97ce403110664 -> 
  custom:framework-osx-AVFoundation: e770b220cccbd017edd2c1fefb359320 -> 
  custom:audio-encoder-webm-vorbis: bf7c407c2cedff20999df2af8eb42d56 -> 
  custom:container-demuxer-ogg: 62fdf1f143b41e24485cea50d1cbac27 -> 
  custom:video-decoder-webm-vp8: 9c59270c3fd7afecdb556c50c9e8de78 -> 
  custom:audio-decoder-ogg-vorbis: bf7c407c2cedff20999df2af8eb42d56 -> 
========================================================================
Received Prepare
Registering precompiled user dll's ...
Registered in 0.001214 seconds.
Begin MonoManager ReloadAssembly
Thread 0x2971cb000 may have been prematurely finalized
Symbol file LoadedFromMemory doesn't match image /Users/yiwenxu/Documents/GitHub/game-jam/Granny/Library/PackageCache/com.unity.visualscripting@1.8.0/Editor/VisualScripting.Core/Dependencies/YamlDotNet/Unity.VisualScripting.YamlDotNet.dll
Symbol file LoadedFromMemory doesn't match image /Users/yiwenxu/Documents/GitHub/game-jam/Granny/Library/PackageCache/com.unity.visualscripting@1.8.0/Editor/VisualScripting.Core/Dependencies/DotNetZip/Unity.VisualScripting.IonicZip.dll
Native extension for OSXStandalone target not found
Refreshing native plugins compatible for Editor in 0.40 ms, found 2 plugins.
Preloading 0 native plugins for Editor in 0.00 ms.
Mono: successfully reloaded assembly
- Completed reload, in  0.571 seconds
Domain Reload Profiling:
	ReloadAssembly (572ms)
		BeginReloadAssembly (80ms)
			ExecutionOrderSort (0ms)
			DisableScriptedObjects (3ms)
			BackupInstance (0ms)
			ReleaseScriptingObjects (0ms)
			CreateAndSetChildDomain (35ms)
		EndReloadAssembly (432ms)
			LoadAssemblies (28ms)
			RebuildTransferFunctionScriptingTraits (0ms)
			SetupTypeCache (174ms)
			ReleaseScriptCaches (1ms)
			RebuildScriptCaches (28ms)
			SetupLoadedEditorAssemblies (169ms)
				LogAssemblyErrors (0ms)
				InitializePlatformSupportModulesInManaged (5ms)
				SetLoadedEditorAssemblies (0ms)
				RefreshPlugins (0ms)
				BeforeProcessingInitializeOnLoad (36ms)
				ProcessInitializeOnLoadAttributes (116ms)
				ProcessInitializeOnLoadMethodAttributes (11ms)
				AfterProcessingInitializeOnLoad (1ms)
				EditorAssembliesLoaded (0ms)
			ExecutionOrderSort2 (0ms)
			AwakeInstancesAfterBackupRestoration (2ms)
Platform modules already initialized, skipping
Refreshing native plugins compatible for Editor in 0.76 ms, found 2 plugins.
Preloading 0 native plugins for Editor in 0.00 ms.
Unloading 3044 Unused Serialized files (Serialized files now loaded: 0)
Unloading 17 unused Assets / (68.6 KB). Loaded Objects now: 3587.
Memory consumption went from 136.5 MB to 136.4 MB.
Total: 1.951334 ms (FindLiveObjects: 0.101584 ms CreateObjectMapping: 0.037375 ms MarkObjects: 1.756709 ms  DeleteObjects: 0.055292 ms)

AssetImportParameters requested are different than current active one (requested -> active):
  custom:video-decoder-ogg-theora: a1e56fd34408186e4bbccfd4996cb3dc -> 
  custom:container-muxer-webm: aa71ff27fc2769a1b78a27578f13a17b -> 
  custom:container-demuxer-webm: 4f35f7cbe854078d1ac9338744f61a02 -> 
  custom:video-encoder-webm-vp8: eb34c28f22e8b96e1ab97ce403110664 -> 
  custom:framework-osx-AVFoundation: e770b220cccbd017edd2c1fefb359320 -> 
  custom:audio-encoder-webm-vorbis: bf7c407c2cedff20999df2af8eb42d56 -> 
  custom:container-demuxer-ogg: 62fdf1f143b41e24485cea50d1cbac27 -> 
  custom:video-decoder-webm-vp8: 9c59270c3fd7afecdb556c50c9e8de78 -> 
  custom:audio-decoder-ogg-vorbis: bf7c407c2cedff20999df2af8eb42d56 -> 
========================================================================
Received Import Request.
  Time since last request: 1040.526215 seconds.
  path: Assets/Mountain Terrain/Texture/Materials/Terrain_01_low2_MeshMat.mat
  artifactKey: Guid(d93045cefa332604ebe235d61f072d41) Importer(815301076,1909f56bfc062723c751e8b465ee728b)
Start importing Assets/Mountain Terrain/Texture/Materials/Terrain_01_low2_MeshMat.mat using Guid(d93045cefa332604ebe235d61f072d41) Importer(815301076,1909f56bfc062723c751e8b465ee728b)  -> (artifact id: 'a984205f68bff3f691416a03639a0578') in 0.061193 seconds 
========================================================================
Received Import Request.
  Time since last request: 1.199559 seconds.
  path: Assets/Assets/Egg/egg.fbx
  artifactKey: Guid(23077a2b64c1d457990991faf8a3f482) Importer(815301076,1909f56bfc062723c751e8b465ee728b)
Start importing Assets/Assets/Egg/egg.fbx using Guid(23077a2b64c1d457990991faf8a3f482) Importer(815301076,1909f56bfc062723c751e8b465ee728b)  -> (artifact id: 'b65ec228792f4f7543f46b7c6c1c264d') in 0.077572 seconds 
========================================================================
Received Import Request.
  Time since last request: 6.585776 seconds.
  path: Assets/Assets/Dish/Models/Materials/plate02.mat
  artifactKey: Guid(978bbcf9abdfc404fa538fba9a668ccd) Importer(815301076,1909f56bfc062723c751e8b465ee728b)
Start importing Assets/Assets/Dish/Models/Materials/plate02.mat using Guid(978bbcf9abdfc404fa538fba9a668ccd) Importer(815301076,1909f56bfc062723c751e8b465ee728b)  -> (artifact id: '7dbe5a2fd16dd8862829d8b5d2eab89c') in 0.036415 seconds 
========================================================================
Received Import Request.
  Time since last request: 0.914409 seconds.
  path: Assets/Assets/Dish/Models/Materials/plate01.mat
  artifactKey: Guid(a8713dc11dd3b4049b3c7828cf6d5820) Importer(815301076,1909f56bfc062723c751e8b465ee728b)
Start importing Assets/Assets/Dish/Models/Materials/plate01.mat using Guid(a8713dc11dd3b4049b3c7828cf6d5820) Importer(815301076,1909f56bfc062723c751e8b465ee728b)  -> (artifact id: '349e42a574ea0c94296172fe264d6cce') in 0.016795 seconds 
========================================================================
Received Import Request.
  Time since last request: 0.082457 seconds.
  path: Assets/Assets/Apple/Mesh/Materials/No Name.mat
  artifactKey: Guid(76fb60a959f95d841ae6b070474f5bd2) Importer(815301076,1909f56bfc062723c751e8b465ee728b)
Start importing Assets/Assets/Apple/Mesh/Materials/No Name.mat using Guid(76fb60a959f95d841ae6b070474f5bd2) Importer(815301076,1909f56bfc062723c751e8b465ee728b)  -> (artifact id: '10cb00969ffac456d29b3d66e87e6d63') in 0.005013 seconds 
========================================================================
Received Import Request.
  Time since last request: 0.626046 seconds.
  path: Assets/Assets/Dish/Models/Materials/mug02.mat
  artifactKey: Guid(51dd31446ec8d1e48b28bd161e5d9f87) Importer(815301076,1909f56bfc062723c751e8b465ee728b)
Start importing Assets/Assets/Dish/Models/Materials/mug02.mat using Guid(51dd31446ec8d1e48b28bd161e5d9f87) Importer(815301076,1909f56bfc062723c751e8b465ee728b)  -> (artifact id: '694fc81ad75bda38d3ad32dee639f808') in 0.020267 seconds 
========================================================================
Received Import Request.
  Time since last request: 0.000066 seconds.
  path: Assets/Assets/Dish/Models/Materials/mug01.mat
  artifactKey: Guid(4aedf822205248740998f76b3366dfc7) Importer(815301076,1909f56bfc062723c751e8b465ee728b)
Start importing Assets/Assets/Dish/Models/Materials/mug01.mat using Guid(4aedf822205248740998f76b3366dfc7) Importer(815301076,1909f56bfc062723c751e8b465ee728b)  -> (artifact id: 'e0ab2b6f7483b3b94ad28f59bb8b0a7c') in 0.011647 seconds 
========================================================================
Received Import Request.
  Time since last request: 0.683164 seconds.
  path: Assets/Assets/Egg/Materials/egg.mat
  artifactKey: Guid(ee2363d2da44a49c8b58e409a6bd6d07) Importer(815301076,1909f56bfc062723c751e8b465ee728b)
Start importing Assets/Assets/Egg/Materials/egg.mat using Guid(ee2363d2da44a49c8b58e409a6bd6d07) Importer(815301076,1909f56bfc062723c751e8b465ee728b)  -> (artifact id: '9bafa25488e676e4663ddebb4e42e98f') in 0.006157 seconds 
========================================================================
Received Import Request.
  Time since last request: 0.078121 seconds.
  path: Assets/Assets/Flour/Materials/CartonOfMilk_Default.mat
  artifactKey: Guid(a89a0e35bd9957c46ab4f8446709e7f7) Importer(815301076,1909f56bfc062723c751e8b465ee728b)
Start importing Assets/Assets/Flour/Materials/CartonOfMilk_Default.mat using Guid(a89a0e35bd9957c46ab4f8446709e7f7) Importer(815301076,1909f56bfc062723c751e8b465ee728b)  -> (artifact id: '9b4e9f9280714656d72397875df95355') in 0.011742 seconds 
========================================================================
Received Import Request.
  Time since last request: 0.528709 seconds.
  path: Assets/Assets/Dish/Models/Materials/bowl02.mat
  artifactKey: Guid(749d1d5c1658f1548bad06c2ae7d3f39) Importer(815301076,1909f56bfc062723c751e8b465ee728b)
Start importing Assets/Assets/Dish/Models/Materials/bowl02.mat using Guid(749d1d5c1658f1548bad06c2ae7d3f39) Importer(815301076,1909f56bfc062723c751e8b465ee728b)  -> (artifact id: '2e3f9b8185db81aa4925038356188d8a') in 0.039463 seconds 
========================================================================
Received Import Request.
  Time since last request: 0.070390 seconds.
  path: Assets/Assets/Apple/Materials/Apple_mat.mat
  artifactKey: Guid(a5b5b5813e9efbd4bad9c4675bc36a23) Importer(815301076,1909f56bfc062723c751e8b465ee728b)
Start importing Assets/Assets/Apple/Materials/Apple_mat.mat using Guid(a5b5b5813e9efbd4bad9c4675bc36a23) Importer(815301076,1909f56bfc062723c751e8b465ee728b)  -> (artifact id: '4ee9d04edf42c7c8e8e261726aae0fe5') in 0.030744 seconds 
========================================================================
Received Prepare
Registering precompiled user dll's ...
Registered in 0.001114 seconds.
Begin MonoManager ReloadAssembly
Thread 0x2971cb000 may have been prematurely finalized
Symbol file LoadedFromMemory doesn't match image /Users/yiwenxu/Documents/GitHub/game-jam/Granny/Library/PackageCache/com.unity.visualscripting@1.8.0/Editor/VisualScripting.Core/Dependencies/YamlDotNet/Unity.VisualScripting.YamlDotNet.dll
Symbol file LoadedFromMemory doesn't match image /Users/yiwenxu/Documents/GitHub/game-jam/Granny/Library/PackageCache/com.unity.visualscripting@1.8.0/Editor/VisualScripting.Core/Dependencies/DotNetZip/Unity.VisualScripting.IonicZip.dll
Native extension for OSXStandalone target not found
Refreshing native plugins compatible for Editor in 0.45 ms, found 2 plugins.
Preloading 0 native plugins for Editor in 0.00 ms.
Mono: successfully reloaded assembly
- Completed reload, in  0.576 seconds
Domain Reload Profiling:
	ReloadAssembly (576ms)
		BeginReloadAssembly (82ms)
			ExecutionOrderSort (0ms)
			DisableScriptedObjects (2ms)
			BackupInstance (0ms)
			ReleaseScriptingObjects (0ms)
			CreateAndSetChildDomain (38ms)
		EndReloadAssembly (435ms)
			LoadAssemblies (32ms)
			RebuildTransferFunctionScriptingTraits (0ms)
			SetupTypeCache (175ms)
			ReleaseScriptCaches (1ms)
			RebuildScriptCaches (27ms)
			SetupLoadedEditorAssemblies (168ms)
				LogAssemblyErrors (0ms)
				InitializePlatformSupportModulesInManaged (5ms)
				SetLoadedEditorAssemblies (0ms)
				RefreshPlugins (0ms)
				BeforeProcessingInitializeOnLoad (36ms)
				ProcessInitializeOnLoadAttributes (114ms)
				ProcessInitializeOnLoadMethodAttributes (11ms)
				AfterProcessingInitializeOnLoad (1ms)
				EditorAssembliesLoaded (0ms)
			ExecutionOrderSort2 (0ms)
			AwakeInstancesAfterBackupRestoration (2ms)
Platform modules already initialized, skipping
Refreshing native plugins compatible for Editor in 0.75 ms, found 2 plugins.
Preloading 0 native plugins for Editor in 0.00 ms.
Unloading 3044 Unused Serialized files (Serialized files now loaded: 0)
Unloading 17 unused Assets / (68.8 KB). Loaded Objects now: 3590.
Memory consumption went from 140.6 MB to 140.5 MB.
Total: 1.963500 ms (FindLiveObjects: 0.112125 ms CreateObjectMapping: 0.035750 ms MarkObjects: 1.763250 ms  DeleteObjects: 0.051958 ms)

AssetImportParameters requested are different than current active one (requested -> active):
  custom:video-decoder-ogg-theora: a1e56fd34408186e4bbccfd4996cb3dc -> 
  custom:container-muxer-webm: aa71ff27fc2769a1b78a27578f13a17b -> 
  custom:container-demuxer-webm: 4f35f7cbe854078d1ac9338744f61a02 -> 
  custom:video-encoder-webm-vp8: eb34c28f22e8b96e1ab97ce403110664 -> 
  custom:framework-osx-AVFoundation: e770b220cccbd017edd2c1fefb359320 -> 
  custom:audio-encoder-webm-vorbis: bf7c407c2cedff20999df2af8eb42d56 -> 
  custom:container-demuxer-ogg: 62fdf1f143b41e24485cea50d1cbac27 -> 
  custom:video-decoder-webm-vp8: 9c59270c3fd7afecdb556c50c9e8de78 -> 
  custom:audio-decoder-ogg-vorbis: bf7c407c2cedff20999df2af8eb42d56 -> 
========================================================================
Received Prepare
Registering precompiled user dll's ...
Registered in 0.004521 seconds.
Begin MonoManager ReloadAssembly
Thread 0x2971cb000 may have been prematurely finalized
Symbol file LoadedFromMemory doesn't match image /Users/yiwenxu/Documents/GitHub/game-jam/Granny/Library/PackageCache/com.unity.visualscripting@1.8.0/Editor/VisualScripting.Core/Dependencies/YamlDotNet/Unity.VisualScripting.YamlDotNet.dll
Symbol file LoadedFromMemory doesn't match image /Users/yiwenxu/Documents/GitHub/game-jam/Granny/Library/PackageCache/com.unity.visualscripting@1.8.0/Editor/VisualScripting.Core/Dependencies/DotNetZip/Unity.VisualScripting.IonicZip.dll
Native extension for OSXStandalone target not found
Refreshing native plugins compatible for Editor in 0.42 ms, found 2 plugins.
Preloading 0 native plugins for Editor in 0.00 ms.
Mono: successfully reloaded assembly
- Completed reload, in  0.645 seconds
Domain Reload Profiling:
	ReloadAssembly (645ms)
		BeginReloadAssembly (124ms)
			ExecutionOrderSort (0ms)
			DisableScriptedObjects (4ms)
			BackupInstance (0ms)
			ReleaseScriptingObjects (0ms)
			CreateAndSetChildDomain (46ms)
		EndReloadAssembly (459ms)
			LoadAssemblies (71ms)
			RebuildTransferFunctionScriptingTraits (0ms)
			SetupTypeCache (187ms)
			ReleaseScriptCaches (1ms)
			RebuildScriptCaches (27ms)
			SetupLoadedEditorAssemblies (167ms)
				LogAssemblyErrors (0ms)
				InitializePlatformSupportModulesInManaged (5ms)
				SetLoadedEditorAssemblies (0ms)
				RefreshPlugins (0ms)
				BeforeProcessingInitializeOnLoad (38ms)
				ProcessInitializeOnLoadAttributes (113ms)
				ProcessInitializeOnLoadMethodAttributes (10ms)
				AfterProcessingInitializeOnLoad (1ms)
				EditorAssembliesLoaded (0ms)
			ExecutionOrderSort2 (0ms)
			AwakeInstancesAfterBackupRestoration (2ms)
Platform modules already initialized, skipping
Refreshing native plugins compatible for Editor in 0.82 ms, found 2 plugins.
Preloading 0 native plugins for Editor in 0.00 ms.
Unloading 3045 Unused Serialized files (Serialized files now loaded: 0)
Unloading 17 unused Assets / (68.7 KB). Loaded Objects now: 3594.
Memory consumption went from 140.6 MB to 140.6 MB.
Total: 2.053042 ms (FindLiveObjects: 0.108542 ms CreateObjectMapping: 0.033166 ms MarkObjects: 1.849542 ms  DeleteObjects: 0.061292 ms)

AssetImportParameters requested are different than current active one (requested -> active):
  custom:video-decoder-ogg-theora: a1e56fd34408186e4bbccfd4996cb3dc -> 
  custom:container-muxer-webm: aa71ff27fc2769a1b78a27578f13a17b -> 
  custom:container-demuxer-webm: 4f35f7cbe854078d1ac9338744f61a02 -> 
  custom:video-encoder-webm-vp8: eb34c28f22e8b96e1ab97ce403110664 -> 
  custom:framework-osx-AVFoundation: e770b220cccbd017edd2c1fefb359320 -> 
  custom:audio-encoder-webm-vorbis: bf7c407c2cedff20999df2af8eb42d56 -> 
  custom:container-demuxer-ogg: 62fdf1f143b41e24485cea50d1cbac27 -> 
  custom:video-decoder-webm-vp8: 9c59270c3fd7afecdb556c50c9e8de78 -> 
  custom:audio-decoder-ogg-vorbis: bf7c407c2cedff20999df2af8eb42d56 -> 
========================================================================
Received Import Request.
  Time since last request: 383.020566 seconds.
  path: Assets/8K Skybox Pack Free/Skyboxes/Material/sky-1.mat
  artifactKey: Guid(c8e304140c860744783e1aa250535791) Importer(815301076,1909f56bfc062723c751e8b465ee728b)
Start importing Assets/8K Skybox Pack Free/Skyboxes/Material/sky-1.mat using Guid(c8e304140c860744783e1aa250535791) Importer(815301076,1909f56bfc062723c751e8b465ee728b)  -> (artifact id: '1ede5f41d309b09f74c7bd81048e0d81') in 0.111404 seconds 
========================================================================
Received Import Request.
  Time since last request: 0.000087 seconds.
  path: Assets/8K Skybox Pack Free/Skyboxes/Material/sky-6.mat
  artifactKey: Guid(b87cacf51931a5841b5931a664fd0730) Importer(815301076,1909f56bfc062723c751e8b465ee728b)
Start importing Assets/8K Skybox Pack Free/Skyboxes/Material/sky-6.mat using Guid(b87cacf51931a5841b5931a664fd0730) Importer(815301076,1909f56bfc062723c751e8b465ee728b)  -> (artifact id: 'c33b1b9d193b40a9c2d9d272181d0a26') in 0.031338 seconds 
========================================================================
Received Import Request.
  Time since last request: 0.000088 seconds.
  path: Assets/8K Skybox Pack Free/Skyboxes/Material/sky-4.mat
  artifactKey: Guid(4e4980336892d9546bf0bf0e3f30c265) Importer(815301076,1909f56bfc062723c751e8b465ee728b)
Start importing Assets/8K Skybox Pack Free/Skyboxes/Material/sky-4.mat using Guid(4e4980336892d9546bf0bf0e3f30c265) Importer(815301076,1909f56bfc062723c751e8b465ee728b)  -> (artifact id: 'ba0bb6321fdfde9876c6704d8632fd83') in 0.025970 seconds 
========================================================================
Received Import Request.
  Time since last request: 0.085706 seconds.
  path: Assets/8K Skybox Pack Free/Skyboxes/Material/sky-7.mat
  artifactKey: Guid(5336727d7be32404c9ac396789142e1c) Importer(815301076,1909f56bfc062723c751e8b465ee728b)
Start importing Assets/8K Skybox Pack Free/Skyboxes/Material/sky-7.mat using Guid(5336727d7be32404c9ac396789142e1c) Importer(815301076,1909f56bfc062723c751e8b465ee728b)  -> (artifact id: '975bc96fdefa7ab7ea80d01e5f838d84') in 0.026211 seconds 
========================================================================
Received Import Request.
  Time since last request: 0.000035 seconds.
  path: Assets/8K Skybox Pack Free/Skyboxes/Material/sky-12.mat
  artifactKey: Guid(356decb03293f22498cb5565d128c9da) Importer(815301076,1909f56bfc062723c751e8b465ee728b)
Start importing Assets/8K Skybox Pack Free/Skyboxes/Material/sky-12.mat using Guid(356decb03293f22498cb5565d128c9da) Importer(815301076,1909f56bfc062723c751e8b465ee728b)  -> (artifact id: '839918bef0af3ed1d8ecada15715184c') in 0.032115 seconds 
========================================================================
Received Import Request.
  Time since last request: 0.000049 seconds.
  path: Assets/8K Skybox Pack Free/Skyboxes/Material/sky-10.mat
  artifactKey: Guid(47b7a45414f3b564e9e8349bfa18b29f) Importer(815301076,1909f56bfc062723c751e8b465ee728b)
Start importing Assets/8K Skybox Pack Free/Skyboxes/Material/sky-10.mat using Guid(47b7a45414f3b564e9e8349bfa18b29f) Importer(815301076,1909f56bfc062723c751e8b465ee728b)  -> (artifact id: '80b4d96700ed2b380c8f42557c25ae28') in 0.031131 seconds 
========================================================================
Received Prepare
Registering precompiled user dll's ...
Registered in 0.001229 seconds.
Begin MonoManager ReloadAssembly
Thread 0x2971cb000 may have been prematurely finalized
Symbol file LoadedFromMemory doesn't match image /Users/yiwenxu/Documents/GitHub/game-jam/Granny/Library/PackageCache/com.unity.visualscripting@1.8.0/Editor/VisualScripting.Core/Dependencies/YamlDotNet/Unity.VisualScripting.YamlDotNet.dll
Symbol file LoadedFromMemory doesn't match image /Users/yiwenxu/Documents/GitHub/game-jam/Granny/Library/PackageCache/com.unity.visualscripting@1.8.0/Editor/VisualScripting.Core/Dependencies/DotNetZip/Unity.VisualScripting.IonicZip.dll
Native extension for OSXStandalone target not found
Refreshing native plugins compatible for Editor in 0.46 ms, found 2 plugins.
Preloading 0 native plugins for Editor in 0.00 ms.
Mono: successfully reloaded assembly
- Completed reload, in  0.574 seconds
Domain Reload Profiling:
	ReloadAssembly (575ms)
		BeginReloadAssembly (84ms)
			ExecutionOrderSort (0ms)
			DisableScriptedObjects (2ms)
			BackupInstance (0ms)
			ReleaseScriptingObjects (0ms)
			CreateAndSetChildDomain (37ms)
		EndReloadAssembly (431ms)
			LoadAssemblies (29ms)
			RebuildTransferFunctionScriptingTraits (0ms)
			SetupTypeCache (175ms)
			ReleaseScriptCaches (1ms)
			RebuildScriptCaches (27ms)
			SetupLoadedEditorAssemblies (169ms)
				LogAssemblyErrors (0ms)
				InitializePlatformSupportModulesInManaged (5ms)
				SetLoadedEditorAssemblies (0ms)
				RefreshPlugins (0ms)
				BeforeProcessingInitializeOnLoad (36ms)
				ProcessInitializeOnLoadAttributes (115ms)
				ProcessInitializeOnLoadMethodAttributes (11ms)
				AfterProcessingInitializeOnLoad (1ms)
				EditorAssembliesLoaded (0ms)
			ExecutionOrderSort2 (0ms)
			AwakeInstancesAfterBackupRestoration (2ms)
Platform modules already initialized, skipping
Refreshing native plugins compatible for Editor in 0.85 ms, found 2 plugins.
Preloading 0 native plugins for Editor in 0.00 ms.
Unloading 3045 Unused Serialized files (Serialized files now loaded: 0)
Unloading 17 unused Assets / (68.8 KB). Loaded Objects now: 3598.
Memory consumption went from 140.7 MB to 140.6 MB.
Total: 2.022875 ms (FindLiveObjects: 0.117583 ms CreateObjectMapping: 0.036541 ms MarkObjects: 1.809334 ms  DeleteObjects: 0.058916 ms)

AssetImportParameters requested are different than current active one (requested -> active):
  custom:video-decoder-ogg-theora: a1e56fd34408186e4bbccfd4996cb3dc -> 
  custom:container-muxer-webm: aa71ff27fc2769a1b78a27578f13a17b -> 
  custom:container-demuxer-webm: 4f35f7cbe854078d1ac9338744f61a02 -> 
  custom:video-encoder-webm-vp8: eb34c28f22e8b96e1ab97ce403110664 -> 
  custom:framework-osx-AVFoundation: e770b220cccbd017edd2c1fefb359320 -> 
  custom:audio-encoder-webm-vorbis: bf7c407c2cedff20999df2af8eb42d56 -> 
  custom:container-demuxer-ogg: 62fdf1f143b41e24485cea50d1cbac27 -> 
  custom:video-decoder-webm-vp8: 9c59270c3fd7afecdb556c50c9e8de78 -> 
  custom:audio-decoder-ogg-vorbis: bf7c407c2cedff20999df2af8eb42d56 -> 
