Unity Editor version:    2021.3.18f1 (3129e69bc0c7)
Branch:                  2021.3/staging
Build type:              Release
Batch mode:              YES
macOS version:           Version 12.1 (Build 21C52)
Darwin version:          21.2.0
Architecture:            arm64
Running under Rosetta:   NO
Available memory:        16384 MB
Using pre-set license
Pro License: YES

COMMAND LINE ARGUMENTS:
/Applications/Unity/Hub/Editor/2021.3.18f1/Unity.app/Contents/MacOS/Unity
-adb2
-batchMode
-noUpm
-name
AssetImportWorker0
-projectPath
/Users/yiwenxu/Documents/GitHub/game-jam/Granny
-logFile
Logs/AssetImportWorker0.log
-srvPort
58145
Successfully changed project path to: /Users/yiwenxu/Documents/GitHub/game-jam/Granny
/Users/yiwenxu/Documents/GitHub/game-jam/Granny
[UnityMemory] Configuration Parameters - Can be set up in boot.config
    "memorysetup-bucket-allocator-granularity=16"
    "memorysetup-bucket-allocator-bucket-count=8"
    "memorysetup-bucket-allocator-block-size=33554432"
    "memorysetup-bucket-allocator-block-count=8"
    "memorysetup-main-allocator-block-size=16777216"
    "memorysetup-thread-allocator-block-size=16777216"
    "memorysetup-gfx-main-allocator-block-size=16777216"
    "memorysetup-gfx-thread-allocator-block-size=16777216"
    "memorysetup-cache-allocator-block-size=4194304"
    "memorysetup-typetree-allocator-block-size=2097152"
    "memorysetup-profiler-bucket-allocator-granularity=16"
    "memorysetup-profiler-bucket-allocator-bucket-count=8"
    "memorysetup-profiler-bucket-allocator-block-size=33554432"
    "memorysetup-profiler-bucket-allocator-block-count=8"
    "memorysetup-profiler-allocator-block-size=16777216"
    "memorysetup-profiler-editor-allocator-block-size=1048576"
    "memorysetup-temp-allocator-size-main=16777216"
    "memorysetup-job-temp-allocator-block-size=2097152"
    "memorysetup-job-temp-allocator-block-size-background=1048576"
    "memorysetup-job-temp-allocator-reduction-small-platforms=262144"
    "memorysetup-temp-allocator-size-background-worker=32768"
    "memorysetup-temp-allocator-size-job-worker=262144"
    "memorysetup-temp-allocator-size-preload-manager=33554432"
    "memorysetup-temp-allocator-size-nav-mesh-worker=65536"
    "memorysetup-temp-allocator-size-audio-worker=65536"
    "memorysetup-temp-allocator-size-cloud-worker=32768"
    "memorysetup-temp-allocator-size-gi-baking-worker=262144"
    "memorysetup-temp-allocator-size-gfx=262144"
Player connection [4410459520] Host "[IP] 192.168.200.160 [Port] 0 [Flags] 2 [Guid] 2159999279 [EditorId] 2159999279 [Version] 1048832 [Id] OSXEditor(0,Yiwens-MacBook-Pro.local) [Debug] 1 [PackageName] OSXEditor [ProjectName] Editor" joined multi-casting on [225.0.0.222:54997]...

Player connection [4410459520] Host "[IP] 192.168.200.160 [Port] 0 [Flags] 2 [Guid] 2159999279 [EditorId] 2159999279 [Version] 1048832 [Id] OSXEditor(0,Yiwens-MacBook-Pro.local) [Debug] 1 [PackageName] OSXEditor [ProjectName] Editor" joined alternative multi-casting on [225.0.0.222:34997]...

Refreshing native plugins compatible for Editor in 62.19 ms, found 2 plugins.
Preloading 0 native plugins for Editor in 0.00 ms.
Initialize engine version: 2021.3.18f1 (3129e69bc0c7)
[Subsystems] Discovering subsystems at path /Applications/Unity/Hub/Editor/2021.3.18f1/Unity.app/Contents/Resources/UnitySubsystems
[Subsystems] Discovering subsystems at path /Users/yiwenxu/Documents/GitHub/game-jam/Granny/Assets
GfxDevice: creating device client; threaded=0; jobified=0
 preferred device: Apple M1 Pro (high power)
Metal devices available: 1
0: Apple M1 Pro (high power)
Using device Apple M1 Pro (high power)
Initializing Metal device caps: Apple M1 Pro
Initialize mono
Mono path[0] = '/Applications/Unity/Hub/Editor/2021.3.18f1/Unity.app/Contents/Managed'
Mono path[1] = '/Applications/Unity/Hub/Editor/2021.3.18f1/Unity.app/Contents/MonoBleedingEdge/lib/mono/unityjit-macos'
Mono config path = '/Applications/Unity/Hub/Editor/2021.3.18f1/Unity.app/Contents/MonoBleedingEdge/etc'
Using monoOptions --debugger-agent=transport=dt_socket,embedding=1,server=y,suspend=n,address=127.0.0.1:56484
Begin MonoManager ReloadAssembly
Registering precompiled unity dll's ...
Register platform support module: /Applications/Unity/Hub/Editor/2021.3.18f1/Unity.app/Contents/PlaybackEngines/MacStandaloneSupport/UnityEditor.OSXStandalone.Extensions.dll
Registered in 0.000607 seconds.
Native extension for OSXStandalone target not found
Refreshing native plugins compatible for Editor in 62.22 ms, found 2 plugins.
Preloading 0 native plugins for Editor in 0.00 ms.
Mono: successfully reloaded assembly
- Completed reload, in  0.396 seconds
Domain Reload Profiling:
	ReloadAssembly (396ms)
		BeginReloadAssembly (30ms)
			ExecutionOrderSort (0ms)
			DisableScriptedObjects (0ms)
			BackupInstance (0ms)
			ReleaseScriptingObjects (0ms)
			CreateAndSetChildDomain (0ms)
		EndReloadAssembly (293ms)
			LoadAssemblies (29ms)
			RebuildTransferFunctionScriptingTraits (0ms)
			SetupTypeCache (75ms)
			ReleaseScriptCaches (0ms)
			RebuildScriptCaches (20ms)
			SetupLoadedEditorAssemblies (172ms)
				LogAssemblyErrors (0ms)
				InitializePlatformSupportModulesInManaged (4ms)
				SetLoadedEditorAssemblies (0ms)
				RefreshPlugins (62ms)
				BeforeProcessingInitializeOnLoad (1ms)
				ProcessInitializeOnLoadAttributes (79ms)
				ProcessInitializeOnLoadMethodAttributes (26ms)
				AfterProcessingInitializeOnLoad (0ms)
				EditorAssembliesLoaded (0ms)
			ExecutionOrderSort2 (0ms)
			AwakeInstancesAfterBackupRestoration (0ms)
Platform modules already initialized, skipping
Registering precompiled user dll's ...
Registered in 0.001205 seconds.
Begin MonoManager ReloadAssembly
Symbol file LoadedFromMemory doesn't match image /Users/yiwenxu/Documents/GitHub/game-jam/Granny/Library/PackageCache/com.unity.visualscripting@1.8.0/Editor/VisualScripting.Core/Dependencies/YamlDotNet/Unity.VisualScripting.YamlDotNet.dll
Symbol file LoadedFromMemory doesn't match image /Users/yiwenxu/Documents/GitHub/game-jam/Granny/Library/PackageCache/com.unity.visualscripting@1.8.0/Editor/VisualScripting.Core/Dependencies/DotNetZip/Unity.VisualScripting.IonicZip.dll
Native extension for OSXStandalone target not found
Refreshing native plugins compatible for Editor in 0.34 ms, found 2 plugins.
Preloading 0 native plugins for Editor in 0.00 ms.
Mono: successfully reloaded assembly
- Completed reload, in  0.600 seconds
Domain Reload Profiling:
	ReloadAssembly (600ms)
		BeginReloadAssembly (60ms)
			ExecutionOrderSort (0ms)
			DisableScriptedObjects (4ms)
			BackupInstance (0ms)
			ReleaseScriptingObjects (0ms)
			CreateAndSetChildDomain (20ms)
		EndReloadAssembly (468ms)
			LoadAssemblies (29ms)
			RebuildTransferFunctionScriptingTraits (0ms)
			SetupTypeCache (174ms)
			ReleaseScriptCaches (0ms)
			RebuildScriptCaches (32ms)
			SetupLoadedEditorAssemblies (203ms)
				LogAssemblyErrors (0ms)
				InitializePlatformSupportModulesInManaged (2ms)
				SetLoadedEditorAssemblies (0ms)
				RefreshPlugins (0ms)
				BeforeProcessingInitializeOnLoad (50ms)
				ProcessInitializeOnLoadAttributes (138ms)
				ProcessInitializeOnLoadMethodAttributes (11ms)
				AfterProcessingInitializeOnLoad (1ms)
				EditorAssembliesLoaded (0ms)
			ExecutionOrderSort2 (0ms)
			AwakeInstancesAfterBackupRestoration (2ms)
Platform modules already initialized, skipping
========================================================================
Worker process is ready to serve import requests
Launching external process: /Applications/Unity/Hub/Editor/2021.3.18f1/Unity.app/Contents/Tools/UnityShaderCompiler
Launched and connected shader compiler UnityShaderCompiler after 0.04 seconds
Refreshing native plugins compatible for Editor in 0.37 ms, found 2 plugins.
Preloading 0 native plugins for Editor in 0.00 ms.
Unloading 3048 Unused Serialized files (Serialized files now loaded: 0)
Unloading 24 unused Assets / (88.1 KB). Loaded Objects now: 3508.
Memory consumption went from 101.9 MB to 101.8 MB.
Total: 2.184791 ms (FindLiveObjects: 0.101417 ms CreateObjectMapping: 0.034875 ms MarkObjects: 1.985292 ms  DeleteObjects: 0.062791 ms)

AssetImportParameters requested are different than current active one (requested -> active):
  custom:video-decoder-ogg-theora: a1e56fd34408186e4bbccfd4996cb3dc -> 
  custom:container-muxer-webm: aa71ff27fc2769a1b78a27578f13a17b -> 
  custom:container-demuxer-webm: 4f35f7cbe854078d1ac9338744f61a02 -> 
  custom:video-encoder-webm-vp8: eb34c28f22e8b96e1ab97ce403110664 -> 
  custom:framework-osx-AVFoundation: e770b220cccbd017edd2c1fefb359320 -> 
  custom:audio-encoder-webm-vorbis: bf7c407c2cedff20999df2af8eb42d56 -> 
  custom:container-demuxer-ogg: 62fdf1f143b41e24485cea50d1cbac27 -> 
  custom:video-decoder-webm-vp8: 9c59270c3fd7afecdb556c50c9e8de78 -> 
  custom:audio-decoder-ogg-vorbis: bf7c407c2cedff20999df2af8eb42d56 -> 
========================================================================
Received Import Request.
  Time since last request: 28081.187502 seconds.
  path: Assets/Scenes/Scene1.unity
  artifactKey: Guid(9fc0d4010bbf28b4594072e72b8655ab) Importer(815301076,1909f56bfc062723c751e8b465ee728b)
Start importing Assets/Scenes/Scene1.unity using Guid(9fc0d4010bbf28b4594072e72b8655ab) Importer(815301076,1909f56bfc062723c751e8b465ee728b)  -> (artifact id: '22657ebf33ff8ba715ef3fb0faa4544d') in 0.004373 seconds 
========================================================================
Received Import Request.
  Time since last request: 26.261320 seconds.
  path: Assets/3DForge/Blueprints
  artifactKey: Guid(574f265e6f0fcbd4789867de57a04f32) Importer(815301076,1909f56bfc062723c751e8b465ee728b)
Start importing Assets/3DForge/Blueprints using Guid(574f265e6f0fcbd4789867de57a04f32) Importer(815301076,1909f56bfc062723c751e8b465ee728b)  -> (artifact id: 'b7ec944747d935b842feb9b940db0952') in 0.001608 seconds 
========================================================================
Received Import Request.
  Time since last request: 0.780134 seconds.
  path: Assets/3DForge/Blueprints/PremiumBlueprints
  artifactKey: Guid(8e5fb4c885ac40740a1f3e39403661d7) Importer(815301076,1909f56bfc062723c751e8b465ee728b)
Start importing Assets/3DForge/Blueprints/PremiumBlueprints using Guid(8e5fb4c885ac40740a1f3e39403661d7) Importer(815301076,1909f56bfc062723c751e8b465ee728b)  -> (artifact id: '166cb7488df9da9fbae361be31790cf5') in 0.001728 seconds 
========================================================================
Received Import Request.
  Time since last request: 1.038141 seconds.
  path: Assets/3DForge/Blueprints/PremiumBlueprints/PB_VIK_VEK
  artifactKey: Guid(e1be0aff3973a604281888962ab8fd6f) Importer(815301076,1909f56bfc062723c751e8b465ee728b)
Start importing Assets/3DForge/Blueprints/PremiumBlueprints/PB_VIK_VEK using Guid(e1be0aff3973a604281888962ab8fd6f) Importer(815301076,1909f56bfc062723c751e8b465ee728b)  -> (artifact id: '6442845ae107daa64ffc2ae7f5bd946f') in 0.001477 seconds 
========================================================================
Received Import Request.
  Time since last request: 0.663343 seconds.
  path: Assets/3DForge/Blueprints/PremiumBlueprints/PB_VIK_VEK/FrontierSettlement
  artifactKey: Guid(481cd52ae7bc40443acf76a2af4efb02) Importer(815301076,1909f56bfc062723c751e8b465ee728b)
Start importing Assets/3DForge/Blueprints/PremiumBlueprints/PB_VIK_VEK/FrontierSettlement using Guid(481cd52ae7bc40443acf76a2af4efb02) Importer(815301076,1909f56bfc062723c751e8b465ee728b)  -> (artifact id: 'ca0f023d63cf069b6cd95a46bbf2cf2e') in 0.001627 seconds 
========================================================================
Received Import Request.
  Time since last request: 0.789184 seconds.
  path: Assets/3DForge/Blueprints/PremiumBlueprints/PB_VIK_VEK/FrontierSettlement/BLUEPRINTS
  artifactKey: Guid(d5495da2aa73206409d843ed6ca93dab) Importer(815301076,1909f56bfc062723c751e8b465ee728b)
Start importing Assets/3DForge/Blueprints/PremiumBlueprints/PB_VIK_VEK/FrontierSettlement/BLUEPRINTS using Guid(d5495da2aa73206409d843ed6ca93dab) Importer(815301076,1909f56bfc062723c751e8b465ee728b)  -> (artifact id: 'f0e249d8e5a1ecd442765b916ca97062') in 0.001635 seconds 
========================================================================
Received Import Request.
  Time since last request: 0.960951 seconds.
  path: Assets/3DForge/Blueprints/PremiumBlueprints/PB_VIK_VEK/FrontierSettlement/BLUEPRINTS/Frontiers
  artifactKey: Guid(e56d5e13a6abade4da1a51dde26c6e14) Importer(815301076,1909f56bfc062723c751e8b465ee728b)
Start importing Assets/3DForge/Blueprints/PremiumBlueprints/PB_VIK_VEK/FrontierSettlement/BLUEPRINTS/Frontiers using Guid(e56d5e13a6abade4da1a51dde26c6e14) Importer(815301076,1909f56bfc062723c751e8b465ee728b)  -> (artifact id: '8e6467887bcfcd3531a9c69a8e7c4337') in 0.001746 seconds 
========================================================================
Received Import Request.
  Time since last request: 0.054214 seconds.
  path: Assets/3DForge/Blueprints/PremiumBlueprints/PB_VIK_VEK/FrontierSettlement/BLUEPRINTS/Frontiers/PB_FS_Blacksmith.prefab
  artifactKey: Guid(a80b83884ffb26f41bc6c3343143484a) Importer(815301076,1909f56bfc062723c751e8b465ee728b)
Start importing Assets/3DForge/Blueprints/PremiumBlueprints/PB_VIK_VEK/FrontierSettlement/BLUEPRINTS/Frontiers/PB_FS_Blacksmith.prefab using Guid(a80b83884ffb26f41bc6c3343143484a) Importer(815301076,1909f56bfc062723c751e8b465ee728b)  -> (artifact id: '80366e19027cf82307586be62c95979c') in 0.712156 seconds 
========================================================================
Received Import Request.
  Time since last request: 0.000044 seconds.
  path: Assets/3DForge/Blueprints/PremiumBlueprints/PB_VIK_VEK/FrontierSettlement/BLUEPRINTS/Frontiers/PB_FS_Settlement01.prefab
  artifactKey: Guid(2c169ebb482516542888a6e2fee8b109) Importer(815301076,1909f56bfc062723c751e8b465ee728b)
Start importing Assets/3DForge/Blueprints/PremiumBlueprints/PB_VIK_VEK/FrontierSettlement/BLUEPRINTS/Frontiers/PB_FS_Settlement01.prefab using Guid(2c169ebb482516542888a6e2fee8b109) Importer(815301076,1909f56bfc062723c751e8b465ee728b)  -> (artifact id: 'b141a9ecab222441f6916acbc869a1f8') in 0.017822 seconds 
========================================================================
Received Import Request.
  Time since last request: 14.814752 seconds.
  path: Assets/3DForge/Blueprints/PremiumBlueprints/PB_VIK_VEK/FrontierSettlement/Documentation
  artifactKey: Guid(045dbcdf54449a04891efd0c7bc5029d) Importer(815301076,1909f56bfc062723c751e8b465ee728b)
Start importing Assets/3DForge/Blueprints/PremiumBlueprints/PB_VIK_VEK/FrontierSettlement/Documentation using Guid(045dbcdf54449a04891efd0c7bc5029d) Importer(815301076,1909f56bfc062723c751e8b465ee728b)  -> (artifact id: '3fc7abf8eb4d7a0b262242f762b18e84') in 0.001916 seconds 
========================================================================
Received Import Request.
  Time since last request: 197.092743 seconds.
  path: Packages/com.unity.testtools.codecoverage/package.json
  artifactKey: Guid(ba7d60725b0ec604698819352642be89) Importer(815301076,1909f56bfc062723c751e8b465ee728b)
Start importing Packages/com.unity.testtools.codecoverage/package.json using Guid(ba7d60725b0ec604698819352642be89) Importer(815301076,1909f56bfc062723c751e8b465ee728b)  -> (artifact id: 'b4ede392239df6bf770ed0fb43b79895') in 0.126084 seconds 
========================================================================
Received Import Request.
  Time since last request: 1.284254 seconds.
  path: Packages/com.unity.ext.nunit/package.json
  artifactKey: Guid(8143d3a8390f2c64685e3bc272bd9e90) Importer(815301076,1909f56bfc062723c751e8b465ee728b)
Start importing Packages/com.unity.ext.nunit/package.json using Guid(8143d3a8390f2c64685e3bc272bd9e90) Importer(815301076,1909f56bfc062723c751e8b465ee728b)  -> (artifact id: 'b40fc5629c4141466786b845dfe4fc31') in 0.003852 seconds 
========================================================================
Received Import Request.
  Time since last request: 10.251678 seconds.
  path: Assets/3DForge/FantasyExteriors/Village & Towns/Prefabs
  artifactKey: Guid(4d2f9a54502993a4dbfc825379c91415) Importer(815301076,1909f56bfc062723c751e8b465ee728b)
Start importing Assets/3DForge/FantasyExteriors/Village & Towns/Prefabs using Guid(4d2f9a54502993a4dbfc825379c91415) Importer(815301076,1909f56bfc062723c751e8b465ee728b)  -> (artifact id: '47cd208ce755e1c7158f789840ff54de') in 0.001342 seconds 
========================================================================
Received Import Request.
  Time since last request: 1.696668 seconds.
  path: Assets/3DForge/FantasyExteriors/Village & Towns/Prefabs/Buildings
  artifactKey: Guid(895715e77fa90494f8a0843094c64e8c) Importer(815301076,1909f56bfc062723c751e8b465ee728b)
Start importing Assets/3DForge/FantasyExteriors/Village & Towns/Prefabs/Buildings using Guid(895715e77fa90494f8a0843094c64e8c) Importer(815301076,1909f56bfc062723c751e8b465ee728b)  -> (artifact id: '98b13388196b4b6ff5a23feff201cb0a') in 0.001868 seconds 
========================================================================
Received Import Request.
  Time since last request: 1.349790 seconds.
  path: Assets/3DForge/FantasyExteriors/Village & Towns/Prefabs/Buildings/Farm
  artifactKey: Guid(8afeb62b5acbe5149bb46b2b7403a701) Importer(815301076,1909f56bfc062723c751e8b465ee728b)
Start importing Assets/3DForge/FantasyExteriors/Village & Towns/Prefabs/Buildings/Farm using Guid(8afeb62b5acbe5149bb46b2b7403a701) Importer(815301076,1909f56bfc062723c751e8b465ee728b)  -> (artifact id: 'd48922caee2d78891edf4cc8028f74c7') in 0.002161 seconds 
========================================================================
Received Import Request.
  Time since last request: 1.130269 seconds.
  path: Assets/3DForge/FantasyExteriors/Village & Towns/Prefabs/Buildings/Farm/Stables
  artifactKey: Guid(305f394d819249746b2d6192295d3c69) Importer(815301076,1909f56bfc062723c751e8b465ee728b)
Start importing Assets/3DForge/FantasyExteriors/Village & Towns/Prefabs/Buildings/Farm/Stables using Guid(305f394d819249746b2d6192295d3c69) Importer(815301076,1909f56bfc062723c751e8b465ee728b)  -> (artifact id: 'fa090168d144feb93b3377b20f7b50c4') in 0.001715 seconds 
========================================================================
Received Import Request.
  Time since last request: 0.081414 seconds.
  path: Assets/3DForge/FantasyExteriors/Village & Towns/Prefabs/Buildings/Farm/Stables/Stable_2horse.prefab
  artifactKey: Guid(6e9705af4ea1b6b46b43464099d05f14) Importer(815301076,1909f56bfc062723c751e8b465ee728b)
Start importing Assets/3DForge/FantasyExteriors/Village & Towns/Prefabs/Buildings/Farm/Stables/Stable_2horse.prefab using Guid(6e9705af4ea1b6b46b43464099d05f14) Importer(815301076,1909f56bfc062723c751e8b465ee728b)  -> (artifact id: '53c3b8e68c943101f199ff9ed40f9a62') in 0.357114 seconds 
========================================================================
Received Import Request.
  Time since last request: 5.057442 seconds.
  path: Assets/3DForge/FantasyExteriors/Village & Towns/Materials/fe_village_base.mat
  artifactKey: Guid(2c4401510f3cbe944a203a24e7eb59b0) Importer(815301076,1909f56bfc062723c751e8b465ee728b)
Start importing Assets/3DForge/FantasyExteriors/Village & Towns/Materials/fe_village_base.mat using Guid(2c4401510f3cbe944a203a24e7eb59b0) Importer(815301076,1909f56bfc062723c751e8b465ee728b)  -> (artifact id: '7c05e872cfb6947cd88b4962a4dcd8bd') in 0.117196 seconds 
========================================================================
Received Import Request.
  Time since last request: 0.000057 seconds.
  path: Assets/3DForge/FantasyExteriors/Village & Towns/Materials/fe_village_CORE.mat
  artifactKey: Guid(1662789494675a845abbb9658fcbeb65) Importer(815301076,1909f56bfc062723c751e8b465ee728b)
Start importing Assets/3DForge/FantasyExteriors/Village & Towns/Materials/fe_village_CORE.mat using Guid(1662789494675a845abbb9658fcbeb65) Importer(815301076,1909f56bfc062723c751e8b465ee728b)  -> (artifact id: '19074d86280d64479b8b40dea5a2d2d7') in 0.229483 seconds 
========================================================================
Received Import Request.
  Time since last request: 2.309092 seconds.
  path: Assets/3DForge/FantasyExteriors/Village & Towns/Meshes/Buildings
  artifactKey: Guid(9dfa8464df1aa6e40a8c4debe6e391f0) Importer(815301076,1909f56bfc062723c751e8b465ee728b)
Start importing Assets/3DForge/FantasyExteriors/Village & Towns/Meshes/Buildings using Guid(9dfa8464df1aa6e40a8c4debe6e391f0) Importer(815301076,1909f56bfc062723c751e8b465ee728b)  -> (artifact id: '01fb89b8b3114ba791d28734c3b5550e') in 0.001507 seconds 
========================================================================
Received Import Request.
  Time since last request: 0.697076 seconds.
  path: Assets/3DForge/FantasyExteriors/Village & Towns/Meshes/Buildings/Farm
  artifactKey: Guid(13e766bdd3d01d2498dc086a2cffb8d0) Importer(815301076,1909f56bfc062723c751e8b465ee728b)
Start importing Assets/3DForge/FantasyExteriors/Village & Towns/Meshes/Buildings/Farm using Guid(13e766bdd3d01d2498dc086a2cffb8d0) Importer(815301076,1909f56bfc062723c751e8b465ee728b)  -> (artifact id: '9e6a48c34172c317f21b302ed2ed67d7') in 0.001486 seconds 
========================================================================
Received Import Request.
  Time since last request: 0.071046 seconds.
  path: Assets/3DForge/FantasyExteriors/Village & Towns/Meshes/Buildings/Farm/fi_vil_farm_trough02_1m.fbx
  artifactKey: Guid(9b5bd06f42dc1f344b44ad21fe2db0de) Importer(815301076,1909f56bfc062723c751e8b465ee728b)
Start importing Assets/3DForge/FantasyExteriors/Village & Towns/Meshes/Buildings/Farm/fi_vil_farm_trough02_1m.fbx using Guid(9b5bd06f42dc1f344b44ad21fe2db0de) Importer(815301076,1909f56bfc062723c751e8b465ee728b)  -> (artifact id: 'bd29787af9d5d1a2dd112486a3e038a3') in 0.356775 seconds 
========================================================================
Received Import Request.
  Time since last request: 3.496534 seconds.
  path: Assets/3DForge/FantasyExteriors/Village & Towns/Meshes/Base
  artifactKey: Guid(2e4bc270996c23148ab86ea4c250b503) Importer(815301076,1909f56bfc062723c751e8b465ee728b)
Start importing Assets/3DForge/FantasyExteriors/Village & Towns/Meshes/Base using Guid(2e4bc270996c23148ab86ea4c250b503) Importer(815301076,1909f56bfc062723c751e8b465ee728b)  -> (artifact id: '58b78b66672b5652965dcb005d342b2f') in 0.008216 seconds 
========================================================================
Received Import Request.
  Time since last request: 1.017767 seconds.
  path: Assets/3DForge/FantasyExteriors/Village & Towns/Meshes/Base/Core
  artifactKey: Guid(90354dfa185416243a508d63c0cc27ea) Importer(815301076,1909f56bfc062723c751e8b465ee728b)
Start importing Assets/3DForge/FantasyExteriors/Village & Towns/Meshes/Base/Core using Guid(90354dfa185416243a508d63c0cc27ea) Importer(815301076,1909f56bfc062723c751e8b465ee728b)  -> (artifact id: 'f7e80684247d2677b5e2119af7117ac8') in 0.001669 seconds 
========================================================================
Received Import Request.
  Time since last request: 0.711741 seconds.
  path: Assets/3DForge/FantasyExteriors/Village & Towns/Meshes/Base/Core/3 wide
  artifactKey: Guid(a1bfa3d8171651840aee86ebfb5ac53a) Importer(815301076,1909f56bfc062723c751e8b465ee728b)
Start importing Assets/3DForge/FantasyExteriors/Village & Towns/Meshes/Base/Core/3 wide using Guid(a1bfa3d8171651840aee86ebfb5ac53a) Importer(815301076,1909f56bfc062723c751e8b465ee728b)  -> (artifact id: '2068fb052a77a7fe86e452e50d57c53e') in 0.001472 seconds 
========================================================================
Received Import Request.
  Time since last request: 0.068528 seconds.
  path: Assets/3DForge/FantasyExteriors/Village & Towns/Meshes/Base/Core/3 wide/fi_vil_core_wall_3X4.fbx
  artifactKey: Guid(b405a08850348f9499673e4674e43ef6) Importer(815301076,1909f56bfc062723c751e8b465ee728b)
Start importing Assets/3DForge/FantasyExteriors/Village & Towns/Meshes/Base/Core/3 wide/fi_vil_core_wall_3X4.fbx using Guid(b405a08850348f9499673e4674e43ef6) Importer(815301076,1909f56bfc062723c751e8b465ee728b)  -> (artifact id: '78fd180da7d642a95479ec521548f554') in 0.018256 seconds 
========================================================================
Received Import Request.
  Time since last request: 25.744824 seconds.
  path: Assets/3DForge/FantasyExteriors/Village & Towns/Prefabs/Base
  artifactKey: Guid(5b1e09dca5b5d724b9399e94d24ae361) Importer(815301076,1909f56bfc062723c751e8b465ee728b)
Start importing Assets/3DForge/FantasyExteriors/Village & Towns/Prefabs/Base using Guid(5b1e09dca5b5d724b9399e94d24ae361) Importer(815301076,1909f56bfc062723c751e8b465ee728b)  -> (artifact id: '058e413e8047e7ee168b866160e0ca59') in 0.002332 seconds 
========================================================================
Received Import Request.
  Time since last request: 0.747141 seconds.
  path: Assets/3DForge/FantasyExteriors/Village & Towns/Prefabs/Base/Core
  artifactKey: Guid(fe0d29bd939f1de42bb1e63a716e4177) Importer(815301076,1909f56bfc062723c751e8b465ee728b)
Start importing Assets/3DForge/FantasyExteriors/Village & Towns/Prefabs/Base/Core using Guid(fe0d29bd939f1de42bb1e63a716e4177) Importer(815301076,1909f56bfc062723c751e8b465ee728b)  -> (artifact id: '7e70ada6d8fc95c0e85b35f0334a5e43') in 0.001254 seconds 
========================================================================
Received Import Request.
  Time since last request: 0.631711 seconds.
  path: Assets/3DForge/FantasyExteriors/Village & Towns/Prefabs/Base/Core/3 wide
  artifactKey: Guid(773b7ae71c555c141bf8d8a620061c1c) Importer(815301076,1909f56bfc062723c751e8b465ee728b)
Start importing Assets/3DForge/FantasyExteriors/Village & Towns/Prefabs/Base/Core/3 wide using Guid(773b7ae71c555c141bf8d8a620061c1c) Importer(815301076,1909f56bfc062723c751e8b465ee728b)  -> (artifact id: '2ac1bf0abfd4cd72cc15eb0a31b43cc2') in 0.001379 seconds 
========================================================================
Received Import Request.
  Time since last request: 0.079447 seconds.
  path: Assets/3DForge/FantasyExteriors/Village & Towns/Prefabs/Base/Core/3 wide/fi_vil_core_wall_3X4.prefab
  artifactKey: Guid(20ec5eb37359be745a735bf255de880e) Importer(815301076,1909f56bfc062723c751e8b465ee728b)
Start importing Assets/3DForge/FantasyExteriors/Village & Towns/Prefabs/Base/Core/3 wide/fi_vil_core_wall_3X4.prefab using Guid(20ec5eb37359be745a735bf255de880e) Importer(815301076,1909f56bfc062723c751e8b465ee728b)  -> (artifact id: '3ad09147bd191eb5c80aede7f2343b14') in 0.009496 seconds 
========================================================================
Received Import Request.
  Time since last request: 10.495763 seconds.
  path: Assets/3DForge/FantasyExteriors/Village & Towns/Prefabs/Buildings/ForestVillage/ForestVillage02.prefab
  artifactKey: Guid(b5fda4394c3dfdd47b883b44e1221c70) Importer(815301076,1909f56bfc062723c751e8b465ee728b)
Start importing Assets/3DForge/FantasyExteriors/Village & Towns/Prefabs/Buildings/ForestVillage/ForestVillage02.prefab using Guid(b5fda4394c3dfdd47b883b44e1221c70) Importer(815301076,1909f56bfc062723c751e8b465ee728b)  -> (artifact id: 'ef9f6779af8f180d3a7e56cc88e99fc4') in 0.327181 seconds 
========================================================================
Received Import Request.
  Time since last request: 4.561906 seconds.
  path: Assets/3DForge/FantasyExteriors/Village & Towns/Prefabs/Fences/Fence parts/fi_vil_fence_parts_cross03_X1.prefab
  artifactKey: Guid(44c8796b102382a458de0c51da50a1cf) Importer(815301076,1909f56bfc062723c751e8b465ee728b)
Start importing Assets/3DForge/FantasyExteriors/Village & Towns/Prefabs/Fences/Fence parts/fi_vil_fence_parts_cross03_X1.prefab using Guid(44c8796b102382a458de0c51da50a1cf) Importer(815301076,1909f56bfc062723c751e8b465ee728b)  -> (artifact id: '41c72a07a2782595e762f1482e957bed') in 0.084548 seconds 
========================================================================
Received Import Request.
  Time since last request: 0.670646 seconds.
  path: Assets/3DForge/FantasyExteriors/Village & Towns/Prefabs/Fences/Fence01/fi_vil_fence01_1m_C.prefab
  artifactKey: Guid(dcf8794d55ec9fa49a5527d65908cac3) Importer(815301076,1909f56bfc062723c751e8b465ee728b)
Start importing Assets/3DForge/FantasyExteriors/Village & Towns/Prefabs/Fences/Fence01/fi_vil_fence01_1m_C.prefab using Guid(dcf8794d55ec9fa49a5527d65908cac3) Importer(815301076,1909f56bfc062723c751e8b465ee728b)  -> (artifact id: '912cde8006590800fb9dfcd89e0b119f') in 0.075957 seconds 
========================================================================
Received Import Request.
  Time since last request: 0.703748 seconds.
  path: Assets/3DForge/FantasyExteriors/Village & Towns/Prefabs/Fences/Fence02/fi_vil_fence02_2,5m_B.prefab
  artifactKey: Guid(d278e5a775df80147a4b3fdc06308dfb) Importer(815301076,1909f56bfc062723c751e8b465ee728b)
Start importing Assets/3DForge/FantasyExteriors/Village & Towns/Prefabs/Fences/Fence02/fi_vil_fence02_2,5m_B.prefab using Guid(d278e5a775df80147a4b3fdc06308dfb) Importer(815301076,1909f56bfc062723c751e8b465ee728b)  -> (artifact id: '3c152a052b6739596308ae6c54f9c11d') in 0.077799 seconds 
========================================================================
Received Import Request.
  Time since last request: 0.000071 seconds.
  path: Assets/3DForge/FantasyExteriors/Village & Towns/Prefabs/Fences/Fence02/fi_vil_fence02_gate_frame_gate.prefab
  artifactKey: Guid(fa13717c0193c224fbbf656c81f0252d) Importer(815301076,1909f56bfc062723c751e8b465ee728b)
Start importing Assets/3DForge/FantasyExteriors/Village & Towns/Prefabs/Fences/Fence02/fi_vil_fence02_gate_frame_gate.prefab using Guid(fa13717c0193c224fbbf656c81f0252d) Importer(815301076,1909f56bfc062723c751e8b465ee728b)  -> (artifact id: '198e8d3b8c8df75bcab67df57fb62b6f') in 0.049040 seconds 
========================================================================
Received Import Request.
  Time since last request: 18.473784 seconds.
  path: Assets/3DForge/Blueprints/BPVIK_VEK/ThunderHammer.asset
  artifactKey: Guid(b69e4363691560f4c8b92f5f06d08164) Importer(815301076,1909f56bfc062723c751e8b465ee728b)
Start importing Assets/3DForge/Blueprints/BPVIK_VEK/ThunderHammer.asset using Guid(b69e4363691560f4c8b92f5f06d08164) Importer(815301076,1909f56bfc062723c751e8b465ee728b)  -> (artifact id: '0b640c57064f836ef055f064c3afd2db') in 0.085663 seconds 
========================================================================
Received Import Request.
  Time since last request: 2.108568 seconds.
  path: Assets/3DForge/Blueprints/BPVIK_VEK/ThunderHammer.unity
  artifactKey: Guid(293bda1a32578d24b9c28ddf170b3fc8) Importer(815301076,1909f56bfc062723c751e8b465ee728b)
Start importing Assets/3DForge/Blueprints/BPVIK_VEK/ThunderHammer.unity using Guid(293bda1a32578d24b9c28ddf170b3fc8) Importer(815301076,1909f56bfc062723c751e8b465ee728b)  -> (artifact id: '06537a6b98fe75c1099fe86ee0adc670') in 0.002259 seconds 
========================================================================
Received Import Request.
  Time since last request: 18.810277 seconds.
  path: Assets/3DForge/FantasyExteriors/Village & Towns/Documents
  artifactKey: Guid(de705944367bd8e449810171e8a2e63d) Importer(815301076,1909f56bfc062723c751e8b465ee728b)
Start importing Assets/3DForge/FantasyExteriors/Village & Towns/Documents using Guid(de705944367bd8e449810171e8a2e63d) Importer(815301076,1909f56bfc062723c751e8b465ee728b)  -> (artifact id: '47d85386dca8cf5334d14f363e0eecfc') in 0.001282 seconds 
========================================================================
Received Import Request.
  Time since last request: 2.768327 seconds.
  path: Assets/3DForge/FantasyExteriors/Village & Towns/Materials
  artifactKey: Guid(9e75a05ed0fbaec47b58d2fe2a4241e0) Importer(815301076,1909f56bfc062723c751e8b465ee728b)
Start importing Assets/3DForge/FantasyExteriors/Village & Towns/Materials using Guid(9e75a05ed0fbaec47b58d2fe2a4241e0) Importer(815301076,1909f56bfc062723c751e8b465ee728b)  -> (artifact id: '0cf481d904e1d5ce888b9537232ccdae') in 0.001866 seconds 
========================================================================
Received Import Request.
  Time since last request: 6.926961 seconds.
  path: Assets/3DForge/FantasyExteriors/Village & Towns/Meshes
  artifactKey: Guid(7c6a755ff565f4640bc9ee480f10961c) Importer(815301076,1909f56bfc062723c751e8b465ee728b)
Start importing Assets/3DForge/FantasyExteriors/Village & Towns/Meshes using Guid(7c6a755ff565f4640bc9ee480f10961c) Importer(815301076,1909f56bfc062723c751e8b465ee728b)  -> (artifact id: 'fbec0ad87c923d0f9cf71c30436a984b') in 0.002022 seconds 
========================================================================
Received Import Request.
  Time since last request: 13.197351 seconds.
  path: Assets/3DForge/FantasyExteriors
  artifactKey: Guid(11a72b91a84133643ad0b9f1c7ea35e1) Importer(815301076,1909f56bfc062723c751e8b465ee728b)
Start importing Assets/3DForge/FantasyExteriors using Guid(11a72b91a84133643ad0b9f1c7ea35e1) Importer(815301076,1909f56bfc062723c751e8b465ee728b)  -> (artifact id: '7c79895eb48d578dcc5fb5d7fa529509') in 0.001572 seconds 
========================================================================
Received Import Request.
  Time since last request: 1.044412 seconds.
  path: Assets/3DForge/FantasyExteriors/Village & Towns
  artifactKey: Guid(176563d178356a640977be521d503cb8) Importer(815301076,1909f56bfc062723c751e8b465ee728b)
Start importing Assets/3DForge/FantasyExteriors/Village & Towns using Guid(176563d178356a640977be521d503cb8) Importer(815301076,1909f56bfc062723c751e8b465ee728b)  -> (artifact id: '07076cd1860a09b9b9b62427c44bb8c6') in 0.001660 seconds 
========================================================================
Received Import Request.
  Time since last request: 55.657482 seconds.
  path: Assets/3DForge/FantasyExteriors/Village & Towns/Prefabs/Base/Decks/fi_vil_deck_2,0mX4,0m.prefab
  artifactKey: Guid(9d2b387ae615a3c4483b52aa1db86541) Importer(815301076,1909f56bfc062723c751e8b465ee728b)
Start importing Assets/3DForge/FantasyExteriors/Village & Towns/Prefabs/Base/Decks/fi_vil_deck_2,0mX4,0m.prefab using Guid(9d2b387ae615a3c4483b52aa1db86541) Importer(815301076,1909f56bfc062723c751e8b465ee728b)  -> (artifact id: '0d46d7e6e496791eb9a3659d8b8250de') in 0.096289 seconds 
========================================================================
Received Import Request.
  Time since last request: 2.655311 seconds.
  path: Assets/3DForge/FantasyExteriors/Village & Towns/Prefabs/Base/Templates/BasicHouse.prefab
  artifactKey: Guid(64e5d89eab8cfde4392fd6e5270260fa) Importer(815301076,1909f56bfc062723c751e8b465ee728b)
Start importing Assets/3DForge/FantasyExteriors/Village & Towns/Prefabs/Base/Templates/BasicHouse.prefab using Guid(64e5d89eab8cfde4392fd6e5270260fa) Importer(815301076,1909f56bfc062723c751e8b465ee728b)  -> (artifact id: '69bdb27715daed1de9b928758a4fc8cf') in 0.011398 seconds 
========================================================================
Received Import Request.
  Time since last request: 0.484628 seconds.
  path: Assets/3DForge/FantasyExteriors/Village & Towns/Prefabs/Base/Roofs/fi_vil_roof_beam_3wide.prefab
  artifactKey: Guid(f5c275b6773baef4ea1b8d8fdce5e140) Importer(815301076,1909f56bfc062723c751e8b465ee728b)
Start importing Assets/3DForge/FantasyExteriors/Village & Towns/Prefabs/Base/Roofs/fi_vil_roof_beam_3wide.prefab using Guid(f5c275b6773baef4ea1b8d8fdce5e140) Importer(815301076,1909f56bfc062723c751e8b465ee728b)  -> (artifact id: 'a4209c59dbe33291ad493baf367fa427') in 0.073440 seconds 
========================================================================
Received Import Request.
  Time since last request: 78.037369 seconds.
  path: Assets/3DForge/Blueprints
  artifactKey: Guid(b7b39d78905e97545a89491bc1f972bf) Importer(815301076,1909f56bfc062723c751e8b465ee728b)
Start importing Assets/3DForge/Blueprints using Guid(b7b39d78905e97545a89491bc1f972bf) Importer(815301076,1909f56bfc062723c751e8b465ee728b)  -> (artifact id: '292e2f48d5933e84ac0ebefa4f98424c') in 0.005248 seconds 
========================================================================
Received Import Request.
  Time since last request: 1.474917 seconds.
  path: Assets/3DForge/Blueprints/BPVIK_VEK
  artifactKey: Guid(014136b17912553449e3ca7e31168be8) Importer(815301076,1909f56bfc062723c751e8b465ee728b)
Start importing Assets/3DForge/Blueprints/BPVIK_VEK using Guid(014136b17912553449e3ca7e31168be8) Importer(815301076,1909f56bfc062723c751e8b465ee728b)  -> (artifact id: 'd50d803bab58e75dd945ce184e1cde66') in 0.001963 seconds 
========================================================================
Received Import Request.
  Time since last request: 76.117893 seconds.
  path: Assets/3DForge/Blueprints/BPVIK_VEK/New Material.mat
  artifactKey: Guid(726349a27e85c45b0bd09206a0b0ee98) Importer(815301076,1909f56bfc062723c751e8b465ee728b)
Start importing Assets/3DForge/Blueprints/BPVIK_VEK/New Material.mat using Guid(726349a27e85c45b0bd09206a0b0ee98) Importer(815301076,1909f56bfc062723c751e8b465ee728b)  -> (artifact id: '25a00297275de1173fe8defc026bc8c9') in 0.004680 seconds 
========================================================================
Received Import Request.
  Time since last request: 253.111599 seconds.
  path: Assets/3DForge/FantasyExteriors/Village & Towns/Textures/fe_vil_base_ao.png
  artifactKey: Guid(cdc1b78cb25782148b8a98ba3bb0e042) Importer(815301076,1909f56bfc062723c751e8b465ee728b)
Start importing Assets/3DForge/FantasyExteriors/Village & Towns/Textures/fe_vil_base_ao.png using Guid(cdc1b78cb25782148b8a98ba3bb0e042) Importer(815301076,1909f56bfc062723c751e8b465ee728b)  -> (artifact id: 'c84af6a29c471cb6f4f161a72510029a') in 0.605986 seconds 
========================================================================
Received Import Request.
  Time since last request: 0.000057 seconds.
  path: Assets/3DForge/FantasyExteriors/Village & Towns/Textures/fe_vil_leaves_dead_01_DIF.png
  artifactKey: Guid(1561b0549fb313e4fb4e0913fc3c5ed3) Importer(815301076,1909f56bfc062723c751e8b465ee728b)
Start importing Assets/3DForge/FantasyExteriors/Village & Towns/Textures/fe_vil_leaves_dead_01_DIF.png using Guid(1561b0549fb313e4fb4e0913fc3c5ed3) Importer(815301076,1909f56bfc062723c751e8b465ee728b)  -> (artifact id: '3cfa4f03e7901547dbae712d9474d0fe') in 0.006945 seconds 
========================================================================
Received Import Request.
  Time since last request: 0.000058 seconds.
  path: Assets/3DForge/FantasyExteriors/Village & Towns/Textures/fe_vil_earth_01_DIF.png
  artifactKey: Guid(a5173627301640d4a889ec3b9a718b54) Importer(815301076,1909f56bfc062723c751e8b465ee728b)
Start importing Assets/3DForge/FantasyExteriors/Village & Towns/Textures/fe_vil_earth_01_DIF.png using Guid(a5173627301640d4a889ec3b9a718b54) Importer(815301076,1909f56bfc062723c751e8b465ee728b)  -> (artifact id: '009c310f9cfaeab58a41d3f901a93860') in 0.007276 seconds 
========================================================================
Received Import Request.
  Time since last request: 0.000041 seconds.
  path: Assets/3DForge/FantasyExteriors/Village & Towns/Textures/fe_village_base.png
  artifactKey: Guid(c60886f37cee6d841955f0f4f6fdfedf) Importer(815301076,1909f56bfc062723c751e8b465ee728b)
Start importing Assets/3DForge/FantasyExteriors/Village & Towns/Textures/fe_village_base.png using Guid(c60886f37cee6d841955f0f4f6fdfedf) Importer(815301076,1909f56bfc062723c751e8b465ee728b)  -> (artifact id: 'edc70d10699afea155af6fe82d206e0c') in 0.063055 seconds 
========================================================================
Received Import Request.
  Time since last request: 2.445833 seconds.
  path: Assets/3DForge/FantasyExteriors/Village & Towns/Textures/fe_village_base_NRM.png
  artifactKey: Guid(37f47f1f75d80144db5592b11a54ed8d) Importer(815301076,1909f56bfc062723c751e8b465ee728b)
Start importing Assets/3DForge/FantasyExteriors/Village & Towns/Textures/fe_village_base_NRM.png using Guid(37f47f1f75d80144db5592b11a54ed8d) Importer(815301076,1909f56bfc062723c751e8b465ee728b)  -> (artifact id: 'cb41cdcade2b91e4d6ce9f15d27efdca') in 0.061657 seconds 
========================================================================
Received Import Request.
  Time since last request: 0.000037 seconds.
  path: Assets/3DForge/FantasyExteriors/Village & Towns/Textures/grass_tall02_512.tga
  artifactKey: Guid(00a280160e622334aac2261db628a47c) Importer(815301076,1909f56bfc062723c751e8b465ee728b)
Start importing Assets/3DForge/FantasyExteriors/Village & Towns/Textures/grass_tall02_512.tga using Guid(00a280160e622334aac2261db628a47c) Importer(815301076,1909f56bfc062723c751e8b465ee728b)  -> (artifact id: '479f989ef34a191677af26b96fb58e2f') in 0.443712 seconds 
========================================================================
Received Import Request.
  Time since last request: 891.263641 seconds.
  path: Assets/Day-Night Skyboxes/Materials/SkyNight.mat
  artifactKey: Guid(493bfb50af5d9424da505ba945c86600) Importer(815301076,1909f56bfc062723c751e8b465ee728b)
Start importing Assets/Day-Night Skyboxes/Materials/SkyNight.mat using Guid(493bfb50af5d9424da505ba945c86600) Importer(815301076,1909f56bfc062723c751e8b465ee728b)  -> (artifact id: '93dc89a8fd291fc77edea30648ac0b10') in 0.227970 seconds 
========================================================================
Received Import Request.
  Time since last request: 0.119298 seconds.
  path: Assets/Day-Night Skyboxes/Materials/SkyMidnight.mat
  artifactKey: Guid(97637a2a763b7f24b8da4e139e4144ca) Importer(815301076,1909f56bfc062723c751e8b465ee728b)
Start importing Assets/Day-Night Skyboxes/Materials/SkyMidnight.mat using Guid(97637a2a763b7f24b8da4e139e4144ca) Importer(815301076,1909f56bfc062723c751e8b465ee728b)  -> (artifact id: 'cb74276e01558f67c979508d12818277') in 0.007829 seconds 
========================================================================
Received Import Request.
  Time since last request: 0.014821 seconds.
  path: Assets/Day-Night Skyboxes/Materials/SkyEarlyDusk.mat
  artifactKey: Guid(82b660520bdecce4daf45d270ec93fe4) Importer(815301076,1909f56bfc062723c751e8b465ee728b)
Start importing Assets/Day-Night Skyboxes/Materials/SkyEarlyDusk.mat using Guid(82b660520bdecce4daf45d270ec93fe4) Importer(815301076,1909f56bfc062723c751e8b465ee728b)  -> (artifact id: 'ae79f1aeed567b3470519f1c6674abf4') in 0.006240 seconds 
========================================================================
Received Import Request.
  Time since last request: 0.023229 seconds.
  path: Assets/Day-Night Skyboxes/Materials/SkyBrightMorning.mat
  artifactKey: Guid(0b846be1b116429409a7669cacf2a62e) Importer(815301076,1909f56bfc062723c751e8b465ee728b)
Start importing Assets/Day-Night Skyboxes/Materials/SkyBrightMorning.mat using Guid(0b846be1b116429409a7669cacf2a62e) Importer(815301076,1909f56bfc062723c751e8b465ee728b)  -> (artifact id: 'e2945157ba5fdec1896046d419ae0831') in 0.006354 seconds 
========================================================================
Received Import Request.
  Time since last request: 5.677818 seconds.
  path: Assets/Day-Night Skyboxes/Materials/SkyAfterNoon.mat
  artifactKey: Guid(1cf32c17fea93ef4fb120e8e0cdfbef1) Importer(815301076,1909f56bfc062723c751e8b465ee728b)
Start importing Assets/Day-Night Skyboxes/Materials/SkyAfterNoon.mat using Guid(1cf32c17fea93ef4fb120e8e0cdfbef1) Importer(815301076,1909f56bfc062723c751e8b465ee728b)  -> (artifact id: '08b8e1cb36ac68b59302d19b12d5497a') in 0.009668 seconds 
========================================================================
Received Import Request.
  Time since last request: 492.360145 seconds.
  path: Assets/3DForge/FantasyExteriors/Village & Towns/Materials/NewLayer 1.terrainlayer
  artifactKey: Guid(d196cbe333ea84811b0eb661c1ede44a) Importer(815301076,1909f56bfc062723c751e8b465ee728b)
Start importing Assets/3DForge/FantasyExteriors/Village & Towns/Materials/NewLayer 1.terrainlayer using Guid(d196cbe333ea84811b0eb661c1ede44a) Importer(815301076,1909f56bfc062723c751e8b465ee728b)  -> (artifact id: 'a02484602c81c0b577f9ef45630d853b') in 0.044933 seconds 
========================================================================
Received Import Request.
  Time since last request: 94.775014 seconds.
  path: Assets/3DForge/Blueprints/BPVIK_VEK/ThunderHammer.asset
  artifactKey: Guid(b69e4363691560f4c8b92f5f06d08164) Importer(815301076,1909f56bfc062723c751e8b465ee728b)
Start importing Assets/3DForge/Blueprints/BPVIK_VEK/ThunderHammer.asset using Guid(b69e4363691560f4c8b92f5f06d08164) Importer(815301076,1909f56bfc062723c751e8b465ee728b)  -> (artifact id: '0bf9550c4951621e96696b37a9382417') in 0.029678 seconds 
========================================================================
Received Import Request.
  Time since last request: 66.000503 seconds.
  path: Assets/Scenes/Scene1.unity
  artifactKey: Guid(9fc0d4010bbf28b4594072e72b8655ab) Importer(815301076,1909f56bfc062723c751e8b465ee728b)
Start importing Assets/Scenes/Scene1.unity using Guid(9fc0d4010bbf28b4594072e72b8655ab) Importer(815301076,1909f56bfc062723c751e8b465ee728b)  -> (artifact id: '090f62698f1f5d81faeb3e14df6d0624') in 0.001765 seconds 
========================================================================
Received Import Request.
  Time since last request: 415.516706 seconds.
  path: Assets/3DForge/FantasyExteriors/Village & Towns/Prefabs/Buildings/Farm/Troughs/fi_vil_farm_trough02_1m.prefab
  artifactKey: Guid(9ac8cea5cf41425429a7de85139992ca) Importer(815301076,1909f56bfc062723c751e8b465ee728b)
Start importing Assets/3DForge/FantasyExteriors/Village & Towns/Prefabs/Buildings/Farm/Troughs/fi_vil_farm_trough02_1m.prefab using Guid(9ac8cea5cf41425429a7de85139992ca) Importer(815301076,1909f56bfc062723c751e8b465ee728b)  -> (artifact id: '73551fdd76cf85612746593155e2dde7') in 0.189984 seconds 
========================================================================
Received Import Request.
  Time since last request: 136.224844 seconds.
  path: Assets/3DForge/FantasyExteriors/Village & Towns/Prefabs/Base/Walls/Stone_01/fi_vil_wall_stone01_base.prefab
  artifactKey: Guid(120b628707d512840ac2d40f8aca21ed) Importer(815301076,1909f56bfc062723c751e8b465ee728b)
Start importing Assets/3DForge/FantasyExteriors/Village & Towns/Prefabs/Base/Walls/Stone_01/fi_vil_wall_stone01_base.prefab using Guid(120b628707d512840ac2d40f8aca21ed) Importer(815301076,1909f56bfc062723c751e8b465ee728b)  -> (artifact id: '512f71a80caa43d8c86a94b9f8a86e4e') in 0.217123 seconds 
========================================================================
Received Import Request.
  Time since last request: 2.659397 seconds.
  path: Assets/3DForge/FantasyExteriors/Village & Towns/Prefabs/Base/Tries/Stone_01/fi_vil_tries_stone01_base_3wide_win1_woodenbeam_DS.prefab
  artifactKey: Guid(98eca1b029c2676409eb84d3185a9e0f) Importer(815301076,1909f56bfc062723c751e8b465ee728b)
Start importing Assets/3DForge/FantasyExteriors/Village & Towns/Prefabs/Base/Tries/Stone_01/fi_vil_tries_stone01_base_3wide_win1_woodenbeam_DS.prefab using Guid(98eca1b029c2676409eb84d3185a9e0f) Importer(815301076,1909f56bfc062723c751e8b465ee728b)  -> (artifact id: '37dd5e1832c2da721d81769fbac3cf2b') in 0.078712 seconds 
========================================================================
Received Import Request.
  Time since last request: 5.776491 seconds.
  path: Assets/3DForge/FantasyExteriors/Village & Towns/Prefabs/Base/Roofs/woodentiles01/3 wide
  artifactKey: Guid(af7ce21f4efe18446b6b0fd2914d88b5) Importer(815301076,1909f56bfc062723c751e8b465ee728b)
Start importing Assets/3DForge/FantasyExteriors/Village & Towns/Prefabs/Base/Roofs/woodentiles01/3 wide using Guid(af7ce21f4efe18446b6b0fd2914d88b5) Importer(815301076,1909f56bfc062723c751e8b465ee728b)  -> (artifact id: '1485cabccd09296ae2f01a3cd492c9f7') in 0.004114 seconds 
========================================================================
Received Import Request.
  Time since last request: 0.039756 seconds.
  path: Assets/3DForge/FantasyExteriors/Village & Towns/Prefabs/Base/Roofs/woodentiles01/3 wide/fi_vil_roof_woodentile01_3X5_F.prefab
  artifactKey: Guid(3edd5944c76b17042b26241f994f1256) Importer(815301076,1909f56bfc062723c751e8b465ee728b)
Start importing Assets/3DForge/FantasyExteriors/Village & Towns/Prefabs/Base/Roofs/woodentiles01/3 wide/fi_vil_roof_woodentile01_3X5_F.prefab using Guid(3edd5944c76b17042b26241f994f1256) Importer(815301076,1909f56bfc062723c751e8b465ee728b)  -> (artifact id: '7c065c3db58be59cd5d22119e10530df') in 0.046278 seconds 
========================================================================
Received Import Request.
  Time since last request: 4.450864 seconds.
  path: Assets/3DForge/FantasyExteriors/Village & Towns/Prefabs/Base/Frames/3 wide/fi_vil_frame_3X4_top.prefab
  artifactKey: Guid(c3a476f67eeb7144b8719a285d479d82) Importer(815301076,1909f56bfc062723c751e8b465ee728b)
Start importing Assets/3DForge/FantasyExteriors/Village & Towns/Prefabs/Base/Frames/3 wide/fi_vil_frame_3X4_top.prefab using Guid(c3a476f67eeb7144b8719a285d479d82) Importer(815301076,1909f56bfc062723c751e8b465ee728b)  -> (artifact id: 'c3f4f2a8caf7e9d3309ef0e960ceebfa') in 0.075412 seconds 
========================================================================
Received Import Request.
  Time since last request: 13.269389 seconds.
  path: Assets/3DForge/FantasyExteriors/Village & Towns/Meshes/Base/Tries/Stone_01/fi_vil_tries_stone01_base_3wide_win1_woodenbeam_DS.fbx
  artifactKey: Guid(e523fe352f2135640bd2e66034df2e89) Importer(815301076,1909f56bfc062723c751e8b465ee728b)
Start importing Assets/3DForge/FantasyExteriors/Village & Towns/Meshes/Base/Tries/Stone_01/fi_vil_tries_stone01_base_3wide_win1_woodenbeam_DS.fbx using Guid(e523fe352f2135640bd2e66034df2e89) Importer(815301076,1909f56bfc062723c751e8b465ee728b)  -> (artifact id: '5d4c2a400f4bf106cb4b8a4a55f900b4') in 0.082057 seconds 
========================================================================
Received Import Request.
  Time since last request: 0.676618 seconds.
  path: Assets/3DForge/FantasyExteriors/Village & Towns/Meshes/Base/Tries/Wood_02/fi_vil_tries_wood02_base_2wide_woodenbeam.fbx
  artifactKey: Guid(6b23c5d31c3a6614b9ba082043e9983a) Importer(815301076,1909f56bfc062723c751e8b465ee728b)
Start importing Assets/3DForge/FantasyExteriors/Village & Towns/Meshes/Base/Tries/Wood_02/fi_vil_tries_wood02_base_2wide_woodenbeam.fbx using Guid(6b23c5d31c3a6614b9ba082043e9983a) Importer(815301076,1909f56bfc062723c751e8b465ee728b)  -> (artifact id: 'e70e79ab723c107e59b86b24c3095e36') in 0.075086 seconds 
========================================================================
Received Import Request.
  Time since last request: 3.512094 seconds.
  path: Assets/3DForge/FantasyExteriors/Village & Towns/Meshes/Fences/Fence parts/fi_vil_fence_parts_cross03_X1.fbx
  artifactKey: Guid(7d0022036b75761459e800931b9ca1d6) Importer(815301076,1909f56bfc062723c751e8b465ee728b)
Start importing Assets/3DForge/FantasyExteriors/Village & Towns/Meshes/Fences/Fence parts/fi_vil_fence_parts_cross03_X1.fbx using Guid(7d0022036b75761459e800931b9ca1d6) Importer(815301076,1909f56bfc062723c751e8b465ee728b)  -> (artifact id: 'e54106608b31e349a11cd14452a7fda4') in 0.103965 seconds 
========================================================================
Received Import Request.
  Time since last request: 1.083203 seconds.
  path: Assets/3DForge/FantasyExteriors/Village & Towns/Meshes/Fences/Fence01/fi_vil_fence01_1m_C.fbx
  artifactKey: Guid(01e5819bac7448c49b36acac813eecb5) Importer(815301076,1909f56bfc062723c751e8b465ee728b)
Start importing Assets/3DForge/FantasyExteriors/Village & Towns/Meshes/Fences/Fence01/fi_vil_fence01_1m_C.fbx using Guid(01e5819bac7448c49b36acac813eecb5) Importer(815301076,1909f56bfc062723c751e8b465ee728b)  -> (artifact id: 'c3d71ade97998cf91482f81cec1cc6a9') in 0.098044 seconds 
========================================================================
Received Import Request.
  Time since last request: 0.438459 seconds.
  path: Assets/3DForge/FantasyExteriors/Village & Towns/Meshes/Fences/Fence02/fi_vil_fence02_2,5m_B.fbx
  artifactKey: Guid(78b36f9936c94fa42a52b47dc600068f) Importer(815301076,1909f56bfc062723c751e8b465ee728b)
Start importing Assets/3DForge/FantasyExteriors/Village & Towns/Meshes/Fences/Fence02/fi_vil_fence02_2,5m_B.fbx using Guid(78b36f9936c94fa42a52b47dc600068f) Importer(815301076,1909f56bfc062723c751e8b465ee728b)  -> (artifact id: '217bf176730349a31647682a7184342f') in 0.089973 seconds 
========================================================================
Received Import Request.
  Time since last request: 0.000046 seconds.
  path: Assets/3DForge/FantasyExteriors/Village & Towns/Meshes/Fences/Fence02/fi_vil_fence02_gate_frame.fbx
  artifactKey: Guid(2e283b1a5794941409fd2abbd153de2b) Importer(815301076,1909f56bfc062723c751e8b465ee728b)
Start importing Assets/3DForge/FantasyExteriors/Village & Towns/Meshes/Fences/Fence02/fi_vil_fence02_gate_frame.fbx using Guid(2e283b1a5794941409fd2abbd153de2b) Importer(815301076,1909f56bfc062723c751e8b465ee728b)  -> (artifact id: 'ea6059d74cf2cfbf03c4096b566b6619') in 0.068817 seconds 
========================================================================
Received Import Request.
  Time since last request: 19.251716 seconds.
  path: Assets/3DForge/FantasyExteriors/Village & Towns/Meshes/Base/Roofs
  artifactKey: Guid(dacc459655324124b8a4f53e64541193) Importer(815301076,1909f56bfc062723c751e8b465ee728b)
Start importing Assets/3DForge/FantasyExteriors/Village & Towns/Meshes/Base/Roofs using Guid(dacc459655324124b8a4f53e64541193) Importer(815301076,1909f56bfc062723c751e8b465ee728b)  -> (artifact id: '558f280c20c80f408e1b64c884b0cede') in 0.003928 seconds 
========================================================================
Received Import Request.
  Time since last request: 0.053825 seconds.
  path: Assets/3DForge/FantasyExteriors/Village & Towns/Meshes/Base/Roofs/fi_vil_roof_beam_3wide.fbx
  artifactKey: Guid(c2f60f4a1393ed842bef8b929423d0c2) Importer(815301076,1909f56bfc062723c751e8b465ee728b)
Start importing Assets/3DForge/FantasyExteriors/Village & Towns/Meshes/Base/Roofs/fi_vil_roof_beam_3wide.fbx using Guid(c2f60f4a1393ed842bef8b929423d0c2) Importer(815301076,1909f56bfc062723c751e8b465ee728b)  -> (artifact id: '78665df32892a653adc126df0d8e6818') in 0.051849 seconds 
========================================================================
Received Import Request.
  Time since last request: 1.641325 seconds.
  path: Assets/3DForge/FantasyExteriors/Village & Towns/Meshes/Base/Decks/fi_vil_deck_1,5mX3,0m_worn.fbx
  artifactKey: Guid(de9b6094a6ddca24f96d1cdadeda811b) Importer(815301076,1909f56bfc062723c751e8b465ee728b)
Start importing Assets/3DForge/FantasyExteriors/Village & Towns/Meshes/Base/Decks/fi_vil_deck_1,5mX3,0m_worn.fbx using Guid(de9b6094a6ddca24f96d1cdadeda811b) Importer(815301076,1909f56bfc062723c751e8b465ee728b)  -> (artifact id: '53f22d2fd7aa76691f7c7ae19e8ab1fe') in 0.103871 seconds 
========================================================================
Received Import Request.
  Time since last request: 0.000044 seconds.
  path: Assets/3DForge/FantasyExteriors/Village & Towns/Meshes/Base/Decks/fi_vil_deck_3,0mX6,0m.fbx
  artifactKey: Guid(8e8dc3723d2bce045ada64e6537d3bff) Importer(815301076,1909f56bfc062723c751e8b465ee728b)
Start importing Assets/3DForge/FantasyExteriors/Village & Towns/Meshes/Base/Decks/fi_vil_deck_3,0mX6,0m.fbx using Guid(8e8dc3723d2bce045ada64e6537d3bff) Importer(815301076,1909f56bfc062723c751e8b465ee728b)  -> (artifact id: 'e94a427ad6a2837e556799bfe6e7e7cf') in 0.061383 seconds 
========================================================================
Received Import Request.
  Time since last request: 0.000065 seconds.
  path: Assets/3DForge/FantasyExteriors/Village & Towns/Meshes/Base/Decks/fi_vil_deck_2,0mX4,0m_worn.fbx
  artifactKey: Guid(1d4a84a5d94e6d440b44d6af3164f275) Importer(815301076,1909f56bfc062723c751e8b465ee728b)
Start importing Assets/3DForge/FantasyExteriors/Village & Towns/Meshes/Base/Decks/fi_vil_deck_2,0mX4,0m_worn.fbx using Guid(1d4a84a5d94e6d440b44d6af3164f275) Importer(815301076,1909f56bfc062723c751e8b465ee728b)  -> (artifact id: '1ef1da9467344abb9d2fc2962185504b') in 0.062203 seconds 
========================================================================
Received Import Request.
  Time since last request: 4.746031 seconds.
  path: Assets/3DForge/FantasyExteriors/Village & Towns/Meshes/Base/Frames/2 wide
  artifactKey: Guid(2d6494818037117409528e90f9ba4ed3) Importer(815301076,1909f56bfc062723c751e8b465ee728b)
Start importing Assets/3DForge/FantasyExteriors/Village & Towns/Meshes/Base/Frames/2 wide using Guid(2d6494818037117409528e90f9ba4ed3) Importer(815301076,1909f56bfc062723c751e8b465ee728b)  -> (artifact id: 'bb04f2a14b1f294a103cd50d7af1d9fb') in 0.004176 seconds 
========================================================================
Received Import Request.
  Time since last request: 0.053082 seconds.
  path: Assets/3DForge/FantasyExteriors/Village & Towns/Meshes/Base/Frames/2 wide/fi_vil_frame_2X3_top.fbx
  artifactKey: Guid(2bec3790aa14e7c4bad9778609a0b1ca) Importer(815301076,1909f56bfc062723c751e8b465ee728b)
Start importing Assets/3DForge/FantasyExteriors/Village & Towns/Meshes/Base/Frames/2 wide/fi_vil_frame_2X3_top.fbx using Guid(2bec3790aa14e7c4bad9778609a0b1ca) Importer(815301076,1909f56bfc062723c751e8b465ee728b)  -> (artifact id: '96189c5f113cccb2857dc33cfc5b1f1b') in 0.051606 seconds 
========================================================================
Received Import Request.
  Time since last request: 2.165962 seconds.
  path: Assets/3DForge/FantasyExteriors/Village & Towns/Meshes/Base/Frames/3 wide/fi_vil_frame_3X4_top.fbx
  artifactKey: Guid(e4f4d952a5f40d344993e3b32f5324c0) Importer(815301076,1909f56bfc062723c751e8b465ee728b)
Start importing Assets/3DForge/FantasyExteriors/Village & Towns/Meshes/Base/Frames/3 wide/fi_vil_frame_3X4_top.fbx using Guid(e4f4d952a5f40d344993e3b32f5324c0) Importer(815301076,1909f56bfc062723c751e8b465ee728b)  -> (artifact id: '0d44e975c1a2b4c6acd5ad92e7ac15ff') in 0.082625 seconds 
========================================================================
Received Import Request.
  Time since last request: 4.097113 seconds.
  path: Assets/3DForge/FantasyExteriors/Village & Towns/Meshes/Base/Plinth/Stone_01/fi_vil_plinth_01_front_x3.fbx
  artifactKey: Guid(b55b55bd38cabce4eb41e14cae901cfe) Importer(815301076,1909f56bfc062723c751e8b465ee728b)
Start importing Assets/3DForge/FantasyExteriors/Village & Towns/Meshes/Base/Plinth/Stone_01/fi_vil_plinth_01_front_x3.fbx using Guid(b55b55bd38cabce4eb41e14cae901cfe) Importer(815301076,1909f56bfc062723c751e8b465ee728b)  -> (artifact id: 'cf347bb5ce140214c2509b0396fc5235') in 0.083049 seconds 
========================================================================
Received Import Request.
  Time since last request: 5.533338 seconds.
  path: Assets/3DForge/FantasyExteriors/Village & Towns/Meshes/Base/Roofs/Dormer/wood_02
  artifactKey: Guid(5d6d90c966de1c94b8d14ff88813ab70) Importer(815301076,1909f56bfc062723c751e8b465ee728b)
Start importing Assets/3DForge/FantasyExteriors/Village & Towns/Meshes/Base/Roofs/Dormer/wood_02 using Guid(5d6d90c966de1c94b8d14ff88813ab70) Importer(815301076,1909f56bfc062723c751e8b465ee728b)  -> (artifact id: '30020586a86950114f28ff211cbcb013') in 0.006241 seconds 
========================================================================
Received Import Request.
  Time since last request: 0.069935 seconds.
  path: Assets/3DForge/FantasyExteriors/Village & Towns/Meshes/Base/Roofs/Dormer/wood_02/fi_vil_dormer_wood02_wooden_2E.fbx
  artifactKey: Guid(5d03f526f7aa63a4a99d763458c36868) Importer(815301076,1909f56bfc062723c751e8b465ee728b)
Start importing Assets/3DForge/FantasyExteriors/Village & Towns/Meshes/Base/Roofs/Dormer/wood_02/fi_vil_dormer_wood02_wooden_2E.fbx using Guid(5d03f526f7aa63a4a99d763458c36868) Importer(815301076,1909f56bfc062723c751e8b465ee728b)  -> (artifact id: '0dfe77b1461cee321e8e29006cf43f6f') in 0.053093 seconds 
========================================================================
Received Import Request.
  Time since last request: 3.457828 seconds.
  path: Assets/3DForge/FantasyExteriors/Village & Towns/Meshes/Base/Small parts/Doors/fi_vil_door_square02_left.fbx
  artifactKey: Guid(ef931b7cfa517064483dea18cb40a0ba) Importer(815301076,1909f56bfc062723c751e8b465ee728b)
Start importing Assets/3DForge/FantasyExteriors/Village & Towns/Meshes/Base/Small parts/Doors/fi_vil_door_square02_left.fbx using Guid(ef931b7cfa517064483dea18cb40a0ba) Importer(815301076,1909f56bfc062723c751e8b465ee728b)  -> (artifact id: '5cdf1b06bebc3a97449b37366ea549d9') in 0.082594 seconds 
========================================================================
Received Import Request.
  Time since last request: 2.791346 seconds.
  path: Assets/3DForge/FantasyExteriors/Village & Towns/Meshes/Base/Small parts/ToolBox/Uprights/fi_vil_upright04_3.0m.fbx
  artifactKey: Guid(be859d3e3f813154e86461b43d5c3919) Importer(815301076,1909f56bfc062723c751e8b465ee728b)
Start importing Assets/3DForge/FantasyExteriors/Village & Towns/Meshes/Base/Small parts/ToolBox/Uprights/fi_vil_upright04_3.0m.fbx using Guid(be859d3e3f813154e86461b43d5c3919) Importer(815301076,1909f56bfc062723c751e8b465ee728b)  -> (artifact id: '1b553b01268bb1ce6c5d67cb8f58c84d') in 0.084611 seconds 
========================================================================
Received Import Request.
  Time since last request: 0.000048 seconds.
  path: Assets/3DForge/FantasyExteriors/Village & Towns/Meshes/Base/Small parts/ToolBox/Uprights/fi_vil_upright06_3.0m.fbx
  artifactKey: Guid(7f89c514182388743b5f5e98d0e44e78) Importer(815301076,1909f56bfc062723c751e8b465ee728b)
Start importing Assets/3DForge/FantasyExteriors/Village & Towns/Meshes/Base/Small parts/ToolBox/Uprights/fi_vil_upright06_3.0m.fbx using Guid(7f89c514182388743b5f5e98d0e44e78) Importer(815301076,1909f56bfc062723c751e8b465ee728b)  -> (artifact id: '1800bb71b85bcc810811ba75212ebfd6') in 0.062844 seconds 
========================================================================
Received Import Request.
  Time since last request: 23.404886 seconds.
  path: Assets/3DForge/FantasyExteriors/Village & Towns/Materials/NewLayer 1.terrainlayer
  artifactKey: Guid(d196cbe333ea84811b0eb661c1ede44a) Importer(815301076,1909f56bfc062723c751e8b465ee728b)
Start importing Assets/3DForge/FantasyExteriors/Village & Towns/Materials/NewLayer 1.terrainlayer using Guid(d196cbe333ea84811b0eb661c1ede44a) Importer(815301076,1909f56bfc062723c751e8b465ee728b)  -> (artifact id: '6c299c083e640ae728193d6d81f5dc2f') in 0.010501 seconds 
========================================================================
Received Import Request.
  Time since last request: 0.000053 seconds.
  path: Assets/3DForge/FantasyExteriors/Village & Towns/Materials/NewLayer.terrainlayer
  artifactKey: Guid(4434899833251430e9b72eee85e90853) Importer(815301076,1909f56bfc062723c751e8b465ee728b)
Start importing Assets/3DForge/FantasyExteriors/Village & Towns/Materials/NewLayer.terrainlayer using Guid(4434899833251430e9b72eee85e90853) Importer(815301076,1909f56bfc062723c751e8b465ee728b)  -> (artifact id: 'f576190038ce01d547424942432b3288') in 0.007786 seconds 
========================================================================
Received Import Request.
  Time since last request: 0.000045 seconds.
  path: Assets/3DForge/FantasyExteriors/Village & Towns/Materials/NewLayer 3.terrainlayer
  artifactKey: Guid(4174ff233bfd644beb5a604c45e4a2bb) Importer(815301076,1909f56bfc062723c751e8b465ee728b)
Start importing Assets/3DForge/FantasyExteriors/Village & Towns/Materials/NewLayer 3.terrainlayer using Guid(4174ff233bfd644beb5a604c45e4a2bb) Importer(815301076,1909f56bfc062723c751e8b465ee728b)  -> (artifact id: 'd5786ff94b254073b01ee8e3011e84f1') in 0.006934 seconds 
========================================================================
Received Import Request.
  Time since last request: 0.000043 seconds.
  path: Assets/3DForge/FantasyExteriors/Village & Towns/Materials/NewLayer 4.terrainlayer
  artifactKey: Guid(8e759ee2ca0094170b3617427bcdaf2a) Importer(815301076,1909f56bfc062723c751e8b465ee728b)
Start importing Assets/3DForge/FantasyExteriors/Village & Towns/Materials/NewLayer 4.terrainlayer using Guid(8e759ee2ca0094170b3617427bcdaf2a) Importer(815301076,1909f56bfc062723c751e8b465ee728b)  -> (artifact id: 'ed9701e7be40df6dfa668cf79cffe0ae') in 0.004919 seconds 
========================================================================
Received Import Request.
  Time since last request: 9.652536 seconds.
  path: Assets/3DForge/FantasyExteriors/Village & Towns/Meshes/Base/Decks
  artifactKey: Guid(58072d78ec86de048948ed392f8ed992) Importer(815301076,1909f56bfc062723c751e8b465ee728b)
Start importing Assets/3DForge/FantasyExteriors/Village & Towns/Meshes/Base/Decks using Guid(58072d78ec86de048948ed392f8ed992) Importer(815301076,1909f56bfc062723c751e8b465ee728b)  -> (artifact id: '5de14ade6fd3b91155451613c5d208cf') in 0.002215 seconds 
========================================================================
Received Import Request.
  Time since last request: 75.108602 seconds.
  path: Assets/3DForge/FantasyExteriors/Village & Towns/Meshes/Base/Frames/3 wide
  artifactKey: Guid(d9b6d5a19a0e78e488eeb14b955be703) Importer(815301076,1909f56bfc062723c751e8b465ee728b)
Start importing Assets/3DForge/FantasyExteriors/Village & Towns/Meshes/Base/Frames/3 wide using Guid(d9b6d5a19a0e78e488eeb14b955be703) Importer(815301076,1909f56bfc062723c751e8b465ee728b)  -> (artifact id: 'e791e67bd52957007147fd0edd0ea6d1') in 0.001829 seconds 
========================================================================
Received Import Request.
  Time since last request: 14.730407 seconds.
  path: Assets/3DForge/FantasyExteriors/Village & Towns/Meshes/Base/Roofs/woodentiles01/2 wide/fi_vil_roof_woodentile01_2X3_F.fbx
  artifactKey: Guid(bea5385bf43f88646af898eebafd7218) Importer(815301076,1909f56bfc062723c751e8b465ee728b)
Start importing Assets/3DForge/FantasyExteriors/Village & Towns/Meshes/Base/Roofs/woodentiles01/2 wide/fi_vil_roof_woodentile01_2X3_F.fbx using Guid(bea5385bf43f88646af898eebafd7218) Importer(815301076,1909f56bfc062723c751e8b465ee728b)  -> (artifact id: 'ecc968440492cc37b14f5340ae984a29') in 0.079768 seconds 
========================================================================
Received Import Request.
  Time since last request: 0.585398 seconds.
  path: Assets/3DForge/FantasyExteriors/Village & Towns/Meshes/Base/Roofs/woodentiles01/3 wide/fi_vil_roof_woodentile01_3X5_F.fbx
  artifactKey: Guid(a85ad163014a93449862fba35db60933) Importer(815301076,1909f56bfc062723c751e8b465ee728b)
Start importing Assets/3DForge/FantasyExteriors/Village & Towns/Meshes/Base/Roofs/woodentiles01/3 wide/fi_vil_roof_woodentile01_3X5_F.fbx using Guid(a85ad163014a93449862fba35db60933) Importer(815301076,1909f56bfc062723c751e8b465ee728b)  -> (artifact id: '3fec2a09f45b9f6f25282c003f877ccf') in 0.080479 seconds 
========================================================================
Received Import Request.
  Time since last request: 24.293425 seconds.
  path: Assets/3DForge/FantasyExteriors/Village & Towns/Meshes/Stairs/Stairs stone/fi_vil_stair01_long_C.fbx
  artifactKey: Guid(44388da1998ea1549bde4bdc462bf1c1) Importer(815301076,1909f56bfc062723c751e8b465ee728b)
Start importing Assets/3DForge/FantasyExteriors/Village & Towns/Meshes/Stairs/Stairs stone/fi_vil_stair01_long_C.fbx using Guid(44388da1998ea1549bde4bdc462bf1c1) Importer(815301076,1909f56bfc062723c751e8b465ee728b)  -> (artifact id: 'aedb626a909536d1cf98030434b642ae') in 0.067962 seconds 
========================================================================
Received Import Request.
  Time since last request: 5.234791 seconds.
  path: Assets/3DForge/FantasyExteriors/Village & Towns/Meshes/Base/Walls/Stone_01/fi_vil_wall_stone01_base.fbx
  artifactKey: Guid(b2199dcf82f4a3e4aa156625121b5863) Importer(815301076,1909f56bfc062723c751e8b465ee728b)
Start importing Assets/3DForge/FantasyExteriors/Village & Towns/Meshes/Base/Walls/Stone_01/fi_vil_wall_stone01_base.fbx using Guid(b2199dcf82f4a3e4aa156625121b5863) Importer(815301076,1909f56bfc062723c751e8b465ee728b)  -> (artifact id: 'a3a80893a346edb3e369a97cbfa5fec8') in 0.107432 seconds 
========================================================================
Received Import Request.
  Time since last request: 0.000058 seconds.
  path: Assets/3DForge/FantasyExteriors/Village & Towns/Meshes/Base/Walls/Stone_01/fi_vil_wall_stone01_win1_1mX1m.fbx
  artifactKey: Guid(a808269bb349cb64e8f3fe010f764281) Importer(815301076,1909f56bfc062723c751e8b465ee728b)
Start importing Assets/3DForge/FantasyExteriors/Village & Towns/Meshes/Base/Walls/Stone_01/fi_vil_wall_stone01_win1_1mX1m.fbx using Guid(a808269bb349cb64e8f3fe010f764281) Importer(815301076,1909f56bfc062723c751e8b465ee728b)  -> (artifact id: '2da31f0bd135b85f22050009cd5cd817') in 0.095379 seconds 
========================================================================
Received Import Request.
  Time since last request: 35.186606 seconds.
  path: Assets/3DForge/FantasyExteriors/Village & Towns/Prefabs/Buildings/Farm/Troughs
  artifactKey: Guid(e64bb8e5ea80ee64d84d4a0094a452ec) Importer(815301076,1909f56bfc062723c751e8b465ee728b)
Start importing Assets/3DForge/FantasyExteriors/Village & Towns/Prefabs/Buildings/Farm/Troughs using Guid(e64bb8e5ea80ee64d84d4a0094a452ec) Importer(815301076,1909f56bfc062723c751e8b465ee728b)  -> (artifact id: '9829454331941b61d2cf25f2054875e5') in 0.003361 seconds 
========================================================================
Received Prepare
Registering precompiled user dll's ...
Registered in 0.001115 seconds.
Begin MonoManager ReloadAssembly
Thread 0x286f47000 may have been prematurely finalized
Symbol file LoadedFromMemory doesn't match image /Users/yiwenxu/Documents/GitHub/game-jam/Granny/Library/PackageCache/com.unity.visualscripting@1.8.0/Editor/VisualScripting.Core/Dependencies/YamlDotNet/Unity.VisualScripting.YamlDotNet.dll
Symbol file LoadedFromMemory doesn't match image /Users/yiwenxu/Documents/GitHub/game-jam/Granny/Library/PackageCache/com.unity.visualscripting@1.8.0/Editor/VisualScripting.Core/Dependencies/DotNetZip/Unity.VisualScripting.IonicZip.dll
Native extension for OSXStandalone target not found
Refreshing native plugins compatible for Editor in 0.38 ms, found 2 plugins.
Preloading 0 native plugins for Editor in 0.00 ms.
Mono: successfully reloaded assembly
- Completed reload, in  0.585 seconds
Domain Reload Profiling:
	ReloadAssembly (586ms)
		BeginReloadAssembly (100ms)
			ExecutionOrderSort (0ms)
			DisableScriptedObjects (3ms)
			BackupInstance (0ms)
			ReleaseScriptingObjects (0ms)
			CreateAndSetChildDomain (48ms)
		EndReloadAssembly (425ms)
			LoadAssemblies (30ms)
			RebuildTransferFunctionScriptingTraits (0ms)
			SetupTypeCache (175ms)
			ReleaseScriptCaches (1ms)
			RebuildScriptCaches (26ms)
			SetupLoadedEditorAssemblies (165ms)
				LogAssemblyErrors (0ms)
				InitializePlatformSupportModulesInManaged (5ms)
				SetLoadedEditorAssemblies (0ms)
				RefreshPlugins (0ms)
				BeforeProcessingInitializeOnLoad (35ms)
				ProcessInitializeOnLoadAttributes (112ms)
				ProcessInitializeOnLoadMethodAttributes (12ms)
				AfterProcessingInitializeOnLoad (1ms)
				EditorAssembliesLoaded (0ms)
			ExecutionOrderSort2 (0ms)
			AwakeInstancesAfterBackupRestoration (2ms)
Platform modules already initialized, skipping
Refreshing native plugins compatible for Editor in 0.61 ms, found 2 plugins.
Preloading 0 native plugins for Editor in 0.00 ms.
Unloading 3044 Unused Serialized files (Serialized files now loaded: 0)
Unloading 19 unused Assets / (0.5 MB). Loaded Objects now: 3565.
Memory consumption went from 138.8 MB to 138.3 MB.
Total: 2.192833 ms (FindLiveObjects: 0.094500 ms CreateObjectMapping: 0.035083 ms MarkObjects: 1.864584 ms  DeleteObjects: 0.198167 ms)

AssetImportParameters requested are different than current active one (requested -> active):
  custom:video-decoder-ogg-theora: a1e56fd34408186e4bbccfd4996cb3dc -> 
  custom:container-muxer-webm: aa71ff27fc2769a1b78a27578f13a17b -> 
  custom:container-demuxer-webm: 4f35f7cbe854078d1ac9338744f61a02 -> 
  custom:video-encoder-webm-vp8: eb34c28f22e8b96e1ab97ce403110664 -> 
  custom:framework-osx-AVFoundation: e770b220cccbd017edd2c1fefb359320 -> 
  custom:audio-encoder-webm-vorbis: bf7c407c2cedff20999df2af8eb42d56 -> 
  custom:container-demuxer-ogg: 62fdf1f143b41e24485cea50d1cbac27 -> 
  custom:video-decoder-webm-vp8: 9c59270c3fd7afecdb556c50c9e8de78 -> 
  custom:audio-decoder-ogg-vorbis: bf7c407c2cedff20999df2af8eb42d56 -> 
========================================================================
Received Import Request.
  Time since last request: 432.798706 seconds.
  path: Assets/Mountain Terrain/Misc/Stone_03_low.obj
  artifactKey: Guid(f091ed37a079fb94daa9d7045be0a9c5) Importer(815301076,1909f56bfc062723c751e8b465ee728b)
Start importing Assets/Mountain Terrain/Misc/Stone_03_low.obj using Guid(f091ed37a079fb94daa9d7045be0a9c5) Importer(815301076,1909f56bfc062723c751e8b465ee728b)  -> (artifact id: '6234c0845674846d1f4bade4f75fe2a3') in 0.353529 seconds 
========================================================================
Received Import Request.
  Time since last request: 10.155369 seconds.
  path: Assets/Mountain Terrain/Misc/Materials
  artifactKey: Guid(a4218d03079b03246b7a3a07fc8c83e6) Importer(815301076,1909f56bfc062723c751e8b465ee728b)
Start importing Assets/Mountain Terrain/Misc/Materials using Guid(a4218d03079b03246b7a3a07fc8c83e6) Importer(815301076,1909f56bfc062723c751e8b465ee728b)  -> (artifact id: '4c9b79e3acf882f2e083b382cdae8eca') in 0.001005 seconds 
========================================================================
Received Import Request.
  Time since last request: 0.071977 seconds.
  path: Assets/Mountain Terrain/Misc/Materials/defaultMat.mat
  artifactKey: Guid(708b35422da1b404eab9d6d1fbd5e45a) Importer(815301076,1909f56bfc062723c751e8b465ee728b)
Start importing Assets/Mountain Terrain/Misc/Materials/defaultMat.mat using Guid(708b35422da1b404eab9d6d1fbd5e45a) Importer(815301076,1909f56bfc062723c751e8b465ee728b)  -> (artifact id: '4b946f43b9baff56b02c148b7d6820bc') in 0.019722 seconds 
========================================================================
Received Import Request.
  Time since last request: 2.558636 seconds.
  path: Assets/Mountain Terrain/Prefab/acacia1_2.prefab
  artifactKey: Guid(7f3ed28755306714c8c5308e9f757276) Importer(815301076,1909f56bfc062723c751e8b465ee728b)
Start importing Assets/Mountain Terrain/Prefab/acacia1_2.prefab using Guid(7f3ed28755306714c8c5308e9f757276) Importer(815301076,1909f56bfc062723c751e8b465ee728b)  -> (artifact id: 'b493a577178fa3b91dfdca2ec6aeed34') in 0.262725 seconds 
========================================================================
Received Import Request.
  Time since last request: 0.000060 seconds.
  path: Assets/Mountain Terrain/Prefab/Terrain_01_low2.prefab
  artifactKey: Guid(c13335fbad29c4c459e2c93137e42312) Importer(815301076,1909f56bfc062723c751e8b465ee728b)
Start importing Assets/Mountain Terrain/Prefab/Terrain_01_low2.prefab using Guid(c13335fbad29c4c459e2c93137e42312) Importer(815301076,1909f56bfc062723c751e8b465ee728b)  -> (artifact id: '5012eb543efbfbbef4655087327e0bd9') in 0.008809 seconds 
========================================================================
Received Import Request.
  Time since last request: 35.789813 seconds.
  path: Assets/Mountain Terrain/stone_03/stone_3.mat
  artifactKey: Guid(13ea7ad49dfbacf47b47d7d326b5a40f) Importer(815301076,1909f56bfc062723c751e8b465ee728b)
Start importing Assets/Mountain Terrain/stone_03/stone_3.mat using Guid(13ea7ad49dfbacf47b47d7d326b5a40f) Importer(815301076,1909f56bfc062723c751e8b465ee728b)  -> (artifact id: '20eab8f1e3154e14ec0fc5fde61edff5') in 0.013605 seconds 
========================================================================
Received Import Request.
  Time since last request: 0.000040 seconds.
  path: Assets/Mountain Terrain/stone_03/Stone_03_low_DefaultMaterial_Normal.png
  artifactKey: Guid(a36c16f0d3904884f987362a2eb03643) Importer(815301076,1909f56bfc062723c751e8b465ee728b)
Start importing Assets/Mountain Terrain/stone_03/Stone_03_low_DefaultMaterial_Normal.png using Guid(a36c16f0d3904884f987362a2eb03643) Importer(815301076,1909f56bfc062723c751e8b465ee728b)  -> (artifact id: 'ce51ff788d2757bd0abc1ba0c13c5470') in 0.011839 seconds 
========================================================================
Received Import Request.
  Time since last request: 2.706671 seconds.
  path: Assets/Mountain Terrain/Texture/Ambient Occlusion Map from Mesh DefaultMaterial.png
  artifactKey: Guid(08788e3db420846499cfa804278f3486) Importer(815301076,1909f56bfc062723c751e8b465ee728b)
Start importing Assets/Mountain Terrain/Texture/Ambient Occlusion Map from Mesh DefaultMaterial.png using Guid(08788e3db420846499cfa804278f3486) Importer(815301076,1909f56bfc062723c751e8b465ee728b)  -> (artifact id: 'a0d5e887d15d8de21b8d7ad95f4a7c24') in 0.015302 seconds 
========================================================================
Received Import Request.
  Time since last request: 0.000059 seconds.
  path: Assets/Mountain Terrain/Texture/Terrain_01_low_DefaultMaterial_SpecularSmoothness.png
  artifactKey: Guid(b3596dc99feb977409e2e55db56ce3a9) Importer(815301076,1909f56bfc062723c751e8b465ee728b)
Start importing Assets/Mountain Terrain/Texture/Terrain_01_low_DefaultMaterial_SpecularSmoothness.png using Guid(b3596dc99feb977409e2e55db56ce3a9) Importer(815301076,1909f56bfc062723c751e8b465ee728b)  -> (artifact id: '363a8426e7008b4907da4c017e3fe3e0') in 0.007705 seconds 
========================================================================
Received Import Request.
  Time since last request: 1.337782 seconds.
  path: Assets/Mountain Terrain/Trees/tree.obj
  artifactKey: Guid(0240d8417b13dd648a4709b9169abdfe) Importer(815301076,1909f56bfc062723c751e8b465ee728b)
Start importing Assets/Mountain Terrain/Trees/tree.obj using Guid(0240d8417b13dd648a4709b9169abdfe) Importer(815301076,1909f56bfc062723c751e8b465ee728b)  -> (artifact id: 'af7967772df2b2180385963c1545ede8') in 0.030822 seconds 
========================================================================
Received Import Request.
  Time since last request: 2.564337 seconds.
  path: Assets/Mountain Terrain/Trees/materials/polySurface1Mat.mat
  artifactKey: Guid(4cc68f728df99a74e9798c823d97ccdb) Importer(815301076,1909f56bfc062723c751e8b465ee728b)
Start importing Assets/Mountain Terrain/Trees/materials/polySurface1Mat.mat using Guid(4cc68f728df99a74e9798c823d97ccdb) Importer(815301076,1909f56bfc062723c751e8b465ee728b)  -> (artifact id: '2b4db73b90a02877e26c9348c0dc01ad') in 0.010959 seconds 
========================================================================
Received Import Request.
  Time since last request: 0.000056 seconds.
  path: Assets/Mountain Terrain/Trees/materials/tree bark07.png
  artifactKey: Guid(c0061ff844a9b2947b2bbd88ff564bba) Importer(815301076,1909f56bfc062723c751e8b465ee728b)
Start importing Assets/Mountain Terrain/Trees/materials/tree bark07.png using Guid(c0061ff844a9b2947b2bbd88ff564bba) Importer(815301076,1909f56bfc062723c751e8b465ee728b)  -> (artifact id: '9b0bfa8ad2b819584ae1ef7072801b14') in 0.007192 seconds 
========================================================================
Received Import Request.
  Time since last request: 0.000060 seconds.
  path: Assets/Mountain Terrain/Trees/materials/tree bark07_n.png
  artifactKey: Guid(d5839c241788dcd4880baaa26516fda5) Importer(815301076,1909f56bfc062723c751e8b465ee728b)
Start importing Assets/Mountain Terrain/Trees/materials/tree bark07_n.png using Guid(d5839c241788dcd4880baaa26516fda5) Importer(815301076,1909f56bfc062723c751e8b465ee728b)  -> (artifact id: '4826b85934747adcdb4a4c293e7b8e70') in 0.008943 seconds 
========================================================================
Received Import Request.
  Time since last request: 0.000052 seconds.
  path: Assets/Mountain Terrain/Trees/materials/tree polySurface72Mat.mat
  artifactKey: Guid(9e04a5e1e116a9e4f84882272bd44114) Importer(815301076,1909f56bfc062723c751e8b465ee728b)
Start importing Assets/Mountain Terrain/Trees/materials/tree polySurface72Mat.mat using Guid(9e04a5e1e116a9e4f84882272bd44114) Importer(815301076,1909f56bfc062723c751e8b465ee728b)  -> (artifact id: 'f6b00b390656d633a27cd19ae57ff51b') in 0.005723 seconds 
========================================================================
Received Import Request.
  Time since last request: 0.000049 seconds.
  path: Assets/Mountain Terrain/Trees/materials/tree polySurface1Mat.mat
  artifactKey: Guid(e154af65a99795f47ba7cec0f43007d8) Importer(815301076,1909f56bfc062723c751e8b465ee728b)
Start importing Assets/Mountain Terrain/Trees/materials/tree polySurface1Mat.mat using Guid(e154af65a99795f47ba7cec0f43007d8) Importer(815301076,1909f56bfc062723c751e8b465ee728b)  -> (artifact id: '09cc182bd796f77bd882f5155e50295b') in 0.005311 seconds 
========================================================================
Received Import Request.
  Time since last request: 14.298654 seconds.
  path: Assets/Mountain Terrain/Sample scene.unity
  artifactKey: Guid(3a500c36c9c09294f880ade735d8adbf) Importer(815301076,1909f56bfc062723c751e8b465ee728b)
Start importing Assets/Mountain Terrain/Sample scene.unity using Guid(3a500c36c9c09294f880ade735d8adbf) Importer(815301076,1909f56bfc062723c751e8b465ee728b)  -> (artifact id: '7ab44d64bdb35380b8048a530c4eb500') in 0.002262 seconds 
========================================================================
Received Import Request.
  Time since last request: 4.455887 seconds.
  path: Assets/Mountain Terrain/stone_03
  artifactKey: Guid(4b81ffc0d62ad27469f3210d362909d1) Importer(815301076,1909f56bfc062723c751e8b465ee728b)
Start importing Assets/Mountain Terrain/stone_03 using Guid(4b81ffc0d62ad27469f3210d362909d1) Importer(815301076,1909f56bfc062723c751e8b465ee728b)  -> (artifact id: '8f562e8df2910f7c40871cb39ae724af') in 0.001718 seconds 
========================================================================
Received Import Request.
  Time since last request: 1.085242 seconds.
  path: Assets/Mountain Terrain/Trees
  artifactKey: Guid(fa1056090e5bdc34cbaea52ca064189a) Importer(815301076,1909f56bfc062723c751e8b465ee728b)
Start importing Assets/Mountain Terrain/Trees using Guid(fa1056090e5bdc34cbaea52ca064189a) Importer(815301076,1909f56bfc062723c751e8b465ee728b)  -> (artifact id: '7e3495fde1d175b33b13c72753d726ae') in 0.001306 seconds 
========================================================================
Received Import Request.
  Time since last request: 476.725737 seconds.
  path: Assets/RTP Vol.1/Materials
  artifactKey: Guid(ceb15f2db4e304a7da3f1511fb968c7c) Importer(815301076,1909f56bfc062723c751e8b465ee728b)
Start importing Assets/RTP Vol.1/Materials using Guid(ceb15f2db4e304a7da3f1511fb968c7c) Importer(815301076,1909f56bfc062723c751e8b465ee728b)  -> (artifact id: '7f8fa9eb2fe3bdce3ed90b604e5dbe99') in 0.000780 seconds 
========================================================================
Received Import Request.
  Time since last request: 0.059823 seconds.
  path: Assets/RTP Vol.1/Materials/Material_001.mat
  artifactKey: Guid(db05dcd6e1ea75c40aa704e4f7317add) Importer(815301076,1909f56bfc062723c751e8b465ee728b)
Start importing Assets/RTP Vol.1/Materials/Material_001.mat using Guid(db05dcd6e1ea75c40aa704e4f7317add) Importer(815301076,1909f56bfc062723c751e8b465ee728b)  -> (artifact id: '6a89b852ef0f3399eef0f29190c904a8') in 0.160640 seconds 
========================================================================
Received Import Request.
  Time since last request: 0.000054 seconds.
  path: Assets/RTP Vol.1/Materials/tree2_leaf.mat
  artifactKey: Guid(6c6a9e6baf27ada40b9834c30f5c397d) Importer(815301076,1909f56bfc062723c751e8b465ee728b)
Start importing Assets/RTP Vol.1/Materials/tree2_leaf.mat using Guid(6c6a9e6baf27ada40b9834c30f5c397d) Importer(815301076,1909f56bfc062723c751e8b465ee728b)  -> (artifact id: '8b9a542f78180d02345f1b89638602c6') in 0.155955 seconds 
========================================================================
Received Import Request.
  Time since last request: 0.000041 seconds.
  path: Assets/RTP Vol.1/Materials/tree1 leaf.png
  artifactKey: Guid(83332f47b2c28a04cb5f56693799891d) Importer(815301076,1909f56bfc062723c751e8b465ee728b)
Start importing Assets/RTP Vol.1/Materials/tree1 leaf.png using Guid(83332f47b2c28a04cb5f56693799891d) Importer(815301076,1909f56bfc062723c751e8b465ee728b)  -> (artifact id: '320a0de206d0cadba1ce8728ef3be278') in 0.005283 seconds 
========================================================================
Received Import Request.
  Time since last request: 0.000040 seconds.
  path: Assets/RTP Vol.1/Materials/tree1 leaf N.png
  artifactKey: Guid(28e8ed6d5433d994e93275010f42ae43) Importer(815301076,1909f56bfc062723c751e8b465ee728b)
Start importing Assets/RTP Vol.1/Materials/tree1 leaf N.png using Guid(28e8ed6d5433d994e93275010f42ae43) Importer(815301076,1909f56bfc062723c751e8b465ee728b)  -> (artifact id: '24e85d19cc2fba64c1c32a7d783f9249') in 0.010335 seconds 
========================================================================
Received Import Request.
  Time since last request: 0.000054 seconds.
  path: Assets/RTP Vol.1/Materials/tree1 bark.png
  artifactKey: Guid(c9ad8df91c3559c4c8f2ab57e091f8fc) Importer(815301076,1909f56bfc062723c751e8b465ee728b)
Start importing Assets/RTP Vol.1/Materials/tree1 bark.png using Guid(c9ad8df91c3559c4c8f2ab57e091f8fc) Importer(815301076,1909f56bfc062723c751e8b465ee728b)  -> (artifact id: 'd3665ad0e6a5f567d52888b5e15ac9ce') in 0.004686 seconds 
========================================================================
Received Import Request.
  Time since last request: 0.000035 seconds.
  path: Assets/RTP Vol.1/Materials/tree1 bark N.png
  artifactKey: Guid(7384dc28a365db54b805e4561d27827d) Importer(815301076,1909f56bfc062723c751e8b465ee728b)
Start importing Assets/RTP Vol.1/Materials/tree1 bark N.png using Guid(7384dc28a365db54b805e4561d27827d) Importer(815301076,1909f56bfc062723c751e8b465ee728b)  -> (artifact id: '07853ca7bac5b98a30ec2cb2bb2ceed1') in 0.005640 seconds 
========================================================================
Received Import Request.
  Time since last request: 2.167020 seconds.
  path: Assets/RTP Vol.1/models/tree1a.fbx
  artifactKey: Guid(d14ac8ebf2fabb944bc910d23bd33f8e) Importer(815301076,1909f56bfc062723c751e8b465ee728b)
Start importing Assets/RTP Vol.1/models/tree1a.fbx using Guid(d14ac8ebf2fabb944bc910d23bd33f8e) Importer(815301076,1909f56bfc062723c751e8b465ee728b)  -> (artifact id: 'f653d0ff72ebd88e9602f4ecede687f7') in 0.042237 seconds 
========================================================================
Received Import Request.
  Time since last request: 144.447385 seconds.
  path: Assets/RTP Vol.1/prefabs/tree1a pre.prefab
  artifactKey: Guid(ee6765da7db992e42a63c23f4e2c42e0) Importer(815301076,1909f56bfc062723c751e8b465ee728b)
Start importing Assets/RTP Vol.1/prefabs/tree1a pre.prefab using Guid(ee6765da7db992e42a63c23f4e2c42e0) Importer(815301076,1909f56bfc062723c751e8b465ee728b)  -> (artifact id: '3c03429fc1d5cc85a58a77be37812e80') in 0.012366 seconds 
